<testsuites id="" name="" tests="70" failures="3" skipped="0" errors="0" time="79.44870000000002">
<testsuite name="basic_flow.spec.js" timestamp="2026-01-30T19:18:23.362Z" hostname="chromium" tests="1" failures="0" skipped="0" time="9.487" errors="0">
<testcase name="basic game flow" classname="basic_flow.spec.js" time="9.487">
</testcase>
</testsuite>
<testsuite name="disconnected.spec.js" timestamp="2026-01-30T19:18:23.362Z" hostname="chromium" tests="1" failures="0" skipped="0" time="1.805" errors="0">
<testcase name="disconnected player overlay in players menu" classname="disconnected.spec.js" time="1.805">
</testcase>
</testsuite>
<testsuite name="home.spec.js" timestamp="2026-01-30T19:18:23.362Z" hostname="chromium" tests="9" failures="1" skipped="0" time="12.364" errors="0">
<testcase name="should show error toast when username is empty" classname="home.spec.js" time="0.743">
</testcase>
<testcase name="should show error toast when username is only whitespace" classname="home.spec.js" time="0.691">
</testcase>
<testcase name="should allow joining game with valid username" classname="home.spec.js" time="0.645">
</testcase>
<testcase name="should trim whitespace from username when joining" classname="home.spec.js" time="0.631">
</testcase>
<testcase name="should show search dropdown when typing game name" classname="home.spec.js" time="0.802">
</testcase>
<testcase name="should populate input when clicking search result" classname="home.spec.js" time="5.749">
<failure message="home.spec.js:150:1 should populate input when clicking search result" type="FAILURE">
<![CDATA[  [chromium] › home.spec.js:150:1 › should populate input when clicking search result ──────────────

    Error: expect(locator).not.toBeVisible() failed

    Locator:  locator('[data-testid="search-dropdown"]')
    Expected: not visible
    Received: visible
    Timeout:  5000ms

    Call log:
      - Expect "not toBeVisible" with timeout 5000ms
      - waiting for locator('[data-testid="search-dropdown"]')
        9 × locator resolved to <div data-testid="search-dropdown" class="_search-dropdown_xzkij_97">…</div>
          - unexpected value "visible"


      173 |
      174 |     // Verify dropdown is closed
    > 175 |     await expect(dropdown).not.toBeVisible();
          |                                ^
      176 |
      177 |     await screenshot(page, "search-result-clicked");
      178 |   } finally {
        at /home/runner/work/heroes-of-talisman/heroes-of-talisman/e2e/home.spec.js:175:32

    Error Context: ../test-results/home-should-populate-input-when-clicking-search-result-chromium/error-context.md
]]>
</failure>
<system-out>
<![CDATA[
[[ATTACHMENT|../test-results/home-should-populate-input-when-clicking-search-result-chromium/error-context.md]]
]]>
</system-out>
</testcase>
<testcase name="should show load more button when more results available" classname="home.spec.js" time="0.918">
</testcase>
<testcase name="should show no results message when no games match" classname="home.spec.js" time="0.792">
</testcase>
<testcase name="should reset search when query changes" classname="home.spec.js" time="1.393">
</testcase>
</testsuite>
<testsuite name="minimum_players.spec.js" timestamp="2026-01-30T19:18:23.362Z" hostname="chromium" tests="2" failures="0" skipped="0" time="1.006" errors="0">
<testcase name="minimum player overlay appears with single player" classname="minimum_players.spec.js" time="0.469">
</testcase>
<testcase name="minimum player overlay not present with two players" classname="minimum_players.spec.js" time="0.537">
</testcase>
</testsuite>
<testsuite name="players_menu.spec.js" timestamp="2026-01-30T19:18:23.362Z" hostname="chromium" tests="1" failures="0" skipped="0" time="1.67" errors="0">
<testcase name="players menu minified by default with global toggle" classname="players_menu.spec.js" time="1.67">
</testcase>
</testsuite>
<testsuite name="shared_area.spec.js" timestamp="2026-01-30T19:18:23.362Z" hostname="chromium" tests="2" failures="0" skipped="0" time="2.523" errors="0">
<testcase name="shared area dynamic alignment - character selection stage" classname="shared_area.spec.js" time="1.246">
</testcase>
<testcase name="shared area dynamic alignment - opponent selection stage" classname="shared_area.spec.js" time="1.277">
</testcase>
</testsuite>
<testsuite name="stage_ability_selection.spec.js" timestamp="2026-01-30T19:18:23.362Z" hostname="chromium" tests="3" failures="0" skipped="0" time="2.955" errors="0">
<testcase name="ability_selection stage - knight (BATTLE_HOWL) skips to opponent_selection" classname="stage_ability_selection.spec.js" time="0.912">
</testcase>
<testcase name="ability_selection stage - archer (BOUNCING_ARROW) skips to opponent_selection" classname="stage_ability_selection.spec.js" time="0.996">
</testcase>
<testcase name="ability_selection stage - mage (FREEZE) goes to ability_opponent_selection" classname="stage_ability_selection.spec.js" time="1.047">
</testcase>
</testsuite>
<testsuite name="stage_battle.spec.js" timestamp="2026-01-30T19:18:23.362Z" hostname="chromium" tests="5" failures="0" skipped="0" time="14.876" errors="0">
<testcase name="battle stage - player 1 wins" classname="stage_battle.spec.js" time="2.949">
</testcase>
<testcase name="battle stage - player 2 wins" classname="stage_battle.spec.js" time="2.872">
</testcase>
<testcase name="battle stage - draw with reroll" classname="stage_battle.spec.js" time="3.008">
</testcase>
<testcase name="battle stage - reroll effect after loss" classname="stage_battle.spec.js" time="3.09">
</testcase>
<testcase name="battle stage - draw with attack bonus effect" classname="stage_battle.spec.js" time="2.957">
</testcase>
</testsuite>
<testsuite name="stage_card_draw.spec.js" timestamp="2026-01-30T19:18:23.362Z" hostname="chromium" tests="4" failures="0" skipped="0" time="4.236" errors="0">
<testcase name="card_draw stage - knight draws metal_armor successfully" classname="stage_card_draw.spec.js" time="0.985">
</testcase>
<testcase name="card_draw stage - archer draws sacred_sword (restricted)" classname="stage_card_draw.spec.js" time="0.918">
</testcase>
<testcase name="card_draw stage - knight draws golden_apple and heals" classname="stage_card_draw.spec.js" time="1.162">
</testcase>
<testcase name="card_draw stage - knight at max health draws golden_apple (no overheal)" classname="stage_card_draw.spec.js" time="1.171">
</testcase>
</testsuite>
<testsuite name="stage_charachter_select.spec.js" timestamp="2026-01-30T19:18:23.362Z" hostname="chromium" tests="7" failures="0" skipped="0" time="6.214" errors="0">
<testcase name="character_select stage - knight not alive" classname="stage_charachter_select.spec.js" time="0.864">
</testcase>
<testcase name="character_select stage - mage not alive" classname="stage_charachter_select.spec.js" time="0.824">
</testcase>
<testcase name="character_select stage - archer not alive" classname="stage_charachter_select.spec.js" time="0.828">
</testcase>
<testcase name="character_select stage - knight has skip_turn effect" classname="stage_charachter_select.spec.js" time="0.852">
</testcase>
<testcase name="character_select stage - skip_turn effect removed after character selection" classname="stage_charachter_select.spec.js" time="0.743">
</testcase>
<testcase name="character_select stage - no character available shows Skip Turn button" classname="stage_charachter_select.spec.js" time="0.965">
</testcase>
<testcase name="character_select stage - Skip Turn button passes turn to next player" classname="stage_charachter_select.spec.js" time="1.138">
</testcase>
</testsuite>
<testsuite name="basic_flow.spec.js" timestamp="2026-01-30T19:18:23.362Z" hostname="mobile-landscape" tests="1" failures="0" skipped="0" time="11.411" errors="0">
<testcase name="basic game flow" classname="basic_flow.spec.js" time="11.411">
</testcase>
</testsuite>
<testsuite name="disconnected.spec.js" timestamp="2026-01-30T19:18:23.362Z" hostname="mobile-landscape" tests="1" failures="0" skipped="0" time="1.802" errors="0">
<testcase name="disconnected player overlay in players menu" classname="disconnected.spec.js" time="1.802">
</testcase>
</testsuite>
<testsuite name="home.spec.js" timestamp="2026-01-30T19:18:23.362Z" hostname="mobile-landscape" tests="9" failures="1" skipped="0" time="14.645" errors="0">
<testcase name="should show error toast when username is empty" classname="home.spec.js" time="1.251">
</testcase>
<testcase name="should show error toast when username is only whitespace" classname="home.spec.js" time="1.198">
</testcase>
<testcase name="should allow joining game with valid username" classname="home.spec.js" time="0.93">
</testcase>
<testcase name="should trim whitespace from username when joining" classname="home.spec.js" time="0.886">
</testcase>
<testcase name="should show search dropdown when typing game name" classname="home.spec.js" time="1.114">
</testcase>
<testcase name="should populate input when clicking search result" classname="home.spec.js" time="5.692">
<failure message="home.spec.js:150:1 should populate input when clicking search result" type="FAILURE">
<![CDATA[  [mobile-landscape] › home.spec.js:150:1 › should populate input when clicking search result ──────

    Error: expect(locator).not.toBeVisible() failed

    Locator:  locator('[data-testid="search-dropdown"]')
    Expected: not visible
    Received: visible
    Timeout:  5000ms

    Call log:
      - Expect "not toBeVisible" with timeout 5000ms
      - waiting for locator('[data-testid="search-dropdown"]')
        9 × locator resolved to <div data-testid="search-dropdown" class="_search-dropdown_xzkij_97">…</div>
          - unexpected value "visible"


      173 |
      174 |     // Verify dropdown is closed
    > 175 |     await expect(dropdown).not.toBeVisible();
          |                                ^
      176 |
      177 |     await screenshot(page, "search-result-clicked");
      178 |   } finally {
        at /home/runner/work/heroes-of-talisman/heroes-of-talisman/e2e/home.spec.js:175:32

    Error Context: ../test-results/home-should-populate-input-when-clicking-search-result-mobile-landscape/error-context.md
]]>
</failure>
<system-out>
<![CDATA[
[[ATTACHMENT|../test-results/home-should-populate-input-when-clicking-search-result-mobile-landscape/error-context.md]]
]]>
</system-out>
</testcase>
<testcase name="should show load more button when more results available" classname="home.spec.js" time="0.967">
</testcase>
<testcase name="should show no results message when no games match" classname="home.spec.js" time="1.035">
</testcase>
<testcase name="should reset search when query changes" classname="home.spec.js" time="1.572">
</testcase>
</testsuite>
<testsuite name="minimum_players.spec.js" timestamp="2026-01-30T19:18:23.362Z" hostname="mobile-landscape" tests="2" failures="0" skipped="0" time="1.075" errors="0">
<testcase name="minimum player overlay appears with single player" classname="minimum_players.spec.js" time="0.541">
</testcase>
<testcase name="minimum player overlay not present with two players" classname="minimum_players.spec.js" time="0.534">
</testcase>
</testsuite>
<testsuite name="players_menu.spec.js" timestamp="2026-01-30T19:18:23.362Z" hostname="mobile-landscape" tests="1" failures="1" skipped="0" time="30.035" errors="0">
<testcase name="players menu minified by default with global toggle" classname="players_menu.spec.js" time="30.035">
<failure message="players_menu.spec.js:3:1 players menu minified by default with global toggle" type="FAILURE">
<![CDATA[  [mobile-landscape] › players_menu.spec.js:3:1 › players menu minified by default with global toggle 

    Test timeout of 30000ms exceeded.

    Error: locator.click: Test timeout of 30000ms exceeded.
    Call log:
      - waiting for locator('[class*="players-header"]').getByRole('button', { name: /minimize|expand/i })
        - locator resolved to <button class="_toggle-button_ngrxx_98" aria-label="Expand all players">+</button>
      - attempting click action
        2 × waiting for element to be visible, enabled and stable
          - element is visible, enabled and stable
          - scrolling into view if needed
          - done scrolling
          - <div tabindex="-1" class="Toastify__toast-container Toastify__toast-container--top-right Toastify__toast-container--rtl">…</div> from <section class="Toastify" aria-live="polite" aria-atomic="false" aria-relevant="additions text" aria-label="Notifications Alt+T">…</section> subtree intercepts pointer events
        - retrying click action
        - waiting 20ms
        2 × waiting for element to be visible, enabled and stable
          - element is visible, enabled and stable
          - scrolling into view if needed
          - done scrolling
          - <div tabindex="-1" class="Toastify__toast-container Toastify__toast-container--top-right Toastify__toast-container--rtl">…</div> from <section class="Toastify" aria-live="polite" aria-atomic="false" aria-relevant="additions text" aria-label="Notifications Alt+T">…</section> subtree intercepts pointer events
        - retrying click action
          - waiting 100ms
        57 × waiting for element to be visible, enabled and stable
           - element is visible, enabled and stable
           - scrolling into view if needed
           - done scrolling
           - <div tabindex="-1" class="Toastify__toast-container Toastify__toast-container--top-right Toastify__toast-container--rtl">…</div> from <section class="Toastify" aria-live="polite" aria-atomic="false" aria-relevant="additions text" aria-label="Notifications Alt+T">…</section> subtree intercepts pointer events
         - retrying click action
           - waiting 500ms


      39 |
      40 |   // Click toggle button to expand all players
    > 41 |   await toggleButton.click();
         |                      ^
      42 |
      43 |   // Verify expanded state
      44 |   await expect(toggleButton).toHaveText("−");
        at /home/runner/work/heroes-of-talisman/heroes-of-talisman/e2e/players_menu.spec.js:41:22

    attachment #1: player-connection-message (text/plain) ──────────────────────────────────────────
    התחברת למשחק
    ────────────────────────────────────────────────────────────────────────────────────────────────

    Error Context: ../test-results/players_menu-players-menu--5dd88--default-with-global-toggle-mobile-landscape/error-context.md
]]>
</failure>
<system-out>
<![CDATA[
[[ATTACHMENT|../test-results/players_menu-players-menu--5dd88--default-with-global-toggle-mobile-landscape/error-context.md]]
]]>
</system-out>
</testcase>
</testsuite>
<testsuite name="shared_area.spec.js" timestamp="2026-01-30T19:18:23.362Z" hostname="mobile-landscape" tests="2" failures="0" skipped="0" time="3.364" errors="0">
<testcase name="shared area dynamic alignment - character selection stage" classname="shared_area.spec.js" time="1.696">
</testcase>
<testcase name="shared area dynamic alignment - opponent selection stage" classname="shared_area.spec.js" time="1.668">
</testcase>
</testsuite>
<testsuite name="stage_ability_selection.spec.js" timestamp="2026-01-30T19:18:23.362Z" hostname="mobile-landscape" tests="3" failures="0" skipped="0" time="2.535" errors="0">
<testcase name="ability_selection stage - knight (BATTLE_HOWL) skips to opponent_selection" classname="stage_ability_selection.spec.js" time="0.847">
</testcase>
<testcase name="ability_selection stage - archer (BOUNCING_ARROW) skips to opponent_selection" classname="stage_ability_selection.spec.js" time="0.852">
</testcase>
<testcase name="ability_selection stage - mage (FREEZE) goes to ability_opponent_selection" classname="stage_ability_selection.spec.js" time="0.836">
</testcase>
</testsuite>
<testsuite name="stage_battle.spec.js" timestamp="2026-01-30T19:18:23.362Z" hostname="mobile-landscape" tests="5" failures="0" skipped="0" time="13.309" errors="0">
<testcase name="battle stage - player 1 wins" classname="stage_battle.spec.js" time="2.631">
</testcase>
<testcase name="battle stage - player 2 wins" classname="stage_battle.spec.js" time="2.659">
</testcase>
<testcase name="battle stage - draw with reroll" classname="stage_battle.spec.js" time="2.587">
</testcase>
<testcase name="battle stage - reroll effect after loss" classname="stage_battle.spec.js" time="2.735">
</testcase>
<testcase name="battle stage - draw with attack bonus effect" classname="stage_battle.spec.js" time="2.697">
</testcase>
</testsuite>
<testsuite name="stage_card_draw.spec.js" timestamp="2026-01-30T19:18:23.362Z" hostname="mobile-landscape" tests="4" failures="0" skipped="0" time="3.913" errors="0">
<testcase name="card_draw stage - knight draws metal_armor successfully" classname="stage_card_draw.spec.js" time="0.933">
</testcase>
<testcase name="card_draw stage - archer draws sacred_sword (restricted)" classname="stage_card_draw.spec.js" time="0.954">
</testcase>
<testcase name="card_draw stage - knight draws golden_apple and heals" classname="stage_card_draw.spec.js" time="1.013">
</testcase>
<testcase name="card_draw stage - knight at max health draws golden_apple (no overheal)" classname="stage_card_draw.spec.js" time="1.013">
</testcase>
</testsuite>
<testsuite name="stage_charachter_select.spec.js" timestamp="2026-01-30T19:18:23.362Z" hostname="mobile-landscape" tests="7" failures="0" skipped="0" time="5.843" errors="0">
<testcase name="character_select stage - knight not alive" classname="stage_charachter_select.spec.js" time="0.803">
</testcase>
<testcase name="character_select stage - mage not alive" classname="stage_charachter_select.spec.js" time="0.789">
</testcase>
<testcase name="character_select stage - archer not alive" classname="stage_charachter_select.spec.js" time="0.805">
</testcase>
<testcase name="character_select stage - knight has skip_turn effect" classname="stage_charachter_select.spec.js" time="0.786">
</testcase>
<testcase name="character_select stage - skip_turn effect removed after character selection" classname="stage_charachter_select.spec.js" time="0.687">
</testcase>
<testcase name="character_select stage - no character available shows Skip Turn button" classname="stage_charachter_select.spec.js" time="0.859">
</testcase>
<testcase name="character_select stage - Skip Turn button passes turn to next player" classname="stage_charachter_select.spec.js" time="1.114">
</testcase>
</testsuite>
</testsuites>