<testsuites id="" name="" tests="70" failures="2" skipped="0" errors="0" time="71.989277">
<testsuite name="basic_flow.spec.js" timestamp="2026-01-30T19:03:25.837Z" hostname="chromium" tests="1" failures="0" skipped="0" time="10.023" errors="0">
<testcase name="basic game flow" classname="basic_flow.spec.js" time="10.023">
</testcase>
</testsuite>
<testsuite name="disconnected.spec.js" timestamp="2026-01-30T19:03:25.837Z" hostname="chromium" tests="1" failures="0" skipped="0" time="1.933" errors="0">
<testcase name="disconnected player overlay in players menu" classname="disconnected.spec.js" time="1.933">
</testcase>
</testsuite>
<testsuite name="home.spec.js" timestamp="2026-01-30T19:03:25.837Z" hostname="chromium" tests="9" failures="1" skipped="0" time="13.125" errors="0">
<testcase name="should show error toast when username is empty" classname="home.spec.js" time="0.808">
</testcase>
<testcase name="should show error toast when username is only whitespace" classname="home.spec.js" time="0.818">
</testcase>
<testcase name="should allow joining game with valid username" classname="home.spec.js" time="0.704">
</testcase>
<testcase name="should trim whitespace from username when joining" classname="home.spec.js" time="0.683">
</testcase>
<testcase name="should show search dropdown when typing game name" classname="home.spec.js" time="0.845">
</testcase>
<testcase name="should populate input when clicking search result" classname="home.spec.js" time="5.763">
<failure message="home.spec.js:150:1 should populate input when clicking search result" type="FAILURE">
<![CDATA[  [chromium] › home.spec.js:150:1 › should populate input when clicking search result ──────────────

    Error: expect(locator).not.toBeVisible() failed

    Locator:  locator('[data-testid="search-dropdown"]')
    Expected: not visible
    Received: visible
    Timeout:  5000ms

    Call log:
      - Expect "not toBeVisible" with timeout 5000ms
      - waiting for locator('[data-testid="search-dropdown"]')
        9 × locator resolved to <div data-testid="search-dropdown" class="_search-dropdown_xzkij_97">…</div>
          - unexpected value "visible"


      173 |
      174 |     // Verify dropdown is closed
    > 175 |     await expect(dropdown).not.toBeVisible();
          |                                ^
      176 |
      177 |     await screenshot(page, "search-result-clicked");
      178 |   } finally {
        at /home/runner/work/heroes-of-talisman/heroes-of-talisman/e2e/home.spec.js:175:32

    Error Context: ../test-results/home-should-populate-input-when-clicking-search-result-chromium/error-context.md
]]>
</failure>
<system-out>
<![CDATA[
[[ATTACHMENT|../test-results/home-should-populate-input-when-clicking-search-result-chromium/error-context.md]]
]]>
</system-out>
</testcase>
<testcase name="should show load more button when more results available" classname="home.spec.js" time="1.091">
</testcase>
<testcase name="should show no results message when no games match" classname="home.spec.js" time="0.806">
</testcase>
<testcase name="should reset search when query changes" classname="home.spec.js" time="1.607">
</testcase>
</testsuite>
<testsuite name="minimum_players.spec.js" timestamp="2026-01-30T19:03:25.837Z" hostname="chromium" tests="2" failures="0" skipped="0" time="1.063" errors="0">
<testcase name="minimum player overlay appears with single player" classname="minimum_players.spec.js" time="0.505">
</testcase>
<testcase name="minimum player overlay not present with two players" classname="minimum_players.spec.js" time="0.558">
</testcase>
</testsuite>
<testsuite name="players_menu.spec.js" timestamp="2026-01-30T19:03:25.837Z" hostname="chromium" tests="1" failures="0" skipped="0" time="1.676" errors="0">
<testcase name="players menu minified by default with global toggle" classname="players_menu.spec.js" time="1.676">
</testcase>
</testsuite>
<testsuite name="shared_area.spec.js" timestamp="2026-01-30T19:03:25.837Z" hostname="chromium" tests="2" failures="0" skipped="0" time="2.533" errors="0">
<testcase name="shared area dynamic alignment - character selection stage" classname="shared_area.spec.js" time="1.303">
</testcase>
<testcase name="shared area dynamic alignment - opponent selection stage" classname="shared_area.spec.js" time="1.23">
</testcase>
</testsuite>
<testsuite name="stage_ability_selection.spec.js" timestamp="2026-01-30T19:03:25.837Z" hostname="chromium" tests="3" failures="0" skipped="0" time="3.468" errors="0">
<testcase name="ability_selection stage - knight (BATTLE_HOWL) skips to opponent_selection" classname="stage_ability_selection.spec.js" time="0.979">
</testcase>
<testcase name="ability_selection stage - archer (BOUNCING_ARROW) skips to opponent_selection" classname="stage_ability_selection.spec.js" time="1.042">
</testcase>
<testcase name="ability_selection stage - mage (FREEZE) goes to ability_opponent_selection" classname="stage_ability_selection.spec.js" time="1.447">
</testcase>
</testsuite>
<testsuite name="stage_battle.spec.js" timestamp="2026-01-30T19:03:25.837Z" hostname="chromium" tests="5" failures="0" skipped="0" time="15.506" errors="0">
<testcase name="battle stage - player 1 wins" classname="stage_battle.spec.js" time="3.378">
</testcase>
<testcase name="battle stage - player 2 wins" classname="stage_battle.spec.js" time="3.119">
</testcase>
<testcase name="battle stage - draw with reroll" classname="stage_battle.spec.js" time="2.814">
</testcase>
<testcase name="battle stage - reroll effect after loss" classname="stage_battle.spec.js" time="2.997">
</testcase>
<testcase name="battle stage - draw with attack bonus effect" classname="stage_battle.spec.js" time="3.198">
</testcase>
</testsuite>
<testsuite name="stage_card_draw.spec.js" timestamp="2026-01-30T19:03:25.837Z" hostname="chromium" tests="4" failures="0" skipped="0" time="4.617" errors="0">
<testcase name="card_draw stage - knight draws metal_armor successfully" classname="stage_card_draw.spec.js" time="1.081">
</testcase>
<testcase name="card_draw stage - archer draws sacred_sword (restricted)" classname="stage_card_draw.spec.js" time="0.978">
</testcase>
<testcase name="card_draw stage - knight draws golden_apple and heals" classname="stage_card_draw.spec.js" time="1.263">
</testcase>
<testcase name="card_draw stage - knight at max health draws golden_apple (no overheal)" classname="stage_card_draw.spec.js" time="1.295">
</testcase>
</testsuite>
<testsuite name="stage_charachter_select.spec.js" timestamp="2026-01-30T19:03:25.837Z" hostname="chromium" tests="7" failures="0" skipped="0" time="6.577" errors="0">
<testcase name="character_select stage - knight not alive" classname="stage_charachter_select.spec.js" time="0.98">
</testcase>
<testcase name="character_select stage - mage not alive" classname="stage_charachter_select.spec.js" time="0.849">
</testcase>
<testcase name="character_select stage - archer not alive" classname="stage_charachter_select.spec.js" time="0.885">
</testcase>
<testcase name="character_select stage - knight has skip_turn effect" classname="stage_charachter_select.spec.js" time="0.909">
</testcase>
<testcase name="character_select stage - skip_turn effect removed after character selection" classname="stage_charachter_select.spec.js" time="0.804">
</testcase>
<testcase name="character_select stage - no character available shows Skip Turn button" classname="stage_charachter_select.spec.js" time="1.025">
</testcase>
<testcase name="character_select stage - Skip Turn button passes turn to next player" classname="stage_charachter_select.spec.js" time="1.125">
</testcase>
</testsuite>
<testsuite name="basic_flow.spec.js" timestamp="2026-01-30T19:03:25.837Z" hostname="mobile-landscape" tests="1" failures="0" skipped="0" time="11.943" errors="0">
<testcase name="basic game flow" classname="basic_flow.spec.js" time="11.943">
</testcase>
</testsuite>
<testsuite name="disconnected.spec.js" timestamp="2026-01-30T19:03:25.837Z" hostname="mobile-landscape" tests="1" failures="0" skipped="0" time="1.946" errors="0">
<testcase name="disconnected player overlay in players menu" classname="disconnected.spec.js" time="1.946">
</testcase>
</testsuite>
<testsuite name="home.spec.js" timestamp="2026-01-30T19:03:25.837Z" hostname="mobile-landscape" tests="9" failures="1" skipped="0" time="16.309" errors="0">
<testcase name="should show error toast when username is empty" classname="home.spec.js" time="1.33">
</testcase>
<testcase name="should show error toast when username is only whitespace" classname="home.spec.js" time="1.296">
</testcase>
<testcase name="should allow joining game with valid username" classname="home.spec.js" time="0.996">
</testcase>
<testcase name="should trim whitespace from username when joining" classname="home.spec.js" time="1.033">
</testcase>
<testcase name="should show search dropdown when typing game name" classname="home.spec.js" time="1.132">
</testcase>
<testcase name="should populate input when clicking search result" classname="home.spec.js" time="5.676">
<failure message="home.spec.js:150:1 should populate input when clicking search result" type="FAILURE">
<![CDATA[  [mobile-landscape] › home.spec.js:150:1 › should populate input when clicking search result ──────

    Error: expect(locator).not.toBeVisible() failed

    Locator:  locator('[data-testid="search-dropdown"]')
    Expected: not visible
    Received: visible
    Timeout:  5000ms

    Call log:
      - Expect "not toBeVisible" with timeout 5000ms
      - waiting for locator('[data-testid="search-dropdown"]')
        9 × locator resolved to <div data-testid="search-dropdown" class="_search-dropdown_xzkij_97">…</div>
          - unexpected value "visible"


      173 |
      174 |     // Verify dropdown is closed
    > 175 |     await expect(dropdown).not.toBeVisible();
          |                                ^
      176 |
      177 |     await screenshot(page, "search-result-clicked");
      178 |   } finally {
        at /home/runner/work/heroes-of-talisman/heroes-of-talisman/e2e/home.spec.js:175:32

    Error Context: ../test-results/home-should-populate-input-when-clicking-search-result-mobile-landscape/error-context.md
]]>
</failure>
<system-out>
<![CDATA[
[[ATTACHMENT|../test-results/home-should-populate-input-when-clicking-search-result-mobile-landscape/error-context.md]]
]]>
</system-out>
</testcase>
<testcase name="should show load more button when more results available" classname="home.spec.js" time="1.455">
</testcase>
<testcase name="should show no results message when no games match" classname="home.spec.js" time="1.1">
</testcase>
<testcase name="should reset search when query changes" classname="home.spec.js" time="2.291">
</testcase>
</testsuite>
<testsuite name="minimum_players.spec.js" timestamp="2026-01-30T19:03:25.837Z" hostname="mobile-landscape" tests="2" failures="0" skipped="0" time="1.18" errors="0">
<testcase name="minimum player overlay appears with single player" classname="minimum_players.spec.js" time="0.56">
</testcase>
<testcase name="minimum player overlay not present with two players" classname="minimum_players.spec.js" time="0.62">
</testcase>
</testsuite>
<testsuite name="players_menu.spec.js" timestamp="2026-01-30T19:03:25.837Z" hostname="mobile-landscape" tests="1" failures="0" skipped="0" time="2.004" errors="0">
<testcase name="players menu minified by default with global toggle" classname="players_menu.spec.js" time="2.004">
</testcase>
</testsuite>
<testsuite name="shared_area.spec.js" timestamp="2026-01-30T19:03:25.837Z" hostname="mobile-landscape" tests="2" failures="0" skipped="0" time="3.807" errors="0">
<testcase name="shared area dynamic alignment - character selection stage" classname="shared_area.spec.js" time="1.853">
</testcase>
<testcase name="shared area dynamic alignment - opponent selection stage" classname="shared_area.spec.js" time="1.954">
</testcase>
</testsuite>
<testsuite name="stage_ability_selection.spec.js" timestamp="2026-01-30T19:03:25.837Z" hostname="mobile-landscape" tests="3" failures="0" skipped="0" time="3.411" errors="0">
<testcase name="ability_selection stage - knight (BATTLE_HOWL) skips to opponent_selection" classname="stage_ability_selection.spec.js" time="1.115">
</testcase>
<testcase name="ability_selection stage - archer (BOUNCING_ARROW) skips to opponent_selection" classname="stage_ability_selection.spec.js" time="1.13">
</testcase>
<testcase name="ability_selection stage - mage (FREEZE) goes to ability_opponent_selection" classname="stage_ability_selection.spec.js" time="1.166">
</testcase>
</testsuite>
<testsuite name="stage_battle.spec.js" timestamp="2026-01-30T19:03:25.837Z" hostname="mobile-landscape" tests="5" failures="0" skipped="0" time="14.412" errors="0">
<testcase name="battle stage - player 1 wins" classname="stage_battle.spec.js" time="2.878">
</testcase>
<testcase name="battle stage - player 2 wins" classname="stage_battle.spec.js" time="2.978">
</testcase>
<testcase name="battle stage - draw with reroll" classname="stage_battle.spec.js" time="2.79">
</testcase>
<testcase name="battle stage - reroll effect after loss" classname="stage_battle.spec.js" time="2.935">
</testcase>
<testcase name="battle stage - draw with attack bonus effect" classname="stage_battle.spec.js" time="2.831">
</testcase>
</testsuite>
<testsuite name="stage_card_draw.spec.js" timestamp="2026-01-30T19:03:25.837Z" hostname="mobile-landscape" tests="4" failures="0" skipped="0" time="4.898" errors="0">
<testcase name="card_draw stage - knight draws metal_armor successfully" classname="stage_card_draw.spec.js" time="1.042">
</testcase>
<testcase name="card_draw stage - archer draws sacred_sword (restricted)" classname="stage_card_draw.spec.js" time="1.114">
</testcase>
<testcase name="card_draw stage - knight draws golden_apple and heals" classname="stage_card_draw.spec.js" time="1.369">
</testcase>
<testcase name="card_draw stage - knight at max health draws golden_apple (no overheal)" classname="stage_card_draw.spec.js" time="1.373">
</testcase>
</testsuite>
<testsuite name="stage_charachter_select.spec.js" timestamp="2026-01-30T19:03:25.837Z" hostname="mobile-landscape" tests="7" failures="0" skipped="0" time="7.163" errors="0">
<testcase name="character_select stage - knight not alive" classname="stage_charachter_select.spec.js" time="0.996">
</testcase>
<testcase name="character_select stage - mage not alive" classname="stage_charachter_select.spec.js" time="0.952">
</testcase>
<testcase name="character_select stage - archer not alive" classname="stage_charachter_select.spec.js" time="0.998">
</testcase>
<testcase name="character_select stage - knight has skip_turn effect" classname="stage_charachter_select.spec.js" time="1.015">
</testcase>
<testcase name="character_select stage - skip_turn effect removed after character selection" classname="stage_charachter_select.spec.js" time="0.877">
</testcase>
<testcase name="character_select stage - no character available shows Skip Turn button" classname="stage_charachter_select.spec.js" time="1.094">
</testcase>
<testcase name="character_select stage - Skip Turn button passes turn to next player" classname="stage_charachter_select.spec.js" time="1.231">
</testcase>
</testsuite>
</testsuites>