<testsuites id="" name="" tests="60" failures="0" skipped="0" errors="0" time="59.319802">
<testsuite name="basic_flow.spec.js" timestamp="2026-01-30T11:47:53.277Z" hostname="chromium" tests="1" failures="0" skipped="0" time="10.032" errors="0">
<testcase name="basic game flow" classname="basic_flow.spec.js" time="10.032">
</testcase>
</testsuite>
<testsuite name="disconnected.spec.js" timestamp="2026-01-30T11:47:53.277Z" hostname="chromium" tests="1" failures="0" skipped="0" time="1.952" errors="0">
<testcase name="disconnected player overlay in players menu" classname="disconnected.spec.js" time="1.952">
</testcase>
</testsuite>
<testsuite name="home.spec.js" timestamp="2026-01-30T11:47:53.277Z" hostname="chromium" tests="4" failures="0" skipped="0" time="3.003" errors="0">
<testcase name="should show error toast when username is empty" classname="home.spec.js" time="0.848">
</testcase>
<testcase name="should show error toast when username is only whitespace" classname="home.spec.js" time="0.78">
</testcase>
<testcase name="should allow joining game with valid username" classname="home.spec.js" time="0.711">
</testcase>
<testcase name="should trim whitespace from username when joining" classname="home.spec.js" time="0.664">
</testcase>
</testsuite>
<testsuite name="minimum_players.spec.js" timestamp="2026-01-30T11:47:53.277Z" hostname="chromium" tests="2" failures="0" skipped="0" time="0.978" errors="0">
<testcase name="minimum player overlay appears with single player" classname="minimum_players.spec.js" time="0.475">
</testcase>
<testcase name="minimum player overlay not present with two players" classname="minimum_players.spec.js" time="0.503">
</testcase>
</testsuite>
<testsuite name="players_menu.spec.js" timestamp="2026-01-30T11:47:53.277Z" hostname="chromium" tests="1" failures="0" skipped="0" time="1.607" errors="0">
<testcase name="players menu minified by default with global toggle" classname="players_menu.spec.js" time="1.607">
</testcase>
</testsuite>
<testsuite name="shared_area.spec.js" timestamp="2026-01-30T11:47:53.277Z" hostname="chromium" tests="2" failures="0" skipped="0" time="2.442" errors="0">
<testcase name="shared area dynamic alignment - character selection stage" classname="shared_area.spec.js" time="1.211">
</testcase>
<testcase name="shared area dynamic alignment - opponent selection stage" classname="shared_area.spec.js" time="1.231">
</testcase>
</testsuite>
<testsuite name="stage_ability_selection.spec.js" timestamp="2026-01-30T11:47:53.277Z" hostname="chromium" tests="3" failures="0" skipped="0" time="3.29" errors="0">
<testcase name="ability_selection stage - knight (BATTLE_HOWL) skips to opponent_selection" classname="stage_ability_selection.spec.js" time="1.086">
</testcase>
<testcase name="ability_selection stage - archer (BOUNCING_ARROW) skips to opponent_selection" classname="stage_ability_selection.spec.js" time="1.093">
</testcase>
<testcase name="ability_selection stage - mage (FREEZE) goes to ability_opponent_selection" classname="stage_ability_selection.spec.js" time="1.111">
</testcase>
</testsuite>
<testsuite name="stage_battle.spec.js" timestamp="2026-01-30T11:47:53.277Z" hostname="chromium" tests="5" failures="0" skipped="0" time="14.128" errors="0">
<testcase name="battle stage - player 1 wins" classname="stage_battle.spec.js" time="2.85">
</testcase>
<testcase name="battle stage - player 2 wins" classname="stage_battle.spec.js" time="2.694">
</testcase>
<testcase name="battle stage - draw with reroll" classname="stage_battle.spec.js" time="2.902">
</testcase>
<testcase name="battle stage - reroll effect after loss" classname="stage_battle.spec.js" time="2.869">
</testcase>
<testcase name="battle stage - draw with attack bonus effect" classname="stage_battle.spec.js" time="2.813">
</testcase>
</testsuite>
<testsuite name="stage_card_draw.spec.js" timestamp="2026-01-30T11:47:53.277Z" hostname="chromium" tests="4" failures="0" skipped="0" time="4.377" errors="0">
<testcase name="card_draw stage - knight draws metal_armor successfully" classname="stage_card_draw.spec.js" time="0.981">
</testcase>
<testcase name="card_draw stage - archer draws sacred_sword (restricted)" classname="stage_card_draw.spec.js" time="0.937">
</testcase>
<testcase name="card_draw stage - knight draws golden_apple and heals" classname="stage_card_draw.spec.js" time="1.227">
</testcase>
<testcase name="card_draw stage - knight at max health draws golden_apple (no overheal)" classname="stage_card_draw.spec.js" time="1.232">
</testcase>
</testsuite>
<testsuite name="stage_charachter_select.spec.js" timestamp="2026-01-30T11:47:53.277Z" hostname="chromium" tests="7" failures="0" skipped="0" time="7.472" errors="0">
<testcase name="character_select stage - knight not alive" classname="stage_charachter_select.spec.js" time="1.18">
</testcase>
<testcase name="character_select stage - mage not alive" classname="stage_charachter_select.spec.js" time="1.268">
</testcase>
<testcase name="character_select stage - archer not alive" classname="stage_charachter_select.spec.js" time="1.082">
</testcase>
<testcase name="character_select stage - knight has skip_turn effect" classname="stage_charachter_select.spec.js" time="0.94">
</testcase>
<testcase name="character_select stage - skip_turn effect removed after character selection" classname="stage_charachter_select.spec.js" time="0.823">
</testcase>
<testcase name="character_select stage - no character available shows Skip Turn button" classname="stage_charachter_select.spec.js" time="1.03">
</testcase>
<testcase name="character_select stage - Skip Turn button passes turn to next player" classname="stage_charachter_select.spec.js" time="1.149">
</testcase>
</testsuite>
<testsuite name="basic_flow.spec.js" timestamp="2026-01-30T11:47:53.277Z" hostname="mobile-landscape" tests="1" failures="0" skipped="0" time="12.12" errors="0">
<testcase name="basic game flow" classname="basic_flow.spec.js" time="12.12">
</testcase>
</testsuite>
<testsuite name="disconnected.spec.js" timestamp="2026-01-30T11:47:53.277Z" hostname="mobile-landscape" tests="1" failures="0" skipped="0" time="1.913" errors="0">
<testcase name="disconnected player overlay in players menu" classname="disconnected.spec.js" time="1.913">
</testcase>
</testsuite>
<testsuite name="home.spec.js" timestamp="2026-01-30T11:47:53.277Z" hostname="mobile-landscape" tests="4" failures="0" skipped="0" time="4.604" errors="0">
<testcase name="should show error toast when username is empty" classname="home.spec.js" time="1.303">
</testcase>
<testcase name="should show error toast when username is only whitespace" classname="home.spec.js" time="1.317">
</testcase>
<testcase name="should allow joining game with valid username" classname="home.spec.js" time="1.015">
</testcase>
<testcase name="should trim whitespace from username when joining" classname="home.spec.js" time="0.969">
</testcase>
</testsuite>
<testsuite name="minimum_players.spec.js" timestamp="2026-01-30T11:47:53.277Z" hostname="mobile-landscape" tests="2" failures="0" skipped="0" time="0.967" errors="0">
<testcase name="minimum player overlay appears with single player" classname="minimum_players.spec.js" time="0.494">
</testcase>
<testcase name="minimum player overlay not present with two players" classname="minimum_players.spec.js" time="0.473">
</testcase>
</testsuite>
<testsuite name="players_menu.spec.js" timestamp="2026-01-30T11:47:53.277Z" hostname="mobile-landscape" tests="1" failures="0" skipped="0" time="1.783" errors="0">
<testcase name="players menu minified by default with global toggle" classname="players_menu.spec.js" time="1.783">
</testcase>
</testsuite>
<testsuite name="shared_area.spec.js" timestamp="2026-01-30T11:47:53.277Z" hostname="mobile-landscape" tests="2" failures="0" skipped="0" time="3.84" errors="0">
<testcase name="shared area dynamic alignment - character selection stage" classname="shared_area.spec.js" time="1.771">
</testcase>
<testcase name="shared area dynamic alignment - opponent selection stage" classname="shared_area.spec.js" time="2.069">
</testcase>
</testsuite>
<testsuite name="stage_ability_selection.spec.js" timestamp="2026-01-30T11:47:53.277Z" hostname="mobile-landscape" tests="3" failures="0" skipped="0" time="3.117" errors="0">
<testcase name="ability_selection stage - knight (BATTLE_HOWL) skips to opponent_selection" classname="stage_ability_selection.spec.js" time="1.058">
</testcase>
<testcase name="ability_selection stage - archer (BOUNCING_ARROW) skips to opponent_selection" classname="stage_ability_selection.spec.js" time="0.946">
</testcase>
<testcase name="ability_selection stage - mage (FREEZE) goes to ability_opponent_selection" classname="stage_ability_selection.spec.js" time="1.113">
</testcase>
</testsuite>
<testsuite name="stage_battle.spec.js" timestamp="2026-01-30T11:47:53.277Z" hostname="mobile-landscape" tests="5" failures="0" skipped="0" time="14.209" errors="0">
<testcase name="battle stage - player 1 wins" classname="stage_battle.spec.js" time="2.939">
</testcase>
<testcase name="battle stage - player 2 wins" classname="stage_battle.spec.js" time="2.782">
</testcase>
<testcase name="battle stage - draw with reroll" classname="stage_battle.spec.js" time="2.727">
</testcase>
<testcase name="battle stage - reroll effect after loss" classname="stage_battle.spec.js" time="2.881">
</testcase>
<testcase name="battle stage - draw with attack bonus effect" classname="stage_battle.spec.js" time="2.88">
</testcase>
</testsuite>
<testsuite name="stage_card_draw.spec.js" timestamp="2026-01-30T11:47:53.277Z" hostname="mobile-landscape" tests="4" failures="0" skipped="0" time="4.869" errors="0">
<testcase name="card_draw stage - knight draws metal_armor successfully" classname="stage_card_draw.spec.js" time="1.01">
</testcase>
<testcase name="card_draw stage - archer draws sacred_sword (restricted)" classname="stage_card_draw.spec.js" time="1.128">
</testcase>
<testcase name="card_draw stage - knight draws golden_apple and heals" classname="stage_card_draw.spec.js" time="1.392">
</testcase>
<testcase name="card_draw stage - knight at max health draws golden_apple (no overheal)" classname="stage_card_draw.spec.js" time="1.339">
</testcase>
</testsuite>
<testsuite name="stage_charachter_select.spec.js" timestamp="2026-01-30T11:47:53.277Z" hostname="mobile-landscape" tests="7" failures="0" skipped="0" time="7.152" errors="0">
<testcase name="character_select stage - knight not alive" classname="stage_charachter_select.spec.js" time="1.004">
</testcase>
<testcase name="character_select stage - mage not alive" classname="stage_charachter_select.spec.js" time="0.951">
</testcase>
<testcase name="character_select stage - archer not alive" classname="stage_charachter_select.spec.js" time="0.989">
</testcase>
<testcase name="character_select stage - knight has skip_turn effect" classname="stage_charachter_select.spec.js" time="0.963">
</testcase>
<testcase name="character_select stage - skip_turn effect removed after character selection" classname="stage_charachter_select.spec.js" time="0.846">
</testcase>
<testcase name="character_select stage - no character available shows Skip Turn button" classname="stage_charachter_select.spec.js" time="1.107">
</testcase>
<testcase name="character_select stage - Skip Turn button passes turn to next player" classname="stage_charachter_select.spec.js" time="1.292">
</testcase>
</testsuite>
</testsuites>