<testsuites id="" name="" tests="70" failures="2" skipped="0" errors="0" time="71.942936">
<testsuite name="basic_flow.spec.js" timestamp="2026-01-30T18:53:29.471Z" hostname="chromium" tests="1" failures="0" skipped="0" time="9.856" errors="0">
<testcase name="basic game flow" classname="basic_flow.spec.js" time="9.856">
</testcase>
</testsuite>
<testsuite name="disconnected.spec.js" timestamp="2026-01-30T18:53:29.471Z" hostname="chromium" tests="1" failures="0" skipped="0" time="1.918" errors="0">
<testcase name="disconnected player overlay in players menu" classname="disconnected.spec.js" time="1.918">
</testcase>
</testsuite>
<testsuite name="home.spec.js" timestamp="2026-01-30T18:53:29.471Z" hostname="chromium" tests="9" failures="1" skipped="0" time="13.173" errors="0">
<testcase name="should show error toast when username is empty" classname="home.spec.js" time="0.858">
</testcase>
<testcase name="should show error toast when username is only whitespace" classname="home.spec.js" time="0.802">
</testcase>
<testcase name="should allow joining game with valid username" classname="home.spec.js" time="0.731">
</testcase>
<testcase name="should trim whitespace from username when joining" classname="home.spec.js" time="0.63">
</testcase>
<testcase name="should show search dropdown when typing game name" classname="home.spec.js" time="0.916">
</testcase>
<testcase name="should populate input when clicking search result" classname="home.spec.js" time="5.713">
<failure message="home.spec.js:150:1 should populate input when clicking search result" type="FAILURE">
<![CDATA[  [chromium] › home.spec.js:150:1 › should populate input when clicking search result ──────────────

    Error: expect(locator).not.toBeVisible() failed

    Locator:  locator('[data-testid="search-dropdown"]')
    Expected: not visible
    Received: visible
    Timeout:  5000ms

    Call log:
      - Expect "not toBeVisible" with timeout 5000ms
      - waiting for locator('[data-testid="search-dropdown"]')
        9 × locator resolved to <div data-testid="search-dropdown" class="_search-dropdown_xzkij_97">…</div>
          - unexpected value "visible"


      173 |
      174 |     // Verify dropdown is closed
    > 175 |     await expect(dropdown).not.toBeVisible();
          |                                ^
      176 |
      177 |     await screenshot(page, "search-result-clicked");
      178 |   } finally {
        at /home/runner/work/heroes-of-talisman/heroes-of-talisman/e2e/home.spec.js:175:32

    Error Context: ../test-results/home-should-populate-input-when-clicking-search-result-chromium/error-context.md
]]>
</failure>
<system-out>
<![CDATA[
[[ATTACHMENT|../test-results/home-should-populate-input-when-clicking-search-result-chromium/error-context.md]]
]]>
</system-out>
</testcase>
<testcase name="should show load more button when more results available" classname="home.spec.js" time="1.128">
</testcase>
<testcase name="should show no results message when no games match" classname="home.spec.js" time="0.819">
</testcase>
<testcase name="should reset search when query changes" classname="home.spec.js" time="1.576">
</testcase>
</testsuite>
<testsuite name="minimum_players.spec.js" timestamp="2026-01-30T18:53:29.471Z" hostname="chromium" tests="2" failures="0" skipped="0" time="1.037" errors="0">
<testcase name="minimum player overlay appears with single player" classname="minimum_players.spec.js" time="0.498">
</testcase>
<testcase name="minimum player overlay not present with two players" classname="minimum_players.spec.js" time="0.539">
</testcase>
</testsuite>
<testsuite name="players_menu.spec.js" timestamp="2026-01-30T18:53:29.471Z" hostname="chromium" tests="1" failures="0" skipped="0" time="1.707" errors="0">
<testcase name="players menu minified by default with global toggle" classname="players_menu.spec.js" time="1.707">
</testcase>
</testsuite>
<testsuite name="shared_area.spec.js" timestamp="2026-01-30T18:53:29.471Z" hostname="chromium" tests="2" failures="0" skipped="0" time="2.506" errors="0">
<testcase name="shared area dynamic alignment - character selection stage" classname="shared_area.spec.js" time="1.225">
</testcase>
<testcase name="shared area dynamic alignment - opponent selection stage" classname="shared_area.spec.js" time="1.281">
</testcase>
</testsuite>
<testsuite name="stage_ability_selection.spec.js" timestamp="2026-01-30T18:53:29.471Z" hostname="chromium" tests="3" failures="0" skipped="0" time="3.158" errors="0">
<testcase name="ability_selection stage - knight (BATTLE_HOWL) skips to opponent_selection" classname="stage_ability_selection.spec.js" time="1.01">
</testcase>
<testcase name="ability_selection stage - archer (BOUNCING_ARROW) skips to opponent_selection" classname="stage_ability_selection.spec.js" time="1.077">
</testcase>
<testcase name="ability_selection stage - mage (FREEZE) goes to ability_opponent_selection" classname="stage_ability_selection.spec.js" time="1.071">
</testcase>
</testsuite>
<testsuite name="stage_battle.spec.js" timestamp="2026-01-30T18:53:29.471Z" hostname="chromium" tests="5" failures="0" skipped="0" time="14.379" errors="0">
<testcase name="battle stage - player 1 wins" classname="stage_battle.spec.js" time="2.892">
</testcase>
<testcase name="battle stage - player 2 wins" classname="stage_battle.spec.js" time="2.909">
</testcase>
<testcase name="battle stage - draw with reroll" classname="stage_battle.spec.js" time="2.831">
</testcase>
<testcase name="battle stage - reroll effect after loss" classname="stage_battle.spec.js" time="2.988">
</testcase>
<testcase name="battle stage - draw with attack bonus effect" classname="stage_battle.spec.js" time="2.759">
</testcase>
</testsuite>
<testsuite name="stage_card_draw.spec.js" timestamp="2026-01-30T18:53:29.471Z" hostname="chromium" tests="4" failures="0" skipped="0" time="4.491" errors="0">
<testcase name="card_draw stage - knight draws metal_armor successfully" classname="stage_card_draw.spec.js" time="0.99">
</testcase>
<testcase name="card_draw stage - archer draws sacred_sword (restricted)" classname="stage_card_draw.spec.js" time="0.944">
</testcase>
<testcase name="card_draw stage - knight draws golden_apple and heals" classname="stage_card_draw.spec.js" time="1.266">
</testcase>
<testcase name="card_draw stage - knight at max health draws golden_apple (no overheal)" classname="stage_card_draw.spec.js" time="1.291">
</testcase>
</testsuite>
<testsuite name="stage_charachter_select.spec.js" timestamp="2026-01-30T18:53:29.471Z" hostname="chromium" tests="7" failures="0" skipped="0" time="7.385" errors="0">
<testcase name="character_select stage - knight not alive" classname="stage_charachter_select.spec.js" time="0.933">
</testcase>
<testcase name="character_select stage - mage not alive" classname="stage_charachter_select.spec.js" time="0.927">
</testcase>
<testcase name="character_select stage - archer not alive" classname="stage_charachter_select.spec.js" time="0.888">
</testcase>
<testcase name="character_select stage - knight has skip_turn effect" classname="stage_charachter_select.spec.js" time="1.003">
</testcase>
<testcase name="character_select stage - skip_turn effect removed after character selection" classname="stage_charachter_select.spec.js" time="1.26">
</testcase>
<testcase name="character_select stage - no character available shows Skip Turn button" classname="stage_charachter_select.spec.js" time="1.131">
</testcase>
<testcase name="character_select stage - Skip Turn button passes turn to next player" classname="stage_charachter_select.spec.js" time="1.243">
</testcase>
</testsuite>
<testsuite name="basic_flow.spec.js" timestamp="2026-01-30T18:53:29.471Z" hostname="mobile-landscape" tests="1" failures="0" skipped="0" time="12.311" errors="0">
<testcase name="basic game flow" classname="basic_flow.spec.js" time="12.311">
</testcase>
</testsuite>
<testsuite name="disconnected.spec.js" timestamp="2026-01-30T18:53:29.471Z" hostname="mobile-landscape" tests="1" failures="0" skipped="0" time="1.945" errors="0">
<testcase name="disconnected player overlay in players menu" classname="disconnected.spec.js" time="1.945">
</testcase>
</testsuite>
<testsuite name="home.spec.js" timestamp="2026-01-30T18:53:29.471Z" hostname="mobile-landscape" tests="9" failures="1" skipped="0" time="16.143" errors="0">
<testcase name="should show error toast when username is empty" classname="home.spec.js" time="1.301">
</testcase>
<testcase name="should show error toast when username is only whitespace" classname="home.spec.js" time="1.268">
</testcase>
<testcase name="should allow joining game with valid username" classname="home.spec.js" time="0.973">
</testcase>
<testcase name="should trim whitespace from username when joining" classname="home.spec.js" time="0.98">
</testcase>
<testcase name="should show search dropdown when typing game name" classname="home.spec.js" time="1.165">
</testcase>
<testcase name="should populate input when clicking search result" classname="home.spec.js" time="5.694">
<failure message="home.spec.js:150:1 should populate input when clicking search result" type="FAILURE">
<![CDATA[  [mobile-landscape] › home.spec.js:150:1 › should populate input when clicking search result ──────

    Error: expect(locator).not.toBeVisible() failed

    Locator:  locator('[data-testid="search-dropdown"]')
    Expected: not visible
    Received: visible
    Timeout:  5000ms

    Call log:
      - Expect "not toBeVisible" with timeout 5000ms
      - waiting for locator('[data-testid="search-dropdown"]')
        9 × locator resolved to <div data-testid="search-dropdown" class="_search-dropdown_xzkij_97">…</div>
          - unexpected value "visible"


      173 |
      174 |     // Verify dropdown is closed
    > 175 |     await expect(dropdown).not.toBeVisible();
          |                                ^
      176 |
      177 |     await screenshot(page, "search-result-clicked");
      178 |   } finally {
        at /home/runner/work/heroes-of-talisman/heroes-of-talisman/e2e/home.spec.js:175:32

    Error Context: ../test-results/home-should-populate-input-when-clicking-search-result-mobile-landscape/error-context.md
]]>
</failure>
<system-out>
<![CDATA[
[[ATTACHMENT|../test-results/home-should-populate-input-when-clicking-search-result-mobile-landscape/error-context.md]]
]]>
</system-out>
</testcase>
<testcase name="should show load more button when more results available" classname="home.spec.js" time="1.445">
</testcase>
<testcase name="should show no results message when no games match" classname="home.spec.js" time="1.098">
</testcase>
<testcase name="should reset search when query changes" classname="home.spec.js" time="2.219">
</testcase>
</testsuite>
<testsuite name="minimum_players.spec.js" timestamp="2026-01-30T18:53:29.471Z" hostname="mobile-landscape" tests="2" failures="0" skipped="0" time="1.126" errors="0">
<testcase name="minimum player overlay appears with single player" classname="minimum_players.spec.js" time="0.627">
</testcase>
<testcase name="minimum player overlay not present with two players" classname="minimum_players.spec.js" time="0.499">
</testcase>
</testsuite>
<testsuite name="players_menu.spec.js" timestamp="2026-01-30T18:53:29.471Z" hostname="mobile-landscape" tests="1" failures="0" skipped="0" time="1.982" errors="0">
<testcase name="players menu minified by default with global toggle" classname="players_menu.spec.js" time="1.982">
</testcase>
</testsuite>
<testsuite name="shared_area.spec.js" timestamp="2026-01-30T18:53:29.471Z" hostname="mobile-landscape" tests="2" failures="0" skipped="0" time="3.735" errors="0">
<testcase name="shared area dynamic alignment - character selection stage" classname="shared_area.spec.js" time="1.824">
</testcase>
<testcase name="shared area dynamic alignment - opponent selection stage" classname="shared_area.spec.js" time="1.911">
</testcase>
</testsuite>
<testsuite name="stage_ability_selection.spec.js" timestamp="2026-01-30T18:53:29.471Z" hostname="mobile-landscape" tests="3" failures="0" skipped="0" time="3.532" errors="0">
<testcase name="ability_selection stage - knight (BATTLE_HOWL) skips to opponent_selection" classname="stage_ability_selection.spec.js" time="1.093">
</testcase>
<testcase name="ability_selection stage - archer (BOUNCING_ARROW) skips to opponent_selection" classname="stage_ability_selection.spec.js" time="1.223">
</testcase>
<testcase name="ability_selection stage - mage (FREEZE) goes to ability_opponent_selection" classname="stage_ability_selection.spec.js" time="1.216">
</testcase>
</testsuite>
<testsuite name="stage_battle.spec.js" timestamp="2026-01-30T18:53:29.471Z" hostname="mobile-landscape" tests="5" failures="0" skipped="0" time="14.776" errors="0">
<testcase name="battle stage - player 1 wins" classname="stage_battle.spec.js" time="2.901">
</testcase>
<testcase name="battle stage - player 2 wins" classname="stage_battle.spec.js" time="2.947">
</testcase>
<testcase name="battle stage - draw with reroll" classname="stage_battle.spec.js" time="2.858">
</testcase>
<testcase name="battle stage - reroll effect after loss" classname="stage_battle.spec.js" time="3.13">
</testcase>
<testcase name="battle stage - draw with attack bonus effect" classname="stage_battle.spec.js" time="2.94">
</testcase>
</testsuite>
<testsuite name="stage_card_draw.spec.js" timestamp="2026-01-30T18:53:29.471Z" hostname="mobile-landscape" tests="4" failures="0" skipped="0" time="4.806" errors="0">
<testcase name="card_draw stage - knight draws metal_armor successfully" classname="stage_card_draw.spec.js" time="1.037">
</testcase>
<testcase name="card_draw stage - archer draws sacred_sword (restricted)" classname="stage_card_draw.spec.js" time="1.087">
</testcase>
<testcase name="card_draw stage - knight draws golden_apple and heals" classname="stage_card_draw.spec.js" time="1.364">
</testcase>
<testcase name="card_draw stage - knight at max health draws golden_apple (no overheal)" classname="stage_card_draw.spec.js" time="1.318">
</testcase>
</testsuite>
<testsuite name="stage_charachter_select.spec.js" timestamp="2026-01-30T18:53:29.471Z" hostname="mobile-landscape" tests="7" failures="0" skipped="0" time="7.206" errors="0">
<testcase name="character_select stage - knight not alive" classname="stage_charachter_select.spec.js" time="1.064">
</testcase>
<testcase name="character_select stage - mage not alive" classname="stage_charachter_select.spec.js" time="0.977">
</testcase>
<testcase name="character_select stage - archer not alive" classname="stage_charachter_select.spec.js" time="0.976">
</testcase>
<testcase name="character_select stage - knight has skip_turn effect" classname="stage_charachter_select.spec.js" time="0.972">
</testcase>
<testcase name="character_select stage - skip_turn effect removed after character selection" classname="stage_charachter_select.spec.js" time="0.868">
</testcase>
<testcase name="character_select stage - no character available shows Skip Turn button" classname="stage_charachter_select.spec.js" time="1.152">
</testcase>
<testcase name="character_select stage - Skip Turn button passes turn to next player" classname="stage_charachter_select.spec.js" time="1.197">
</testcase>
</testsuite>
</testsuites>