<testsuites id="" name="" tests="48" failures="4" skipped="0" errors="0" time="104.880794">
<testsuite name="basic_flow.spec.js" timestamp="2026-01-20T03:44:30.201Z" hostname="chromium" tests="1" failures="1" skipped="0" time="4.527" errors="0">
<testcase name="basic game flow" classname="basic_flow.spec.js" time="4.527">
<failure message="basic_flow.spec.js:269:1 basic game flow" type="FAILURE">
<![CDATA[  [chromium] › basic_flow.spec.js:269:1 › basic game flow ──────────────────────────────────────────

    TimeoutError: page.waitForSelector: Timeout 1000ms exceeded.
    Call log:
      - waiting for locator('[data-game-stage="ability_selection"]') to be visible


       at test_helpers.js:129

      127 |  */
      128 | export async function waitForStage(page, stage, timeout = TIMEOUT) {
    > 129 |   await page.waitForSelector(`[data-game-stage="${stage}"]`, { timeout });
          |              ^
      130 | }
      131 |
      132 | /**
        at waitForStage (/home/runner/work/heroes-of-talisman/heroes-of-talisman/e2e/test_helpers.js:129:14)
        at testCharacterSelection (/home/runner/work/heroes-of-talisman/heroes-of-talisman/e2e/basic_flow.spec.js:114:9)
        at /home/runner/work/heroes-of-talisman/heroes-of-talisman/e2e/basic_flow.spec.js:309:3

    attachment #3: player-connection-message (text/plain) ──────────────────────────────────────────
    התחברת למשחק
    ────────────────────────────────────────────────────────────────────────────────────────────────

    attachment #5: player2-connection-message (text/plain) ─────────────────────────────────────────
    התחברת למשחק
    ────────────────────────────────────────────────────────────────────────────────────────────────

    Error Context: ../test-results/basic_flow-basic-game-flow-chromium/error-context.md
]]>
</failure>
<system-out>
<![CDATA[
[[ATTACHMENT|../test-results/basic_flow-basic-game-flow-chromium/error-context.md]]
]]>
</system-out>
</testcase>
</testsuite>
<testsuite name="disconnected.spec.js" timestamp="2026-01-20T03:44:30.201Z" hostname="chromium" tests="1" failures="0" skipped="0" time="2.043" errors="0">
<testcase name="disconnected player overlay in players menu" classname="disconnected.spec.js" time="2.043">
</testcase>
</testsuite>
<testsuite name="home.spec.js" timestamp="2026-01-20T03:44:30.201Z" hostname="chromium" tests="4" failures="0" skipped="0" time="3.356" errors="0">
<testcase name="should show error toast when username is empty" classname="home.spec.js" time="0.913">
</testcase>
<testcase name="should show error toast when username is only whitespace" classname="home.spec.js" time="0.926">
</testcase>
<testcase name="should allow joining game with valid username" classname="home.spec.js" time="0.759">
</testcase>
<testcase name="should trim whitespace from username when joining" classname="home.spec.js" time="0.758">
</testcase>
</testsuite>
<testsuite name="minimum_players.spec.js" timestamp="2026-01-20T03:44:30.201Z" hostname="chromium" tests="2" failures="0" skipped="0" time="1.149" errors="0">
<testcase name="minimum player overlay appears with single player" classname="minimum_players.spec.js" time="0.599">
</testcase>
<testcase name="minimum player overlay not present with two players" classname="minimum_players.spec.js" time="0.55">
</testcase>
</testsuite>
<testsuite name="players_menu.spec.js" timestamp="2026-01-20T03:44:30.201Z" hostname="chromium" tests="1" failures="0" skipped="0" time="2.047" errors="0">
<testcase name="players menu minified by default with global toggle" classname="players_menu.spec.js" time="2.047">
</testcase>
</testsuite>
<testsuite name="shared_area.spec.js" timestamp="2026-01-20T03:44:30.201Z" hostname="chromium" tests="2" failures="0" skipped="0" time="2.706" errors="0">
<testcase name="shared area dynamic alignment - character selection stage" classname="shared_area.spec.js" time="1.38">
</testcase>
<testcase name="shared area dynamic alignment - opponent selection stage" classname="shared_area.spec.js" time="1.326">
</testcase>
</testsuite>
<testsuite name="stage_ability_selection.spec.js" timestamp="2026-01-20T03:44:30.201Z" hostname="chromium" tests="3" failures="0" skipped="0" time="3.349" errors="0">
<testcase name="ability_selection stage - knight (BATTLE_HOWL) skips to opponent_selection" classname="stage_ability_selection.spec.js" time="1.096">
</testcase>
<testcase name="ability_selection stage - archer (BOUNCING_ARROW) skips to opponent_selection" classname="stage_ability_selection.spec.js" time="1.119">
</testcase>
<testcase name="ability_selection stage - mage (FREEZE) goes to ability_opponent_selection" classname="stage_ability_selection.spec.js" time="1.134">
</testcase>
</testsuite>
<testsuite name="stage_battle.spec.js" timestamp="2026-01-20T03:44:30.201Z" hostname="chromium" tests="5" failures="0" skipped="0" time="15.362" errors="0">
<testcase name="battle stage - player 1 wins" classname="stage_battle.spec.js" time="3.044">
</testcase>
<testcase name="battle stage - player 2 wins" classname="stage_battle.spec.js" time="3.112">
</testcase>
<testcase name="battle stage - draw with reroll" classname="stage_battle.spec.js" time="3.033">
</testcase>
<testcase name="battle stage - reroll effect after loss" classname="stage_battle.spec.js" time="3.118">
</testcase>
<testcase name="battle stage - draw with attack bonus effect" classname="stage_battle.spec.js" time="3.055">
</testcase>
</testsuite>
<testsuite name="stage_charachter_select.spec.js" timestamp="2026-01-20T03:44:30.201Z" hostname="chromium" tests="5" failures="1" skipped="0" time="9.724" errors="0">
<testcase name="character_select stage - knight not alive" classname="stage_charachter_select.spec.js" time="0.887">
</testcase>
<testcase name="character_select stage - mage not alive" classname="stage_charachter_select.spec.js" time="0.879">
</testcase>
<testcase name="character_select stage - archer not alive" classname="stage_charachter_select.spec.js" time="0.9">
</testcase>
<testcase name="character_select stage - knight has skip_turn effect" classname="stage_charachter_select.spec.js" time="0.946">
</testcase>
<testcase name="character_select stage - skip_turn effect removed after character selection" classname="stage_charachter_select.spec.js" time="6.112">
<failure message="stage_charachter_select.spec.js:129:1 character_select stage - skip_turn effect removed after character selection" type="FAILURE">
<![CDATA[  [chromium] › stage_charachter_select.spec.js:129:1 › character_select stage - skip_turn effect removed after character selection 

    Error: expect(locator).toBeVisible() failed

    Locator:  locator('[data-shared-area-active="true"]').locator('[data-ability="freeze"]')
    Expected: visible
    Received: <element(s) not found>
    Timeout:  5000ms

    Call log:
      - Expect "toBeVisible" with timeout 5000ms
      - waiting for locator('[data-shared-area-active="true"]').locator('[data-ability="freeze"]')


      148 |   const sharedArea = page.locator('[data-shared-area-active="true"]');
      149 |   const freezeAbility = sharedArea.locator('[data-ability="freeze"]');
    > 150 |   await expect(freezeAbility).toBeVisible();
          |                               ^
      151 |
      152 |   // Verify knight no longer has skip_turn effect (effect was removed)
      153 |   // The data-effects attribute should no longer contain skip_turn
        at /home/runner/work/heroes-of-talisman/heroes-of-talisman/e2e/stage_charachter_select.spec.js:150:31

    Error Context: ../test-results/stage_charachter_select-ch-e967f-d-after-character-selection-chromium/error-context.md
]]>
</failure>
<system-out>
<![CDATA[
[[ATTACHMENT|../test-results/stage_charachter_select-ch-e967f-d-after-character-selection-chromium/error-context.md]]
]]>
</system-out>
</testcase>
</testsuite>
<testsuite name="basic_flow.spec.js" timestamp="2026-01-20T03:44:30.201Z" hostname="mobile-landscape" tests="1" failures="1" skipped="0" time="5.556" errors="0">
<testcase name="basic game flow" classname="basic_flow.spec.js" time="5.556">
<failure message="basic_flow.spec.js:269:1 basic game flow" type="FAILURE">
<![CDATA[  [mobile-landscape] › basic_flow.spec.js:269:1 › basic game flow ──────────────────────────────────

    TimeoutError: page.waitForSelector: Timeout 1000ms exceeded.
    Call log:
      - waiting for locator('[data-game-stage="ability_selection"]') to be visible


       at test_helpers.js:129

      127 |  */
      128 | export async function waitForStage(page, stage, timeout = TIMEOUT) {
    > 129 |   await page.waitForSelector(`[data-game-stage="${stage}"]`, { timeout });
          |              ^
      130 | }
      131 |
      132 | /**
        at waitForStage (/home/runner/work/heroes-of-talisman/heroes-of-talisman/e2e/test_helpers.js:129:14)
        at testCharacterSelection (/home/runner/work/heroes-of-talisman/heroes-of-talisman/e2e/basic_flow.spec.js:114:9)
        at /home/runner/work/heroes-of-talisman/heroes-of-talisman/e2e/basic_flow.spec.js:309:3

    attachment #3: player-connection-message (text/plain) ──────────────────────────────────────────
    התחברת למשחק
    ────────────────────────────────────────────────────────────────────────────────────────────────

    attachment #5: player2-connection-message (text/plain) ─────────────────────────────────────────
    התחברת למשחק
    ────────────────────────────────────────────────────────────────────────────────────────────────

    Error Context: ../test-results/basic_flow-basic-game-flow-mobile-landscape/error-context.md
]]>
</failure>
<system-out>
<![CDATA[
[[ATTACHMENT|../test-results/basic_flow-basic-game-flow-mobile-landscape/error-context.md]]
]]>
</system-out>
</testcase>
</testsuite>
<testsuite name="disconnected.spec.js" timestamp="2026-01-20T03:44:30.201Z" hostname="mobile-landscape" tests="1" failures="0" skipped="0" time="2.233" errors="0">
<testcase name="disconnected player overlay in players menu" classname="disconnected.spec.js" time="2.233">
</testcase>
</testsuite>
<testsuite name="home.spec.js" timestamp="2026-01-20T03:44:30.201Z" hostname="mobile-landscape" tests="4" failures="0" skipped="0" time="5.107" errors="0">
<testcase name="should show error toast when username is empty" classname="home.spec.js" time="1.489">
</testcase>
<testcase name="should show error toast when username is only whitespace" classname="home.spec.js" time="1.415">
</testcase>
<testcase name="should allow joining game with valid username" classname="home.spec.js" time="1.123">
</testcase>
<testcase name="should trim whitespace from username when joining" classname="home.spec.js" time="1.08">
</testcase>
</testsuite>
<testsuite name="minimum_players.spec.js" timestamp="2026-01-20T03:44:30.201Z" hostname="mobile-landscape" tests="2" failures="0" skipped="0" time="1.319" errors="0">
<testcase name="minimum player overlay appears with single player" classname="minimum_players.spec.js" time="0.702">
</testcase>
<testcase name="minimum player overlay not present with two players" classname="minimum_players.spec.js" time="0.617">
</testcase>
</testsuite>
<testsuite name="players_menu.spec.js" timestamp="2026-01-20T03:44:30.201Z" hostname="mobile-landscape" tests="1" failures="0" skipped="0" time="2.276" errors="0">
<testcase name="players menu minified by default with global toggle" classname="players_menu.spec.js" time="2.276">
</testcase>
</testsuite>
<testsuite name="shared_area.spec.js" timestamp="2026-01-20T03:44:30.201Z" hostname="mobile-landscape" tests="2" failures="0" skipped="0" time="3.925" errors="0">
<testcase name="shared area dynamic alignment - character selection stage" classname="shared_area.spec.js" time="1.912">
</testcase>
<testcase name="shared area dynamic alignment - opponent selection stage" classname="shared_area.spec.js" time="2.013">
</testcase>
</testsuite>
<testsuite name="stage_ability_selection.spec.js" timestamp="2026-01-20T03:44:30.201Z" hostname="mobile-landscape" tests="3" failures="0" skipped="0" time="3.663" errors="0">
<testcase name="ability_selection stage - knight (BATTLE_HOWL) skips to opponent_selection" classname="stage_ability_selection.spec.js" time="1.227">
</testcase>
<testcase name="ability_selection stage - archer (BOUNCING_ARROW) skips to opponent_selection" classname="stage_ability_selection.spec.js" time="1.219">
</testcase>
<testcase name="ability_selection stage - mage (FREEZE) goes to ability_opponent_selection" classname="stage_ability_selection.spec.js" time="1.217">
</testcase>
</testsuite>
<testsuite name="stage_battle.spec.js" timestamp="2026-01-20T03:44:30.201Z" hostname="mobile-landscape" tests="5" failures="0" skipped="0" time="15.667" errors="0">
<testcase name="battle stage - player 1 wins" classname="stage_battle.spec.js" time="3.126">
</testcase>
<testcase name="battle stage - player 2 wins" classname="stage_battle.spec.js" time="3.157">
</testcase>
<testcase name="battle stage - draw with reroll" classname="stage_battle.spec.js" time="3.04">
</testcase>
<testcase name="battle stage - reroll effect after loss" classname="stage_battle.spec.js" time="3.237">
</testcase>
<testcase name="battle stage - draw with attack bonus effect" classname="stage_battle.spec.js" time="3.107">
</testcase>
</testsuite>
<testsuite name="stage_charachter_select.spec.js" timestamp="2026-01-20T03:44:30.201Z" hostname="mobile-landscape" tests="5" failures="1" skipped="0" time="10.277" errors="0">
<testcase name="character_select stage - knight not alive" classname="stage_charachter_select.spec.js" time="1.049">
</testcase>
<testcase name="character_select stage - mage not alive" classname="stage_charachter_select.spec.js" time="0.971">
</testcase>
<testcase name="character_select stage - archer not alive" classname="stage_charachter_select.spec.js" time="1.015">
</testcase>
<testcase name="character_select stage - knight has skip_turn effect" classname="stage_charachter_select.spec.js" time="1.009">
</testcase>
<testcase name="character_select stage - skip_turn effect removed after character selection" classname="stage_charachter_select.spec.js" time="6.233">
<failure message="stage_charachter_select.spec.js:129:1 character_select stage - skip_turn effect removed after character selection" type="FAILURE">
<![CDATA[  [mobile-landscape] › stage_charachter_select.spec.js:129:1 › character_select stage - skip_turn effect removed after character selection 

    Error: expect(locator).toBeVisible() failed

    Locator:  locator('[data-shared-area-active="true"]').locator('[data-ability="freeze"]')
    Expected: visible
    Received: <element(s) not found>
    Timeout:  5000ms

    Call log:
      - Expect "toBeVisible" with timeout 5000ms
      - waiting for locator('[data-shared-area-active="true"]').locator('[data-ability="freeze"]')


      148 |   const sharedArea = page.locator('[data-shared-area-active="true"]');
      149 |   const freezeAbility = sharedArea.locator('[data-ability="freeze"]');
    > 150 |   await expect(freezeAbility).toBeVisible();
          |                               ^
      151 |
      152 |   // Verify knight no longer has skip_turn effect (effect was removed)
      153 |   // The data-effects attribute should no longer contain skip_turn
        at /home/runner/work/heroes-of-talisman/heroes-of-talisman/e2e/stage_charachter_select.spec.js:150:31

    Error Context: ../test-results/stage_charachter_select-ch-e967f-d-after-character-selection-mobile-landscape/error-context.md
]]>
</failure>
<system-out>
<![CDATA[
[[ATTACHMENT|../test-results/stage_charachter_select-ch-e967f-d-after-character-selection-mobile-landscape/error-context.md]]
]]>
</system-out>
</testcase>
</testsuite>
</testsuites>