<testsuites id="" name="" tests="70" failures="0" skipped="0" errors="0" time="67.18003900000001">
<testsuite name="basic_flow.spec.js" timestamp="2026-01-30T19:30:10.085Z" hostname="chromium" tests="1" failures="0" skipped="0" time="9.907" errors="0">
<testcase name="basic game flow" classname="basic_flow.spec.js" time="9.907">
</testcase>
</testsuite>
<testsuite name="disconnected.spec.js" timestamp="2026-01-30T19:30:10.085Z" hostname="chromium" tests="1" failures="0" skipped="0" time="1.883" errors="0">
<testcase name="disconnected player overlay in players menu" classname="disconnected.spec.js" time="1.883">
</testcase>
</testsuite>
<testsuite name="home.spec.js" timestamp="2026-01-30T19:30:10.085Z" hostname="chromium" tests="9" failures="0" skipped="0" time="7.651" errors="0">
<testcase name="should show error toast when username is empty" classname="home.spec.js" time="0.814">
</testcase>
<testcase name="should show error toast when username is only whitespace" classname="home.spec.js" time="0.767">
</testcase>
<testcase name="should allow joining game with valid username" classname="home.spec.js" time="0.653">
</testcase>
<testcase name="should trim whitespace from username when joining" classname="home.spec.js" time="0.696">
</testcase>
<testcase name="should show search dropdown when typing game name" classname="home.spec.js" time="0.84">
</testcase>
<testcase name="should populate input when clicking search result" classname="home.spec.js" time="0.915">
</testcase>
<testcase name="should show load more button when more results available" classname="home.spec.js" time="0.948">
</testcase>
<testcase name="should show no results message when no games match" classname="home.spec.js" time="0.826">
</testcase>
<testcase name="should reset search when query changes" classname="home.spec.js" time="1.192">
</testcase>
</testsuite>
<testsuite name="minimum_players.spec.js" timestamp="2026-01-30T19:30:10.085Z" hostname="chromium" tests="2" failures="0" skipped="0" time="1.035" errors="0">
<testcase name="minimum player overlay appears with single player" classname="minimum_players.spec.js" time="0.54">
</testcase>
<testcase name="minimum player overlay not present with two players" classname="minimum_players.spec.js" time="0.495">
</testcase>
</testsuite>
<testsuite name="players_menu.spec.js" timestamp="2026-01-30T19:30:10.085Z" hostname="chromium" tests="1" failures="0" skipped="0" time="1.807" errors="0">
<testcase name="players menu minified by default with global toggle" classname="players_menu.spec.js" time="1.807">
</testcase>
</testsuite>
<testsuite name="shared_area.spec.js" timestamp="2026-01-30T19:30:10.085Z" hostname="chromium" tests="2" failures="0" skipped="0" time="2.663" errors="0">
<testcase name="shared area dynamic alignment - character selection stage" classname="shared_area.spec.js" time="1.245">
</testcase>
<testcase name="shared area dynamic alignment - opponent selection stage" classname="shared_area.spec.js" time="1.418">
</testcase>
</testsuite>
<testsuite name="stage_ability_selection.spec.js" timestamp="2026-01-30T19:30:10.085Z" hostname="chromium" tests="3" failures="0" skipped="0" time="3.028" errors="0">
<testcase name="ability_selection stage - knight (BATTLE_HOWL) skips to opponent_selection" classname="stage_ability_selection.spec.js" time="0.91">
</testcase>
<testcase name="ability_selection stage - archer (BOUNCING_ARROW) skips to opponent_selection" classname="stage_ability_selection.spec.js" time="1.041">
</testcase>
<testcase name="ability_selection stage - mage (FREEZE) goes to ability_opponent_selection" classname="stage_ability_selection.spec.js" time="1.077">
</testcase>
</testsuite>
<testsuite name="stage_battle.spec.js" timestamp="2026-01-30T19:30:10.085Z" hostname="chromium" tests="5" failures="0" skipped="0" time="16.493" errors="0">
<testcase name="battle stage - player 1 wins" classname="stage_battle.spec.js" time="2.928">
</testcase>
<testcase name="battle stage - player 2 wins" classname="stage_battle.spec.js" time="2.93">
</testcase>
<testcase name="battle stage - draw with reroll" classname="stage_battle.spec.js" time="3.521">
</testcase>
<testcase name="battle stage - reroll effect after loss" classname="stage_battle.spec.js" time="3.631">
</testcase>
<testcase name="battle stage - draw with attack bonus effect" classname="stage_battle.spec.js" time="3.483">
</testcase>
</testsuite>
<testsuite name="stage_card_draw.spec.js" timestamp="2026-01-30T19:30:10.085Z" hostname="chromium" tests="4" failures="0" skipped="0" time="5.153" errors="0">
<testcase name="card_draw stage - knight draws metal_armor successfully" classname="stage_card_draw.spec.js" time="1.338">
</testcase>
<testcase name="card_draw stage - archer draws sacred_sword (restricted)" classname="stage_card_draw.spec.js" time="1.067">
</testcase>
<testcase name="card_draw stage - knight draws golden_apple and heals" classname="stage_card_draw.spec.js" time="1.362">
</testcase>
<testcase name="card_draw stage - knight at max health draws golden_apple (no overheal)" classname="stage_card_draw.spec.js" time="1.386">
</testcase>
</testsuite>
<testsuite name="stage_charachter_select.spec.js" timestamp="2026-01-30T19:30:10.085Z" hostname="chromium" tests="7" failures="0" skipped="0" time="7.354" errors="0">
<testcase name="character_select stage - knight not alive" classname="stage_charachter_select.spec.js" time="1.065">
</testcase>
<testcase name="character_select stage - mage not alive" classname="stage_charachter_select.spec.js" time="0.939">
</testcase>
<testcase name="character_select stage - archer not alive" classname="stage_charachter_select.spec.js" time="0.946">
</testcase>
<testcase name="character_select stage - knight has skip_turn effect" classname="stage_charachter_select.spec.js" time="1.068">
</testcase>
<testcase name="character_select stage - skip_turn effect removed after character selection" classname="stage_charachter_select.spec.js" time="0.866">
</testcase>
<testcase name="character_select stage - no character available shows Skip Turn button" classname="stage_charachter_select.spec.js" time="1.166">
</testcase>
<testcase name="character_select stage - Skip Turn button passes turn to next player" classname="stage_charachter_select.spec.js" time="1.304">
</testcase>
</testsuite>
<testsuite name="basic_flow.spec.js" timestamp="2026-01-30T19:30:10.085Z" hostname="mobile-landscape" tests="1" failures="0" skipped="0" time="12.54" errors="0">
<testcase name="basic game flow" classname="basic_flow.spec.js" time="12.54">
</testcase>
</testsuite>
<testsuite name="disconnected.spec.js" timestamp="2026-01-30T19:30:10.085Z" hostname="mobile-landscape" tests="1" failures="0" skipped="0" time="2.203" errors="0">
<testcase name="disconnected player overlay in players menu" classname="disconnected.spec.js" time="2.203">
</testcase>
</testsuite>
<testsuite name="home.spec.js" timestamp="2026-01-30T19:30:10.085Z" hostname="mobile-landscape" tests="9" failures="0" skipped="0" time="10.756" errors="0">
<testcase name="should show error toast when username is empty" classname="home.spec.js" time="1.461">
</testcase>
<testcase name="should show error toast when username is only whitespace" classname="home.spec.js" time="1.267">
</testcase>
<testcase name="should allow joining game with valid username" classname="home.spec.js" time="1.037">
</testcase>
<testcase name="should trim whitespace from username when joining" classname="home.spec.js" time="0.941">
</testcase>
<testcase name="should show search dropdown when typing game name" classname="home.spec.js" time="1.165">
</testcase>
<testcase name="should populate input when clicking search result" classname="home.spec.js" time="1.111">
</testcase>
<testcase name="should show load more button when more results available" classname="home.spec.js" time="1.066">
</testcase>
<testcase name="should show no results message when no games match" classname="home.spec.js" time="1.146">
</testcase>
<testcase name="should reset search when query changes" classname="home.spec.js" time="1.562">
</testcase>
</testsuite>
<testsuite name="minimum_players.spec.js" timestamp="2026-01-30T19:30:10.085Z" hostname="mobile-landscape" tests="2" failures="0" skipped="0" time="1.039" errors="0">
<testcase name="minimum player overlay appears with single player" classname="minimum_players.spec.js" time="0.496">
</testcase>
<testcase name="minimum player overlay not present with two players" classname="minimum_players.spec.js" time="0.543">
</testcase>
</testsuite>
<testsuite name="players_menu.spec.js" timestamp="2026-01-30T19:30:10.085Z" hostname="mobile-landscape" tests="1" failures="0" skipped="0" time="1.996" errors="0">
<testcase name="players menu minified by default with global toggle" classname="players_menu.spec.js" time="1.996">
</testcase>
</testsuite>
<testsuite name="shared_area.spec.js" timestamp="2026-01-30T19:30:10.085Z" hostname="mobile-landscape" tests="2" failures="0" skipped="0" time="3.984" errors="0">
<testcase name="shared area dynamic alignment - character selection stage" classname="shared_area.spec.js" time="1.93">
</testcase>
<testcase name="shared area dynamic alignment - opponent selection stage" classname="shared_area.spec.js" time="2.054">
</testcase>
</testsuite>
<testsuite name="stage_ability_selection.spec.js" timestamp="2026-01-30T19:30:10.085Z" hostname="mobile-landscape" tests="3" failures="0" skipped="0" time="3.146" errors="0">
<testcase name="ability_selection stage - knight (BATTLE_HOWL) skips to opponent_selection" classname="stage_ability_selection.spec.js" time="1.046">
</testcase>
<testcase name="ability_selection stage - archer (BOUNCING_ARROW) skips to opponent_selection" classname="stage_ability_selection.spec.js" time="0.978">
</testcase>
<testcase name="ability_selection stage - mage (FREEZE) goes to ability_opponent_selection" classname="stage_ability_selection.spec.js" time="1.122">
</testcase>
</testsuite>
<testsuite name="stage_battle.spec.js" timestamp="2026-01-30T19:30:10.085Z" hostname="mobile-landscape" tests="5" failures="0" skipped="0" time="14.217" errors="0">
<testcase name="battle stage - player 1 wins" classname="stage_battle.spec.js" time="2.949">
</testcase>
<testcase name="battle stage - player 2 wins" classname="stage_battle.spec.js" time="2.743">
</testcase>
<testcase name="battle stage - draw with reroll" classname="stage_battle.spec.js" time="2.724">
</testcase>
<testcase name="battle stage - reroll effect after loss" classname="stage_battle.spec.js" time="2.926">
</testcase>
<testcase name="battle stage - draw with attack bonus effect" classname="stage_battle.spec.js" time="2.875">
</testcase>
</testsuite>
<testsuite name="stage_card_draw.spec.js" timestamp="2026-01-30T19:30:10.085Z" hostname="mobile-landscape" tests="4" failures="0" skipped="0" time="4.92" errors="0">
<testcase name="card_draw stage - knight draws metal_armor successfully" classname="stage_card_draw.spec.js" time="1.031">
</testcase>
<testcase name="card_draw stage - archer draws sacred_sword (restricted)" classname="stage_card_draw.spec.js" time="1.153">
</testcase>
<testcase name="card_draw stage - knight draws golden_apple and heals" classname="stage_card_draw.spec.js" time="1.348">
</testcase>
<testcase name="card_draw stage - knight at max health draws golden_apple (no overheal)" classname="stage_card_draw.spec.js" time="1.388">
</testcase>
</testsuite>
<testsuite name="stage_charachter_select.spec.js" timestamp="2026-01-30T19:30:10.085Z" hostname="mobile-landscape" tests="7" failures="0" skipped="0" time="7.094" errors="0">
<testcase name="character_select stage - knight not alive" classname="stage_charachter_select.spec.js" time="0.992">
</testcase>
<testcase name="character_select stage - mage not alive" classname="stage_charachter_select.spec.js" time="0.976">
</testcase>
<testcase name="character_select stage - archer not alive" classname="stage_charachter_select.spec.js" time="0.911">
</testcase>
<testcase name="character_select stage - knight has skip_turn effect" classname="stage_charachter_select.spec.js" time="0.99">
</testcase>
<testcase name="character_select stage - skip_turn effect removed after character selection" classname="stage_charachter_select.spec.js" time="0.848">
</testcase>
<testcase name="character_select stage - no character available shows Skip Turn button" classname="stage_charachter_select.spec.js" time="1.105">
</testcase>
<testcase name="character_select stage - Skip Turn button passes turn to next player" classname="stage_charachter_select.spec.js" time="1.272">
</testcase>
</testsuite>
</testsuites>