<testsuites id="" name="" tests="56" failures="0" skipped="0" errors="0" time="112.89859700000001">
<testsuite name="basic_flow.spec.js" timestamp="2026-01-25T17:35:05.367Z" hostname="chromium" tests="1" failures="0" skipped="0" time="10.195" errors="0">
<testcase name="basic game flow" classname="basic_flow.spec.js" time="10.195">
</testcase>
</testsuite>
<testsuite name="disconnected.spec.js" timestamp="2026-01-25T17:35:05.367Z" hostname="chromium" tests="1" failures="0" skipped="0" time="1.816" errors="0">
<testcase name="disconnected player overlay in players menu" classname="disconnected.spec.js" time="1.816">
</testcase>
</testsuite>
<testsuite name="home.spec.js" timestamp="2026-01-25T17:35:05.367Z" hostname="chromium" tests="4" failures="0" skipped="0" time="3.072" errors="0">
<testcase name="should show error toast when username is empty" classname="home.spec.js" time="0.824">
</testcase>
<testcase name="should show error toast when username is only whitespace" classname="home.spec.js" time="0.8">
</testcase>
<testcase name="should allow joining game with valid username" classname="home.spec.js" time="0.73">
</testcase>
<testcase name="should trim whitespace from username when joining" classname="home.spec.js" time="0.718">
</testcase>
</testsuite>
<testsuite name="minimum_players.spec.js" timestamp="2026-01-25T17:35:05.367Z" hostname="chromium" tests="2" failures="0" skipped="0" time="1.024" errors="0">
<testcase name="minimum player overlay appears with single player" classname="minimum_players.spec.js" time="0.503">
</testcase>
<testcase name="minimum player overlay not present with two players" classname="minimum_players.spec.js" time="0.521">
</testcase>
</testsuite>
<testsuite name="players_menu.spec.js" timestamp="2026-01-25T17:35:05.367Z" hostname="chromium" tests="1" failures="0" skipped="0" time="1.87" errors="0">
<testcase name="players menu minified by default with global toggle" classname="players_menu.spec.js" time="1.87">
</testcase>
</testsuite>
<testsuite name="shared_area.spec.js" timestamp="2026-01-25T17:35:05.367Z" hostname="chromium" tests="2" failures="0" skipped="0" time="2.476" errors="0">
<testcase name="shared area dynamic alignment - character selection stage" classname="shared_area.spec.js" time="1.205">
</testcase>
<testcase name="shared area dynamic alignment - opponent selection stage" classname="shared_area.spec.js" time="1.271">
</testcase>
</testsuite>
<testsuite name="stage_ability_selection.spec.js" timestamp="2026-01-25T17:35:05.367Z" hostname="chromium" tests="3" failures="0" skipped="0" time="3.095" errors="0">
<testcase name="ability_selection stage - knight (BATTLE_HOWL) skips to opponent_selection" classname="stage_ability_selection.spec.js" time="1.034">
</testcase>
<testcase name="ability_selection stage - archer (BOUNCING_ARROW) skips to opponent_selection" classname="stage_ability_selection.spec.js" time="1.051">
</testcase>
<testcase name="ability_selection stage - mage (FREEZE) goes to ability_opponent_selection" classname="stage_ability_selection.spec.js" time="1.01">
</testcase>
</testsuite>
<testsuite name="stage_battle.spec.js" timestamp="2026-01-25T17:35:05.367Z" hostname="chromium" tests="5" failures="0" skipped="0" time="15.8" errors="0">
<testcase name="battle stage - player 1 wins" classname="stage_battle.spec.js" time="2.976">
</testcase>
<testcase name="battle stage - player 2 wins" classname="stage_battle.spec.js" time="2.919">
</testcase>
<testcase name="battle stage - draw with reroll" classname="stage_battle.spec.js" time="2.896">
</testcase>
<testcase name="battle stage - reroll effect after loss" classname="stage_battle.spec.js" time="4.007">
</testcase>
<testcase name="battle stage - draw with attack bonus effect" classname="stage_battle.spec.js" time="3.002">
</testcase>
</testsuite>
<testsuite name="stage_card_draw.spec.js" timestamp="2026-01-25T17:35:05.367Z" hostname="chromium" tests="4" failures="0" skipped="0" time="4.954" errors="0">
<testcase name="card_draw stage - knight draws metal_armor successfully" classname="stage_card_draw.spec.js" time="1.157">
</testcase>
<testcase name="card_draw stage - archer draws sacred_sword (restricted)" classname="stage_card_draw.spec.js" time="1.179">
</testcase>
<testcase name="card_draw stage - knight draws golden_apple and heals" classname="stage_card_draw.spec.js" time="1.317">
</testcase>
<testcase name="card_draw stage - knight at max health draws golden_apple (no overheal)" classname="stage_card_draw.spec.js" time="1.301">
</testcase>
</testsuite>
<testsuite name="stage_charachter_select.spec.js" timestamp="2026-01-25T17:35:05.367Z" hostname="chromium" tests="5" failures="0" skipped="0" time="4.459" errors="0">
<testcase name="character_select stage - knight not alive" classname="stage_charachter_select.spec.js" time="0.947">
</testcase>
<testcase name="character_select stage - mage not alive" classname="stage_charachter_select.spec.js" time="0.877">
</testcase>
<testcase name="character_select stage - archer not alive" classname="stage_charachter_select.spec.js" time="0.915">
</testcase>
<testcase name="character_select stage - knight has skip_turn effect" classname="stage_charachter_select.spec.js" time="0.876">
</testcase>
<testcase name="character_select stage - skip_turn effect removed after character selection" classname="stage_charachter_select.spec.js" time="0.844">
</testcase>
</testsuite>
<testsuite name="basic_flow.spec.js" timestamp="2026-01-25T17:35:05.367Z" hostname="mobile-landscape" tests="1" failures="0" skipped="0" time="12.165" errors="0">
<testcase name="basic game flow" classname="basic_flow.spec.js" time="12.165">
</testcase>
</testsuite>
<testsuite name="disconnected.spec.js" timestamp="2026-01-25T17:35:05.367Z" hostname="mobile-landscape" tests="1" failures="0" skipped="0" time="2.048" errors="0">
<testcase name="disconnected player overlay in players menu" classname="disconnected.spec.js" time="2.048">
</testcase>
</testsuite>
<testsuite name="home.spec.js" timestamp="2026-01-25T17:35:05.367Z" hostname="mobile-landscape" tests="4" failures="0" skipped="0" time="4.901" errors="0">
<testcase name="should show error toast when username is empty" classname="home.spec.js" time="1.41">
</testcase>
<testcase name="should show error toast when username is only whitespace" classname="home.spec.js" time="1.375">
</testcase>
<testcase name="should allow joining game with valid username" classname="home.spec.js" time="1.063">
</testcase>
<testcase name="should trim whitespace from username when joining" classname="home.spec.js" time="1.053">
</testcase>
</testsuite>
<testsuite name="minimum_players.spec.js" timestamp="2026-01-25T17:35:05.367Z" hostname="mobile-landscape" tests="2" failures="0" skipped="0" time="1.186" errors="0">
<testcase name="minimum player overlay appears with single player" classname="minimum_players.spec.js" time="0.593">
</testcase>
<testcase name="minimum player overlay not present with two players" classname="minimum_players.spec.js" time="0.593">
</testcase>
</testsuite>
<testsuite name="players_menu.spec.js" timestamp="2026-01-25T17:35:05.367Z" hostname="mobile-landscape" tests="1" failures="0" skipped="0" time="2.123" errors="0">
<testcase name="players menu minified by default with global toggle" classname="players_menu.spec.js" time="2.123">
</testcase>
</testsuite>
<testsuite name="shared_area.spec.js" timestamp="2026-01-25T17:35:05.367Z" hostname="mobile-landscape" tests="2" failures="0" skipped="0" time="3.825" errors="0">
<testcase name="shared area dynamic alignment - character selection stage" classname="shared_area.spec.js" time="1.841">
</testcase>
<testcase name="shared area dynamic alignment - opponent selection stage" classname="shared_area.spec.js" time="1.984">
</testcase>
</testsuite>
<testsuite name="stage_ability_selection.spec.js" timestamp="2026-01-25T17:35:05.367Z" hostname="mobile-landscape" tests="3" failures="0" skipped="0" time="3.429" errors="0">
<testcase name="ability_selection stage - knight (BATTLE_HOWL) skips to opponent_selection" classname="stage_ability_selection.spec.js" time="1.152">
</testcase>
<testcase name="ability_selection stage - archer (BOUNCING_ARROW) skips to opponent_selection" classname="stage_ability_selection.spec.js" time="1.151">
</testcase>
<testcase name="ability_selection stage - mage (FREEZE) goes to ability_opponent_selection" classname="stage_ability_selection.spec.js" time="1.126">
</testcase>
</testsuite>
<testsuite name="stage_battle.spec.js" timestamp="2026-01-25T17:35:05.367Z" hostname="mobile-landscape" tests="5" failures="0" skipped="0" time="15.008" errors="0">
<testcase name="battle stage - player 1 wins" classname="stage_battle.spec.js" time="2.937">
</testcase>
<testcase name="battle stage - player 2 wins" classname="stage_battle.spec.js" time="2.994">
</testcase>
<testcase name="battle stage - draw with reroll" classname="stage_battle.spec.js" time="2.986">
</testcase>
<testcase name="battle stage - reroll effect after loss" classname="stage_battle.spec.js" time="3.101">
</testcase>
<testcase name="battle stage - draw with attack bonus effect" classname="stage_battle.spec.js" time="2.99">
</testcase>
</testsuite>
<testsuite name="stage_card_draw.spec.js" timestamp="2026-01-25T17:35:05.367Z" hostname="mobile-landscape" tests="4" failures="0" skipped="0" time="5.436" errors="0">
<testcase name="card_draw stage - knight draws metal_armor successfully" classname="stage_card_draw.spec.js" time="1.232">
</testcase>
<testcase name="card_draw stage - archer draws sacred_sword (restricted)" classname="stage_card_draw.spec.js" time="1.323">
</testcase>
<testcase name="card_draw stage - knight draws golden_apple and heals" classname="stage_card_draw.spec.js" time="1.456">
</testcase>
<testcase name="card_draw stage - knight at max health draws golden_apple (no overheal)" classname="stage_card_draw.spec.js" time="1.425">
</testcase>
</testsuite>
<testsuite name="stage_charachter_select.spec.js" timestamp="2026-01-25T17:35:05.367Z" hostname="mobile-landscape" tests="5" failures="0" skipped="0" time="4.841" errors="0">
<testcase name="character_select stage - knight not alive" classname="stage_charachter_select.spec.js" time="0.966">
</testcase>
<testcase name="character_select stage - mage not alive" classname="stage_charachter_select.spec.js" time="1.029">
</testcase>
<testcase name="character_select stage - archer not alive" classname="stage_charachter_select.spec.js" time="0.966">
</testcase>
<testcase name="character_select stage - knight has skip_turn effect" classname="stage_charachter_select.spec.js" time="0.972">
</testcase>
<testcase name="character_select stage - skip_turn effect removed after character selection" classname="stage_charachter_select.spec.js" time="0.908">
</testcase>
</testsuite>
</testsuites>