<testsuites id="" name="" tests="48" failures="2" skipped="0" errors="0" time="113.636433">
<testsuite name="basic_flow.spec.js" timestamp="2026-01-21T19:31:18.882Z" hostname="chromium" tests="1" failures="0" skipped="0" time="10.122" errors="0">
<testcase name="basic game flow" classname="basic_flow.spec.js" time="10.122">
</testcase>
</testsuite>
<testsuite name="disconnected.spec.js" timestamp="2026-01-21T19:31:18.882Z" hostname="chromium" tests="1" failures="0" skipped="0" time="1.967" errors="0">
<testcase name="disconnected player overlay in players menu" classname="disconnected.spec.js" time="1.967">
</testcase>
</testsuite>
<testsuite name="home.spec.js" timestamp="2026-01-21T19:31:18.882Z" hostname="chromium" tests="4" failures="0" skipped="0" time="3.269" errors="0">
<testcase name="should show error toast when username is empty" classname="home.spec.js" time="0.839">
</testcase>
<testcase name="should show error toast when username is only whitespace" classname="home.spec.js" time="0.91">
</testcase>
<testcase name="should allow joining game with valid username" classname="home.spec.js" time="0.777">
</testcase>
<testcase name="should trim whitespace from username when joining" classname="home.spec.js" time="0.743">
</testcase>
</testsuite>
<testsuite name="minimum_players.spec.js" timestamp="2026-01-21T19:31:18.882Z" hostname="chromium" tests="2" failures="0" skipped="0" time="1.087" errors="0">
<testcase name="minimum player overlay appears with single player" classname="minimum_players.spec.js" time="0.551">
</testcase>
<testcase name="minimum player overlay not present with two players" classname="minimum_players.spec.js" time="0.536">
</testcase>
</testsuite>
<testsuite name="players_menu.spec.js" timestamp="2026-01-21T19:31:18.882Z" hostname="chromium" tests="1" failures="0" skipped="0" time="1.877" errors="0">
<testcase name="players menu minified by default with global toggle" classname="players_menu.spec.js" time="1.877">
</testcase>
</testsuite>
<testsuite name="shared_area.spec.js" timestamp="2026-01-21T19:31:18.882Z" hostname="chromium" tests="2" failures="0" skipped="0" time="2.646" errors="0">
<testcase name="shared area dynamic alignment - character selection stage" classname="shared_area.spec.js" time="1.271">
</testcase>
<testcase name="shared area dynamic alignment - opponent selection stage" classname="shared_area.spec.js" time="1.375">
</testcase>
</testsuite>
<testsuite name="stage_ability_selection.spec.js" timestamp="2026-01-21T19:31:18.882Z" hostname="chromium" tests="3" failures="0" skipped="0" time="3.32" errors="0">
<testcase name="ability_selection stage - knight (BATTLE_HOWL) skips to opponent_selection" classname="stage_ability_selection.spec.js" time="1.123">
</testcase>
<testcase name="ability_selection stage - archer (BOUNCING_ARROW) skips to opponent_selection" classname="stage_ability_selection.spec.js" time="1.07">
</testcase>
<testcase name="ability_selection stage - mage (FREEZE) goes to ability_opponent_selection" classname="stage_ability_selection.spec.js" time="1.127">
</testcase>
</testsuite>
<testsuite name="stage_battle.spec.js" timestamp="2026-01-21T19:31:18.882Z" hostname="chromium" tests="5" failures="0" skipped="0" time="15.186" errors="0">
<testcase name="battle stage - player 1 wins" classname="stage_battle.spec.js" time="2.985">
</testcase>
<testcase name="battle stage - player 2 wins" classname="stage_battle.spec.js" time="2.965">
</testcase>
<testcase name="battle stage - draw with reroll" classname="stage_battle.spec.js" time="3.027">
</testcase>
<testcase name="battle stage - reroll effect after loss" classname="stage_battle.spec.js" time="3.205">
</testcase>
<testcase name="battle stage - draw with attack bonus effect" classname="stage_battle.spec.js" time="3.004">
</testcase>
</testsuite>
<testsuite name="stage_charachter_select.spec.js" timestamp="2026-01-21T19:31:18.882Z" hostname="chromium" tests="5" failures="1" skipped="0" time="9.823" errors="0">
<testcase name="character_select stage - knight not alive" classname="stage_charachter_select.spec.js" time="0.972">
</testcase>
<testcase name="character_select stage - mage not alive" classname="stage_charachter_select.spec.js" time="0.908">
</testcase>
<testcase name="character_select stage - archer not alive" classname="stage_charachter_select.spec.js" time="0.85">
</testcase>
<testcase name="character_select stage - knight has skip_turn effect" classname="stage_charachter_select.spec.js" time="0.891">
</testcase>
<testcase name="character_select stage - skip_turn effect removed after character selection" classname="stage_charachter_select.spec.js" time="6.202">
<failure message="stage_charachter_select.spec.js:129:1 character_select stage - skip_turn effect removed after character selection" type="FAILURE">
<![CDATA[  [chromium] › stage_charachter_select.spec.js:129:1 › character_select stage - skip_turn effect removed after character selection 

    Error: expect(locator).toBeVisible() failed

    Locator:  locator('[data-shared-area-active="true"]').locator('[data-ability="freeze"]')
    Expected: visible
    Received: <element(s) not found>
    Timeout:  5000ms

    Call log:
      - Expect "toBeVisible" with timeout 5000ms
      - waiting for locator('[data-shared-area-active="true"]').locator('[data-ability="freeze"]')


      148 |   const sharedArea = page.locator('[data-shared-area-active="true"]');
      149 |   const freezeAbility = sharedArea.locator('[data-ability="freeze"]');
    > 150 |   await expect(freezeAbility).toBeVisible();
          |                               ^
      151 |
      152 |   // Verify knight no longer has skip_turn effect (effect was removed)
      153 |   // The data-effects attribute should no longer contain skip_turn
        at /home/runner/work/heroes-of-talisman/heroes-of-talisman/e2e/stage_charachter_select.spec.js:150:31

    Error Context: ../test-results/stage_charachter_select-ch-e967f-d-after-character-selection-chromium/error-context.md
]]>
</failure>
<system-out>
<![CDATA[
[[ATTACHMENT|../test-results/stage_charachter_select-ch-e967f-d-after-character-selection-chromium/error-context.md]]
]]>
</system-out>
</testcase>
</testsuite>
<testsuite name="basic_flow.spec.js" timestamp="2026-01-21T19:31:18.882Z" hostname="mobile-landscape" tests="1" failures="0" skipped="0" time="12.15" errors="0">
<testcase name="basic game flow" classname="basic_flow.spec.js" time="12.15">
</testcase>
</testsuite>
<testsuite name="disconnected.spec.js" timestamp="2026-01-21T19:31:18.882Z" hostname="mobile-landscape" tests="1" failures="0" skipped="0" time="2.094" errors="0">
<testcase name="disconnected player overlay in players menu" classname="disconnected.spec.js" time="2.094">
</testcase>
</testsuite>
<testsuite name="home.spec.js" timestamp="2026-01-21T19:31:18.882Z" hostname="mobile-landscape" tests="4" failures="0" skipped="0" time="4.915" errors="0">
<testcase name="should show error toast when username is empty" classname="home.spec.js" time="1.406">
</testcase>
<testcase name="should show error toast when username is only whitespace" classname="home.spec.js" time="1.389">
</testcase>
<testcase name="should allow joining game with valid username" classname="home.spec.js" time="1.057">
</testcase>
<testcase name="should trim whitespace from username when joining" classname="home.spec.js" time="1.063">
</testcase>
</testsuite>
<testsuite name="minimum_players.spec.js" timestamp="2026-01-21T19:31:18.882Z" hostname="mobile-landscape" tests="2" failures="0" skipped="0" time="1.184" errors="0">
<testcase name="minimum player overlay appears with single player" classname="minimum_players.spec.js" time="0.599">
</testcase>
<testcase name="minimum player overlay not present with two players" classname="minimum_players.spec.js" time="0.585">
</testcase>
</testsuite>
<testsuite name="players_menu.spec.js" timestamp="2026-01-21T19:31:18.882Z" hostname="mobile-landscape" tests="1" failures="0" skipped="0" time="2.295" errors="0">
<testcase name="players menu minified by default with global toggle" classname="players_menu.spec.js" time="2.295">
</testcase>
</testsuite>
<testsuite name="shared_area.spec.js" timestamp="2026-01-21T19:31:18.882Z" hostname="mobile-landscape" tests="2" failures="0" skipped="0" time="3.741" errors="0">
<testcase name="shared area dynamic alignment - character selection stage" classname="shared_area.spec.js" time="1.886">
</testcase>
<testcase name="shared area dynamic alignment - opponent selection stage" classname="shared_area.spec.js" time="1.855">
</testcase>
</testsuite>
<testsuite name="stage_ability_selection.spec.js" timestamp="2026-01-21T19:31:18.882Z" hostname="mobile-landscape" tests="3" failures="0" skipped="0" time="3.522" errors="0">
<testcase name="ability_selection stage - knight (BATTLE_HOWL) skips to opponent_selection" classname="stage_ability_selection.spec.js" time="1.163">
</testcase>
<testcase name="ability_selection stage - archer (BOUNCING_ARROW) skips to opponent_selection" classname="stage_ability_selection.spec.js" time="1.159">
</testcase>
<testcase name="ability_selection stage - mage (FREEZE) goes to ability_opponent_selection" classname="stage_ability_selection.spec.js" time="1.2">
</testcase>
</testsuite>
<testsuite name="stage_battle.spec.js" timestamp="2026-01-21T19:31:18.882Z" hostname="mobile-landscape" tests="5" failures="0" skipped="0" time="15.597" errors="0">
<testcase name="battle stage - player 1 wins" classname="stage_battle.spec.js" time="3.131">
</testcase>
<testcase name="battle stage - player 2 wins" classname="stage_battle.spec.js" time="3.179">
</testcase>
<testcase name="battle stage - draw with reroll" classname="stage_battle.spec.js" time="3.005">
</testcase>
<testcase name="battle stage - reroll effect after loss" classname="stage_battle.spec.js" time="3.175">
</testcase>
<testcase name="battle stage - draw with attack bonus effect" classname="stage_battle.spec.js" time="3.107">
</testcase>
</testsuite>
<testsuite name="stage_charachter_select.spec.js" timestamp="2026-01-21T19:31:18.882Z" hostname="mobile-landscape" tests="5" failures="1" skipped="0" time="10.168" errors="0">
<testcase name="character_select stage - knight not alive" classname="stage_charachter_select.spec.js" time="0.979">
</testcase>
<testcase name="character_select stage - mage not alive" classname="stage_charachter_select.spec.js" time="0.968">
</testcase>
<testcase name="character_select stage - archer not alive" classname="stage_charachter_select.spec.js" time="0.998">
</testcase>
<testcase name="character_select stage - knight has skip_turn effect" classname="stage_charachter_select.spec.js" time="1.018">
</testcase>
<testcase name="character_select stage - skip_turn effect removed after character selection" classname="stage_charachter_select.spec.js" time="6.205">
<failure message="stage_charachter_select.spec.js:129:1 character_select stage - skip_turn effect removed after character selection" type="FAILURE">
<![CDATA[  [mobile-landscape] › stage_charachter_select.spec.js:129:1 › character_select stage - skip_turn effect removed after character selection 

    Error: expect(locator).toBeVisible() failed

    Locator:  locator('[data-shared-area-active="true"]').locator('[data-ability="freeze"]')
    Expected: visible
    Received: <element(s) not found>
    Timeout:  5000ms

    Call log:
      - Expect "toBeVisible" with timeout 5000ms
      - waiting for locator('[data-shared-area-active="true"]').locator('[data-ability="freeze"]')


      148 |   const sharedArea = page.locator('[data-shared-area-active="true"]');
      149 |   const freezeAbility = sharedArea.locator('[data-ability="freeze"]');
    > 150 |   await expect(freezeAbility).toBeVisible();
          |                               ^
      151 |
      152 |   // Verify knight no longer has skip_turn effect (effect was removed)
      153 |   // The data-effects attribute should no longer contain skip_turn
        at /home/runner/work/heroes-of-talisman/heroes-of-talisman/e2e/stage_charachter_select.spec.js:150:31

    Error Context: ../test-results/stage_charachter_select-ch-e967f-d-after-character-selection-mobile-landscape/error-context.md
]]>
</failure>
<system-out>
<![CDATA[
[[ATTACHMENT|../test-results/stage_charachter_select-ch-e967f-d-after-character-selection-mobile-landscape/error-context.md]]
]]>
</system-out>
</testcase>
</testsuite>
</testsuites>