<testsuites id="" name="" tests="48" failures="4" skipped="0" errors="0" time="102.702553">
<testsuite name="basic_flow.spec.js" timestamp="2026-01-20T04:32:54.998Z" hostname="chromium" tests="1" failures="1" skipped="0" time="4.427" errors="0">
<testcase name="basic game flow" classname="basic_flow.spec.js" time="4.427">
<failure message="basic_flow.spec.js:269:1 basic game flow" type="FAILURE">
<![CDATA[  [chromium] › basic_flow.spec.js:269:1 › basic game flow ──────────────────────────────────────────

    TimeoutError: page.waitForSelector: Timeout 1000ms exceeded.
    Call log:
      - waiting for locator('[data-game-stage="ability_selection"]') to be visible


       at test_helpers.js:129

      127 |  */
      128 | export async function waitForStage(page, stage, timeout = TIMEOUT) {
    > 129 |   await page.waitForSelector(`[data-game-stage="${stage}"]`, { timeout });
          |              ^
      130 | }
      131 |
      132 | /**
        at waitForStage (/home/runner/work/heroes-of-talisman/heroes-of-talisman/e2e/test_helpers.js:129:14)
        at testCharacterSelection (/home/runner/work/heroes-of-talisman/heroes-of-talisman/e2e/basic_flow.spec.js:114:9)
        at /home/runner/work/heroes-of-talisman/heroes-of-talisman/e2e/basic_flow.spec.js:309:3

    attachment #3: player-connection-message (text/plain) ──────────────────────────────────────────
    התחברת למשחק
    ────────────────────────────────────────────────────────────────────────────────────────────────

    attachment #5: player2-connection-message (text/plain) ─────────────────────────────────────────
    התחברת למשחק
    ────────────────────────────────────────────────────────────────────────────────────────────────

    Error Context: ../test-results/basic_flow-basic-game-flow-chromium/error-context.md
]]>
</failure>
<system-out>
<![CDATA[
[[ATTACHMENT|../test-results/basic_flow-basic-game-flow-chromium/error-context.md]]
]]>
</system-out>
</testcase>
</testsuite>
<testsuite name="disconnected.spec.js" timestamp="2026-01-20T04:32:54.998Z" hostname="chromium" tests="1" failures="0" skipped="0" time="1.995" errors="0">
<testcase name="disconnected player overlay in players menu" classname="disconnected.spec.js" time="1.995">
</testcase>
</testsuite>
<testsuite name="home.spec.js" timestamp="2026-01-20T04:32:54.998Z" hostname="chromium" tests="4" failures="0" skipped="0" time="3.344" errors="0">
<testcase name="should show error toast when username is empty" classname="home.spec.js" time="0.877">
</testcase>
<testcase name="should show error toast when username is only whitespace" classname="home.spec.js" time="0.886">
</testcase>
<testcase name="should allow joining game with valid username" classname="home.spec.js" time="0.866">
</testcase>
<testcase name="should trim whitespace from username when joining" classname="home.spec.js" time="0.715">
</testcase>
</testsuite>
<testsuite name="minimum_players.spec.js" timestamp="2026-01-20T04:32:54.998Z" hostname="chromium" tests="2" failures="0" skipped="0" time="1.089" errors="0">
<testcase name="minimum player overlay appears with single player" classname="minimum_players.spec.js" time="0.55">
</testcase>
<testcase name="minimum player overlay not present with two players" classname="minimum_players.spec.js" time="0.539">
</testcase>
</testsuite>
<testsuite name="players_menu.spec.js" timestamp="2026-01-20T04:32:54.998Z" hostname="chromium" tests="1" failures="0" skipped="0" time="1.997" errors="0">
<testcase name="players menu minified by default with global toggle" classname="players_menu.spec.js" time="1.997">
</testcase>
</testsuite>
<testsuite name="shared_area.spec.js" timestamp="2026-01-20T04:32:54.998Z" hostname="chromium" tests="2" failures="0" skipped="0" time="2.595" errors="0">
<testcase name="shared area dynamic alignment - character selection stage" classname="shared_area.spec.js" time="1.297">
</testcase>
<testcase name="shared area dynamic alignment - opponent selection stage" classname="shared_area.spec.js" time="1.298">
</testcase>
</testsuite>
<testsuite name="stage_ability_selection.spec.js" timestamp="2026-01-20T04:32:54.998Z" hostname="chromium" tests="3" failures="0" skipped="0" time="3.144" errors="0">
<testcase name="ability_selection stage - knight (BATTLE_HOWL) skips to opponent_selection" classname="stage_ability_selection.spec.js" time="1.063">
</testcase>
<testcase name="ability_selection stage - archer (BOUNCING_ARROW) skips to opponent_selection" classname="stage_ability_selection.spec.js" time="1.038">
</testcase>
<testcase name="ability_selection stage - mage (FREEZE) goes to ability_opponent_selection" classname="stage_ability_selection.spec.js" time="1.043">
</testcase>
</testsuite>
<testsuite name="stage_battle.spec.js" timestamp="2026-01-20T04:32:54.998Z" hostname="chromium" tests="5" failures="0" skipped="0" time="14.781" errors="0">
<testcase name="battle stage - player 1 wins" classname="stage_battle.spec.js" time="2.991">
</testcase>
<testcase name="battle stage - player 2 wins" classname="stage_battle.spec.js" time="2.928">
</testcase>
<testcase name="battle stage - draw with reroll" classname="stage_battle.spec.js" time="2.92">
</testcase>
<testcase name="battle stage - reroll effect after loss" classname="stage_battle.spec.js" time="3.02">
</testcase>
<testcase name="battle stage - draw with attack bonus effect" classname="stage_battle.spec.js" time="2.922">
</testcase>
</testsuite>
<testsuite name="stage_charachter_select.spec.js" timestamp="2026-01-20T04:32:54.998Z" hostname="chromium" tests="5" failures="1" skipped="0" time="9.522" errors="0">
<testcase name="character_select stage - knight not alive" classname="stage_charachter_select.spec.js" time="0.847">
</testcase>
<testcase name="character_select stage - mage not alive" classname="stage_charachter_select.spec.js" time="0.862">
</testcase>
<testcase name="character_select stage - archer not alive" classname="stage_charachter_select.spec.js" time="0.883">
</testcase>
<testcase name="character_select stage - knight has skip_turn effect" classname="stage_charachter_select.spec.js" time="0.873">
</testcase>
<testcase name="character_select stage - skip_turn effect removed after character selection" classname="stage_charachter_select.spec.js" time="6.057">
<failure message="stage_charachter_select.spec.js:129:1 character_select stage - skip_turn effect removed after character selection" type="FAILURE">
<![CDATA[  [chromium] › stage_charachter_select.spec.js:129:1 › character_select stage - skip_turn effect removed after character selection 

    Error: expect(locator).toBeVisible() failed

    Locator:  locator('[data-shared-area-active="true"]').locator('[data-ability="freeze"]')
    Expected: visible
    Received: <element(s) not found>
    Timeout:  5000ms

    Call log:
      - Expect "toBeVisible" with timeout 5000ms
      - waiting for locator('[data-shared-area-active="true"]').locator('[data-ability="freeze"]')


      148 |   const sharedArea = page.locator('[data-shared-area-active="true"]');
      149 |   const freezeAbility = sharedArea.locator('[data-ability="freeze"]');
    > 150 |   await expect(freezeAbility).toBeVisible();
          |                               ^
      151 |
      152 |   // Verify knight no longer has skip_turn effect (effect was removed)
      153 |   // The data-effects attribute should no longer contain skip_turn
        at /home/runner/work/heroes-of-talisman/heroes-of-talisman/e2e/stage_charachter_select.spec.js:150:31

    Error Context: ../test-results/stage_charachter_select-ch-e967f-d-after-character-selection-chromium/error-context.md
]]>
</failure>
<system-out>
<![CDATA[
[[ATTACHMENT|../test-results/stage_charachter_select-ch-e967f-d-after-character-selection-chromium/error-context.md]]
]]>
</system-out>
</testcase>
</testsuite>
<testsuite name="basic_flow.spec.js" timestamp="2026-01-20T04:32:54.998Z" hostname="mobile-landscape" tests="1" failures="1" skipped="0" time="6.03" errors="0">
<testcase name="basic game flow" classname="basic_flow.spec.js" time="6.03">
<failure message="basic_flow.spec.js:269:1 basic game flow" type="FAILURE">
<![CDATA[  [mobile-landscape] › basic_flow.spec.js:269:1 › basic game flow ──────────────────────────────────

    TimeoutError: page.waitForSelector: Timeout 1000ms exceeded.
    Call log:
      - waiting for locator('[data-game-stage="ability_selection"]') to be visible


       at test_helpers.js:129

      127 |  */
      128 | export async function waitForStage(page, stage, timeout = TIMEOUT) {
    > 129 |   await page.waitForSelector(`[data-game-stage="${stage}"]`, { timeout });
          |              ^
      130 | }
      131 |
      132 | /**
        at waitForStage (/home/runner/work/heroes-of-talisman/heroes-of-talisman/e2e/test_helpers.js:129:14)
        at testCharacterSelection (/home/runner/work/heroes-of-talisman/heroes-of-talisman/e2e/basic_flow.spec.js:114:9)
        at /home/runner/work/heroes-of-talisman/heroes-of-talisman/e2e/basic_flow.spec.js:309:3

    attachment #3: player-connection-message (text/plain) ──────────────────────────────────────────
    התחברת למשחק
    ────────────────────────────────────────────────────────────────────────────────────────────────

    attachment #5: player2-connection-message (text/plain) ─────────────────────────────────────────
    התחברת למשחק
    ────────────────────────────────────────────────────────────────────────────────────────────────

    Error Context: ../test-results/basic_flow-basic-game-flow-mobile-landscape/error-context.md
]]>
</failure>
<system-out>
<![CDATA[
[[ATTACHMENT|../test-results/basic_flow-basic-game-flow-mobile-landscape/error-context.md]]
]]>
</system-out>
</testcase>
</testsuite>
<testsuite name="disconnected.spec.js" timestamp="2026-01-20T04:32:54.998Z" hostname="mobile-landscape" tests="1" failures="0" skipped="0" time="2.093" errors="0">
<testcase name="disconnected player overlay in players menu" classname="disconnected.spec.js" time="2.093">
</testcase>
</testsuite>
<testsuite name="home.spec.js" timestamp="2026-01-20T04:32:54.998Z" hostname="mobile-landscape" tests="4" failures="0" skipped="0" time="5.075" errors="0">
<testcase name="should show error toast when username is empty" classname="home.spec.js" time="1.488">
</testcase>
<testcase name="should show error toast when username is only whitespace" classname="home.spec.js" time="1.374">
</testcase>
<testcase name="should allow joining game with valid username" classname="home.spec.js" time="1.148">
</testcase>
<testcase name="should trim whitespace from username when joining" classname="home.spec.js" time="1.065">
</testcase>
</testsuite>
<testsuite name="minimum_players.spec.js" timestamp="2026-01-20T04:32:54.998Z" hostname="mobile-landscape" tests="2" failures="0" skipped="0" time="1.202" errors="0">
<testcase name="minimum player overlay appears with single player" classname="minimum_players.spec.js" time="0.578">
</testcase>
<testcase name="minimum player overlay not present with two players" classname="minimum_players.spec.js" time="0.624">
</testcase>
</testsuite>
<testsuite name="players_menu.spec.js" timestamp="2026-01-20T04:32:54.998Z" hostname="mobile-landscape" tests="1" failures="0" skipped="0" time="2.12" errors="0">
<testcase name="players menu minified by default with global toggle" classname="players_menu.spec.js" time="2.12">
</testcase>
</testsuite>
<testsuite name="shared_area.spec.js" timestamp="2026-01-20T04:32:54.998Z" hostname="mobile-landscape" tests="2" failures="0" skipped="0" time="3.78" errors="0">
<testcase name="shared area dynamic alignment - character selection stage" classname="shared_area.spec.js" time="1.852">
</testcase>
<testcase name="shared area dynamic alignment - opponent selection stage" classname="shared_area.spec.js" time="1.928">
</testcase>
</testsuite>
<testsuite name="stage_ability_selection.spec.js" timestamp="2026-01-20T04:32:54.998Z" hostname="mobile-landscape" tests="3" failures="0" skipped="0" time="3.397" errors="0">
<testcase name="ability_selection stage - knight (BATTLE_HOWL) skips to opponent_selection" classname="stage_ability_selection.spec.js" time="1.134">
</testcase>
<testcase name="ability_selection stage - archer (BOUNCING_ARROW) skips to opponent_selection" classname="stage_ability_selection.spec.js" time="1.083">
</testcase>
<testcase name="ability_selection stage - mage (FREEZE) goes to ability_opponent_selection" classname="stage_ability_selection.spec.js" time="1.18">
</testcase>
</testsuite>
<testsuite name="stage_battle.spec.js" timestamp="2026-01-20T04:32:54.998Z" hostname="mobile-landscape" tests="5" failures="0" skipped="0" time="15.168" errors="0">
<testcase name="battle stage - player 1 wins" classname="stage_battle.spec.js" time="2.983">
</testcase>
<testcase name="battle stage - player 2 wins" classname="stage_battle.spec.js" time="2.99">
</testcase>
<testcase name="battle stage - draw with reroll" classname="stage_battle.spec.js" time="2.995">
</testcase>
<testcase name="battle stage - reroll effect after loss" classname="stage_battle.spec.js" time="3.183">
</testcase>
<testcase name="battle stage - draw with attack bonus effect" classname="stage_battle.spec.js" time="3.017">
</testcase>
</testsuite>
<testsuite name="stage_charachter_select.spec.js" timestamp="2026-01-20T04:32:54.998Z" hostname="mobile-landscape" tests="5" failures="1" skipped="0" time="9.944" errors="0">
<testcase name="character_select stage - knight not alive" classname="stage_charachter_select.spec.js" time="0.941">
</testcase>
<testcase name="character_select stage - mage not alive" classname="stage_charachter_select.spec.js" time="0.93">
</testcase>
<testcase name="character_select stage - archer not alive" classname="stage_charachter_select.spec.js" time="0.973">
</testcase>
<testcase name="character_select stage - knight has skip_turn effect" classname="stage_charachter_select.spec.js" time="0.986">
</testcase>
<testcase name="character_select stage - skip_turn effect removed after character selection" classname="stage_charachter_select.spec.js" time="6.114">
<failure message="stage_charachter_select.spec.js:129:1 character_select stage - skip_turn effect removed after character selection" type="FAILURE">
<![CDATA[  [mobile-landscape] › stage_charachter_select.spec.js:129:1 › character_select stage - skip_turn effect removed after character selection 

    Error: expect(locator).toBeVisible() failed

    Locator:  locator('[data-shared-area-active="true"]').locator('[data-ability="freeze"]')
    Expected: visible
    Received: <element(s) not found>
    Timeout:  5000ms

    Call log:
      - Expect "toBeVisible" with timeout 5000ms
      - waiting for locator('[data-shared-area-active="true"]').locator('[data-ability="freeze"]')


      148 |   const sharedArea = page.locator('[data-shared-area-active="true"]');
      149 |   const freezeAbility = sharedArea.locator('[data-ability="freeze"]');
    > 150 |   await expect(freezeAbility).toBeVisible();
          |                               ^
      151 |
      152 |   // Verify knight no longer has skip_turn effect (effect was removed)
      153 |   // The data-effects attribute should no longer contain skip_turn
        at /home/runner/work/heroes-of-talisman/heroes-of-talisman/e2e/stage_charachter_select.spec.js:150:31

    Error Context: ../test-results/stage_charachter_select-ch-e967f-d-after-character-selection-mobile-landscape/error-context.md
]]>
</failure>
<system-out>
<![CDATA[
[[ATTACHMENT|../test-results/stage_charachter_select-ch-e967f-d-after-character-selection-mobile-landscape/error-context.md]]
]]>
</system-out>
</testcase>
</testsuite>
</testsuites>