<testsuites id="" name="" tests="64" failures="4" skipped="0" errors="0" time="70.346013">
<testsuite name="basic_flow.spec.js" timestamp="2026-01-30T09:33:58.906Z" hostname="chromium" tests="1" failures="0" skipped="0" time="9.908" errors="0">
<testcase name="basic game flow" classname="basic_flow.spec.js" time="9.908">
</testcase>
</testsuite>
<testsuite name="disconnected.spec.js" timestamp="2026-01-30T09:33:58.906Z" hostname="chromium" tests="1" failures="0" skipped="0" time="1.862" errors="0">
<testcase name="disconnected player overlay in players menu" classname="disconnected.spec.js" time="1.862">
</testcase>
</testsuite>
<testsuite name="home.spec.js" timestamp="2026-01-30T09:33:58.906Z" hostname="chromium" tests="4" failures="0" skipped="0" time="2.885" errors="0">
<testcase name="should show error toast when username is empty" classname="home.spec.js" time="0.786">
</testcase>
<testcase name="should show error toast when username is only whitespace" classname="home.spec.js" time="0.765">
</testcase>
<testcase name="should allow joining game with valid username" classname="home.spec.js" time="0.642">
</testcase>
<testcase name="should trim whitespace from username when joining" classname="home.spec.js" time="0.692">
</testcase>
</testsuite>
<testsuite name="minimum_players.spec.js" timestamp="2026-01-30T09:33:58.906Z" hostname="chromium" tests="2" failures="0" skipped="0" time="0.929" errors="0">
<testcase name="minimum player overlay appears with single player" classname="minimum_players.spec.js" time="0.47">
</testcase>
<testcase name="minimum player overlay not present with two players" classname="minimum_players.spec.js" time="0.459">
</testcase>
</testsuite>
<testsuite name="players_menu.spec.js" timestamp="2026-01-30T09:33:58.906Z" hostname="chromium" tests="1" failures="0" skipped="0" time="1.662" errors="0">
<testcase name="players menu minified by default with global toggle" classname="players_menu.spec.js" time="1.662">
</testcase>
</testsuite>
<testsuite name="shared_area.spec.js" timestamp="2026-01-30T09:33:58.906Z" hostname="chromium" tests="2" failures="0" skipped="0" time="2.296" errors="0">
<testcase name="shared area dynamic alignment - character selection stage" classname="shared_area.spec.js" time="1.124">
</testcase>
<testcase name="shared area dynamic alignment - opponent selection stage" classname="shared_area.spec.js" time="1.172">
</testcase>
</testsuite>
<testsuite name="stage_ability_selection.spec.js" timestamp="2026-01-30T09:33:58.906Z" hostname="chromium" tests="3" failures="0" skipped="0" time="3.099" errors="0">
<testcase name="ability_selection stage - knight (BATTLE_HOWL) skips to opponent_selection" classname="stage_ability_selection.spec.js" time="1.032">
</testcase>
<testcase name="ability_selection stage - archer (BOUNCING_ARROW) skips to opponent_selection" classname="stage_ability_selection.spec.js" time="1.03">
</testcase>
<testcase name="ability_selection stage - mage (FREEZE) goes to ability_opponent_selection" classname="stage_ability_selection.spec.js" time="1.037">
</testcase>
</testsuite>
<testsuite name="stage_battle.spec.js" timestamp="2026-01-30T09:33:58.906Z" hostname="chromium" tests="5" failures="0" skipped="0" time="13.745" errors="0">
<testcase name="battle stage - player 1 wins" classname="stage_battle.spec.js" time="2.898">
</testcase>
<testcase name="battle stage - player 2 wins" classname="stage_battle.spec.js" time="2.708">
</testcase>
<testcase name="battle stage - draw with reroll" classname="stage_battle.spec.js" time="2.663">
</testcase>
<testcase name="battle stage - reroll effect after loss" classname="stage_battle.spec.js" time="2.801">
</testcase>
<testcase name="battle stage - draw with attack bonus effect" classname="stage_battle.spec.js" time="2.675">
</testcase>
</testsuite>
<testsuite name="stage_card_draw.spec.js" timestamp="2026-01-30T09:33:58.906Z" hostname="chromium" tests="4" failures="0" skipped="0" time="4.428" errors="0">
<testcase name="card_draw stage - knight draws metal_armor successfully" classname="stage_card_draw.spec.js" time="0.93">
</testcase>
<testcase name="card_draw stage - archer draws sacred_sword (restricted)" classname="stage_card_draw.spec.js" time="0.989">
</testcase>
<testcase name="card_draw stage - knight draws golden_apple and heals" classname="stage_card_draw.spec.js" time="1.262">
</testcase>
<testcase name="card_draw stage - knight at max health draws golden_apple (no overheal)" classname="stage_card_draw.spec.js" time="1.247">
</testcase>
</testsuite>
<testsuite name="stage_charachter_select.spec.js" timestamp="2026-01-30T09:33:58.906Z" hostname="chromium" tests="7" failures="0" skipped="0" time="8.012" errors="0">
<testcase name="character_select stage - knight not alive" classname="stage_charachter_select.spec.js" time="1.316">
</testcase>
<testcase name="character_select stage - mage not alive" classname="stage_charachter_select.spec.js" time="1.489">
</testcase>
<testcase name="character_select stage - archer not alive" classname="stage_charachter_select.spec.js" time="1.026">
</testcase>
<testcase name="character_select stage - knight has skip_turn effect" classname="stage_charachter_select.spec.js" time="1.165">
</testcase>
<testcase name="character_select stage - skip_turn effect removed after character selection" classname="stage_charachter_select.spec.js" time="0.777">
</testcase>
<testcase name="character_select stage - no character available shows Skip Turn button" classname="stage_charachter_select.spec.js" time="1.032">
</testcase>
<testcase name="character_select stage - Skip Turn button passes turn to next player" classname="stage_charachter_select.spec.js" time="1.207">
</testcase>
</testsuite>
<testsuite name="stage_level_progression.spec.js" timestamp="2026-01-30T09:33:58.906Z" hostname="chromium" tests="2" failures="2" skipped="0" time="11.592" errors="0">
<testcase name="card_draw stage - knight draws magic_ball and levels up" classname="stage_level_progression.spec.js" time="5.813">
<failure message="stage_level_progression.spec.js:12:1 card_draw stage - knight draws magic_ball and levels up" type="FAILURE">
<![CDATA[  [chromium] › stage_level_progression.spec.js:12:1 › card_draw stage - knight draws magic_ball and levels up 

    Error: expect(locator).toContainText(expected) failed

    Locator: locator('[data-player="player1"]').locator('[data-player-cards] [data-character="knight"]')
    Expected string: "L1"
    Received string: "אביר דרגה 1+1[2/2]"
    Timeout: 5000ms

    Call log:
      - Expect "toContainText" with timeout 5000ms
      - waiting for locator('[data-player="player1"]').locator('[data-player-cards] [data-character="knight"]')
        9 × locator resolved to <div data-level="1" data-effects="" data-character="knight" class="_alive_locbp_64 _card_5nk8a_2 _card_locbp_2 _card-small_locbp_39">…</div>
          - unexpected value "אביר דרגה 1+1[2/2]"


      31 |   const player1Div = page.locator('[data-player="player1"]');
      32 |   const knightCard = player1Div.locator('[data-player-cards] [data-character="knight"]');
    > 33 |   await expect(knightCard).toContainText("L1");
         |                            ^
      34 |   await expect(knightCard).toContainText("[2/2]");
      35 |
      36 |   // Verify magic_ball card is visible
        at /home/runner/work/heroes-of-talisman/heroes-of-talisman/e2e/stage_level_progression.spec.js:33:28

    Error Context: ../test-results/stage_level_progression-ca-ef4e5-ws-magic-ball-and-levels-up-chromium/error-context.md
]]>
</failure>
<system-out>
<![CDATA[
[[ATTACHMENT|../test-results/stage_level_progression-ca-ef4e5-ws-magic-ball-and-levels-up-chromium/error-context.md]]
]]>
</system-out>
</testcase>
<testcase name="battle stage - level 2 knight loses and drops to level 1" classname="stage_level_progression.spec.js" time="5.779">
<failure message="stage_level_progression.spec.js:80:1 battle stage - level 2 knight loses and drops to level 1" type="FAILURE">
<![CDATA[  [chromium] › stage_level_progression.spec.js:80:1 › battle stage - level 2 knight loses and drops to level 1 

    Error: expect(locator).toContainText(expected) failed

    Locator: locator('[data-player="player1"]').locator('[data-player-cards] [data-character="knight"]')
    Expected string: "L2"
    Received string: "אביר דרגה 2+1[6/6]"
    Timeout: 5000ms

    Call log:
      - Expect "toContainText" with timeout 5000ms
      - waiting for locator('[data-player="player1"]').locator('[data-player-cards] [data-character="knight"]')
        9 × locator resolved to <div data-level="2" data-effects="" data-character="knight" class="_alive_locbp_64 _card_5nk8a_2 _card_locbp_2 _card-small_locbp_39">…</div>
          - unexpected value "אביר דרגה 2+1[6/6]"


      89 |   const player1Div = page.locator('[data-player="player1"]');
      90 |   const knightCard = player1Div.locator('[data-player-cards] [data-character="knight"]');
    > 91 |   await expect(knightCard).toContainText("L2");
         |                            ^
      92 |   await expect(knightCard).toContainText("[6/6]");
      93 |
      94 |   // Screenshot with knight at level 2 before battle ends
        at /home/runner/work/heroes-of-talisman/heroes-of-talisman/e2e/stage_level_progression.spec.js:91:28

    Error Context: ../test-results/stage_level_progression-ba-530ce--loses-and-drops-to-level-1-chromium/error-context.md
]]>
</failure>
<system-out>
<![CDATA[
[[ATTACHMENT|../test-results/stage_level_progression-ba-530ce--loses-and-drops-to-level-1-chromium/error-context.md]]
]]>
</system-out>
</testcase>
</testsuite>
<testsuite name="basic_flow.spec.js" timestamp="2026-01-30T09:33:58.906Z" hostname="mobile-landscape" tests="1" failures="0" skipped="0" time="11.95" errors="0">
<testcase name="basic game flow" classname="basic_flow.spec.js" time="11.95">
</testcase>
</testsuite>
<testsuite name="disconnected.spec.js" timestamp="2026-01-30T09:33:58.906Z" hostname="mobile-landscape" tests="1" failures="0" skipped="0" time="1.936" errors="0">
<testcase name="disconnected player overlay in players menu" classname="disconnected.spec.js" time="1.936">
</testcase>
</testsuite>
<testsuite name="home.spec.js" timestamp="2026-01-30T09:33:58.906Z" hostname="mobile-landscape" tests="4" failures="0" skipped="0" time="4.532" errors="0">
<testcase name="should show error toast when username is empty" classname="home.spec.js" time="1.275">
</testcase>
<testcase name="should show error toast when username is only whitespace" classname="home.spec.js" time="1.331">
</testcase>
<testcase name="should allow joining game with valid username" classname="home.spec.js" time="0.975">
</testcase>
<testcase name="should trim whitespace from username when joining" classname="home.spec.js" time="0.951">
</testcase>
</testsuite>
<testsuite name="minimum_players.spec.js" timestamp="2026-01-30T09:33:58.906Z" hostname="mobile-landscape" tests="2" failures="0" skipped="0" time="1.008" errors="0">
<testcase name="minimum player overlay appears with single player" classname="minimum_players.spec.js" time="0.559">
</testcase>
<testcase name="minimum player overlay not present with two players" classname="minimum_players.spec.js" time="0.449">
</testcase>
</testsuite>
<testsuite name="players_menu.spec.js" timestamp="2026-01-30T09:33:58.906Z" hostname="mobile-landscape" tests="1" failures="0" skipped="0" time="1.752" errors="0">
<testcase name="players menu minified by default with global toggle" classname="players_menu.spec.js" time="1.752">
</testcase>
</testsuite>
<testsuite name="shared_area.spec.js" timestamp="2026-01-30T09:33:58.906Z" hostname="mobile-landscape" tests="2" failures="0" skipped="0" time="3.705" errors="0">
<testcase name="shared area dynamic alignment - character selection stage" classname="shared_area.spec.js" time="1.74">
</testcase>
<testcase name="shared area dynamic alignment - opponent selection stage" classname="shared_area.spec.js" time="1.965">
</testcase>
</testsuite>
<testsuite name="stage_ability_selection.spec.js" timestamp="2026-01-30T09:33:58.906Z" hostname="mobile-landscape" tests="3" failures="0" skipped="0" time="3.177" errors="0">
<testcase name="ability_selection stage - knight (BATTLE_HOWL) skips to opponent_selection" classname="stage_ability_selection.spec.js" time="1.004">
</testcase>
<testcase name="ability_selection stage - archer (BOUNCING_ARROW) skips to opponent_selection" classname="stage_ability_selection.spec.js" time="0.985">
</testcase>
<testcase name="ability_selection stage - mage (FREEZE) goes to ability_opponent_selection" classname="stage_ability_selection.spec.js" time="1.188">
</testcase>
</testsuite>
<testsuite name="stage_battle.spec.js" timestamp="2026-01-30T09:33:58.906Z" hostname="mobile-landscape" tests="5" failures="0" skipped="0" time="13.971" errors="0">
<testcase name="battle stage - player 1 wins" classname="stage_battle.spec.js" time="2.851">
</testcase>
<testcase name="battle stage - player 2 wins" classname="stage_battle.spec.js" time="2.769">
</testcase>
<testcase name="battle stage - draw with reroll" classname="stage_battle.spec.js" time="2.716">
</testcase>
<testcase name="battle stage - reroll effect after loss" classname="stage_battle.spec.js" time="2.836">
</testcase>
<testcase name="battle stage - draw with attack bonus effect" classname="stage_battle.spec.js" time="2.799">
</testcase>
</testsuite>
<testsuite name="stage_card_draw.spec.js" timestamp="2026-01-30T09:33:58.906Z" hostname="mobile-landscape" tests="4" failures="0" skipped="0" time="4.684" errors="0">
<testcase name="card_draw stage - knight draws metal_armor successfully" classname="stage_card_draw.spec.js" time="1.022">
</testcase>
<testcase name="card_draw stage - archer draws sacred_sword (restricted)" classname="stage_card_draw.spec.js" time="1.073">
</testcase>
<testcase name="card_draw stage - knight draws golden_apple and heals" classname="stage_card_draw.spec.js" time="1.317">
</testcase>
<testcase name="card_draw stage - knight at max health draws golden_apple (no overheal)" classname="stage_card_draw.spec.js" time="1.272">
</testcase>
</testsuite>
<testsuite name="stage_charachter_select.spec.js" timestamp="2026-01-30T09:33:58.906Z" hostname="mobile-landscape" tests="7" failures="0" skipped="0" time="7.19" errors="0">
<testcase name="character_select stage - knight not alive" classname="stage_charachter_select.spec.js" time="0.985">
</testcase>
<testcase name="character_select stage - mage not alive" classname="stage_charachter_select.spec.js" time="0.955">
</testcase>
<testcase name="character_select stage - archer not alive" classname="stage_charachter_select.spec.js" time="0.978">
</testcase>
<testcase name="character_select stage - knight has skip_turn effect" classname="stage_charachter_select.spec.js" time="0.954">
</testcase>
<testcase name="character_select stage - skip_turn effect removed after character selection" classname="stage_charachter_select.spec.js" time="0.823">
</testcase>
<testcase name="character_select stage - no character available shows Skip Turn button" classname="stage_charachter_select.spec.js" time="1.077">
</testcase>
<testcase name="character_select stage - Skip Turn button passes turn to next player" classname="stage_charachter_select.spec.js" time="1.418">
</testcase>
</testsuite>
<testsuite name="stage_level_progression.spec.js" timestamp="2026-01-30T09:33:58.906Z" hostname="mobile-landscape" tests="2" failures="2" skipped="0" time="11.417" errors="0">
<testcase name="card_draw stage - knight draws magic_ball and levels up" classname="stage_level_progression.spec.js" time="5.77">
<failure message="stage_level_progression.spec.js:12:1 card_draw stage - knight draws magic_ball and levels up" type="FAILURE">
<![CDATA[  [mobile-landscape] › stage_level_progression.spec.js:12:1 › card_draw stage - knight draws magic_ball and levels up 

    Error: expect(locator).toContainText(expected) failed

    Locator: locator('[data-player="player1"]').locator('[data-player-cards] [data-character="knight"]')
    Expected string: "L1"
    Received string: "אביר דרגה 1+1[2/2]"
    Timeout: 5000ms

    Call log:
      - Expect "toContainText" with timeout 5000ms
      - waiting for locator('[data-player="player1"]').locator('[data-player-cards] [data-character="knight"]')
        9 × locator resolved to <div data-level="1" data-effects="" data-character="knight" class="_alive_locbp_64 _card_5nk8a_2 _card_locbp_2 _card-small_locbp_39">…</div>
          - unexpected value "אביר דרגה 1+1[2/2]"


      31 |   const player1Div = page.locator('[data-player="player1"]');
      32 |   const knightCard = player1Div.locator('[data-player-cards] [data-character="knight"]');
    > 33 |   await expect(knightCard).toContainText("L1");
         |                            ^
      34 |   await expect(knightCard).toContainText("[2/2]");
      35 |
      36 |   // Verify magic_ball card is visible
        at /home/runner/work/heroes-of-talisman/heroes-of-talisman/e2e/stage_level_progression.spec.js:33:28

    Error Context: ../test-results/stage_level_progression-ca-ef4e5-ws-magic-ball-and-levels-up-mobile-landscape/error-context.md
]]>
</failure>
<system-out>
<![CDATA[
[[ATTACHMENT|../test-results/stage_level_progression-ca-ef4e5-ws-magic-ball-and-levels-up-mobile-landscape/error-context.md]]
]]>
</system-out>
</testcase>
<testcase name="battle stage - level 2 knight loses and drops to level 1" classname="stage_level_progression.spec.js" time="5.647">
<failure message="stage_level_progression.spec.js:80:1 battle stage - level 2 knight loses and drops to level 1" type="FAILURE">
<![CDATA[  [mobile-landscape] › stage_level_progression.spec.js:80:1 › battle stage - level 2 knight loses and drops to level 1 

    Error: expect(locator).toContainText(expected) failed

    Locator: locator('[data-player="player1"]').locator('[data-player-cards] [data-character="knight"]')
    Expected string: "L2"
    Received string: "אביר דרגה 2+1[6/6]"
    Timeout: 5000ms

    Call log:
      - Expect "toContainText" with timeout 5000ms
      - waiting for locator('[data-player="player1"]').locator('[data-player-cards] [data-character="knight"]')
        9 × locator resolved to <div data-level="2" data-effects="" data-character="knight" class="_alive_locbp_64 _card_5nk8a_2 _card_locbp_2 _card-small_locbp_39">…</div>
          - unexpected value "אביר דרגה 2+1[6/6]"


      89 |   const player1Div = page.locator('[data-player="player1"]');
      90 |   const knightCard = player1Div.locator('[data-player-cards] [data-character="knight"]');
    > 91 |   await expect(knightCard).toContainText("L2");
         |                            ^
      92 |   await expect(knightCard).toContainText("[6/6]");
      93 |
      94 |   // Screenshot with knight at level 2 before battle ends
        at /home/runner/work/heroes-of-talisman/heroes-of-talisman/e2e/stage_level_progression.spec.js:91:28

    Error Context: ../test-results/stage_level_progression-ba-530ce--loses-and-drops-to-level-1-mobile-landscape/error-context.md
]]>
</failure>
<system-out>
<![CDATA[
[[ATTACHMENT|../test-results/stage_level_progression-ba-530ce--loses-and-drops-to-level-1-mobile-landscape/error-context.md]]
]]>
</system-out>
</testcase>
</testsuite>
</testsuites>