<testsuites id="" name="" tests="48" failures="4" skipped="0" errors="0" time="102.42296100000002">
<testsuite name="basic_flow.spec.js" timestamp="2026-01-20T06:12:32.149Z" hostname="chromium" tests="1" failures="1" skipped="0" time="4.324" errors="0">
<testcase name="basic game flow" classname="basic_flow.spec.js" time="4.324">
<failure message="basic_flow.spec.js:269:1 basic game flow" type="FAILURE">
<![CDATA[  [chromium] › basic_flow.spec.js:269:1 › basic game flow ──────────────────────────────────────────

    TimeoutError: page.waitForSelector: Timeout 1000ms exceeded.
    Call log:
      - waiting for locator('[data-game-stage="ability_selection"]') to be visible


       at test_helpers.js:129

      127 |  */
      128 | export async function waitForStage(page, stage, timeout = TIMEOUT) {
    > 129 |   await page.waitForSelector(`[data-game-stage="${stage}"]`, { timeout });
          |              ^
      130 | }
      131 |
      132 | /**
        at waitForStage (/home/runner/work/heroes-of-talisman/heroes-of-talisman/e2e/test_helpers.js:129:14)
        at testCharacterSelection (/home/runner/work/heroes-of-talisman/heroes-of-talisman/e2e/basic_flow.spec.js:114:9)
        at /home/runner/work/heroes-of-talisman/heroes-of-talisman/e2e/basic_flow.spec.js:309:3

    attachment #3: player-connection-message (text/plain) ──────────────────────────────────────────
    התחברת למשחק
    ────────────────────────────────────────────────────────────────────────────────────────────────

    attachment #5: player2-connection-message (text/plain) ─────────────────────────────────────────
    התחברת למשחק
    ────────────────────────────────────────────────────────────────────────────────────────────────

    Error Context: ../test-results/basic_flow-basic-game-flow-chromium/error-context.md
]]>
</failure>
<system-out>
<![CDATA[
[[ATTACHMENT|../test-results/basic_flow-basic-game-flow-chromium/error-context.md]]
]]>
</system-out>
</testcase>
</testsuite>
<testsuite name="disconnected.spec.js" timestamp="2026-01-20T06:12:32.149Z" hostname="chromium" tests="1" failures="0" skipped="0" time="1.959" errors="0">
<testcase name="disconnected player overlay in players menu" classname="disconnected.spec.js" time="1.959">
</testcase>
</testsuite>
<testsuite name="home.spec.js" timestamp="2026-01-20T06:12:32.149Z" hostname="chromium" tests="4" failures="0" skipped="0" time="3.226" errors="0">
<testcase name="should show error toast when username is empty" classname="home.spec.js" time="0.898">
</testcase>
<testcase name="should show error toast when username is only whitespace" classname="home.spec.js" time="0.857">
</testcase>
<testcase name="should allow joining game with valid username" classname="home.spec.js" time="0.715">
</testcase>
<testcase name="should trim whitespace from username when joining" classname="home.spec.js" time="0.756">
</testcase>
</testsuite>
<testsuite name="minimum_players.spec.js" timestamp="2026-01-20T06:12:32.149Z" hostname="chromium" tests="2" failures="0" skipped="0" time="1.099" errors="0">
<testcase name="minimum player overlay appears with single player" classname="minimum_players.spec.js" time="0.552">
</testcase>
<testcase name="minimum player overlay not present with two players" classname="minimum_players.spec.js" time="0.547">
</testcase>
</testsuite>
<testsuite name="players_menu.spec.js" timestamp="2026-01-20T06:12:32.149Z" hostname="chromium" tests="1" failures="0" skipped="0" time="1.974" errors="0">
<testcase name="players menu minified by default with global toggle" classname="players_menu.spec.js" time="1.974">
</testcase>
</testsuite>
<testsuite name="shared_area.spec.js" timestamp="2026-01-20T06:12:32.149Z" hostname="chromium" tests="2" failures="0" skipped="0" time="2.54" errors="0">
<testcase name="shared area dynamic alignment - character selection stage" classname="shared_area.spec.js" time="1.239">
</testcase>
<testcase name="shared area dynamic alignment - opponent selection stage" classname="shared_area.spec.js" time="1.301">
</testcase>
</testsuite>
<testsuite name="stage_ability_selection.spec.js" timestamp="2026-01-20T06:12:32.149Z" hostname="chromium" tests="3" failures="0" skipped="0" time="3.251" errors="0">
<testcase name="ability_selection stage - knight (BATTLE_HOWL) skips to opponent_selection" classname="stage_ability_selection.spec.js" time="1.114">
</testcase>
<testcase name="ability_selection stage - archer (BOUNCING_ARROW) skips to opponent_selection" classname="stage_ability_selection.spec.js" time="1.051">
</testcase>
<testcase name="ability_selection stage - mage (FREEZE) goes to ability_opponent_selection" classname="stage_ability_selection.spec.js" time="1.086">
</testcase>
</testsuite>
<testsuite name="stage_battle.spec.js" timestamp="2026-01-20T06:12:32.149Z" hostname="chromium" tests="5" failures="0" skipped="0" time="14.969" errors="0">
<testcase name="battle stage - player 1 wins" classname="stage_battle.spec.js" time="2.973">
</testcase>
<testcase name="battle stage - player 2 wins" classname="stage_battle.spec.js" time="3.045">
</testcase>
<testcase name="battle stage - draw with reroll" classname="stage_battle.spec.js" time="2.94">
</testcase>
<testcase name="battle stage - reroll effect after loss" classname="stage_battle.spec.js" time="3.071">
</testcase>
<testcase name="battle stage - draw with attack bonus effect" classname="stage_battle.spec.js" time="2.94">
</testcase>
</testsuite>
<testsuite name="stage_charachter_select.spec.js" timestamp="2026-01-20T06:12:32.149Z" hostname="chromium" tests="5" failures="1" skipped="0" time="9.643" errors="0">
<testcase name="character_select stage - knight not alive" classname="stage_charachter_select.spec.js" time="0.925">
</testcase>
<testcase name="character_select stage - mage not alive" classname="stage_charachter_select.spec.js" time="0.881">
</testcase>
<testcase name="character_select stage - archer not alive" classname="stage_charachter_select.spec.js" time="0.868">
</testcase>
<testcase name="character_select stage - knight has skip_turn effect" classname="stage_charachter_select.spec.js" time="0.88">
</testcase>
<testcase name="character_select stage - skip_turn effect removed after character selection" classname="stage_charachter_select.spec.js" time="6.089">
<failure message="stage_charachter_select.spec.js:129:1 character_select stage - skip_turn effect removed after character selection" type="FAILURE">
<![CDATA[  [chromium] › stage_charachter_select.spec.js:129:1 › character_select stage - skip_turn effect removed after character selection 

    Error: expect(locator).toBeVisible() failed

    Locator:  locator('[data-shared-area-active="true"]').locator('[data-ability="freeze"]')
    Expected: visible
    Received: <element(s) not found>
    Timeout:  5000ms

    Call log:
      - Expect "toBeVisible" with timeout 5000ms
      - waiting for locator('[data-shared-area-active="true"]').locator('[data-ability="freeze"]')


      148 |   const sharedArea = page.locator('[data-shared-area-active="true"]');
      149 |   const freezeAbility = sharedArea.locator('[data-ability="freeze"]');
    > 150 |   await expect(freezeAbility).toBeVisible();
          |                               ^
      151 |
      152 |   // Verify knight no longer has skip_turn effect (effect was removed)
      153 |   // The data-effects attribute should no longer contain skip_turn
        at /home/runner/work/heroes-of-talisman/heroes-of-talisman/e2e/stage_charachter_select.spec.js:150:31

    Error Context: ../test-results/stage_charachter_select-ch-e967f-d-after-character-selection-chromium/error-context.md
]]>
</failure>
<system-out>
<![CDATA[
[[ATTACHMENT|../test-results/stage_charachter_select-ch-e967f-d-after-character-selection-chromium/error-context.md]]
]]>
</system-out>
</testcase>
</testsuite>
<testsuite name="basic_flow.spec.js" timestamp="2026-01-20T06:12:32.149Z" hostname="mobile-landscape" tests="1" failures="1" skipped="0" time="6.018" errors="0">
<testcase name="basic game flow" classname="basic_flow.spec.js" time="6.018">
<failure message="basic_flow.spec.js:269:1 basic game flow" type="FAILURE">
<![CDATA[  [mobile-landscape] › basic_flow.spec.js:269:1 › basic game flow ──────────────────────────────────

    TimeoutError: page.waitForSelector: Timeout 1000ms exceeded.
    Call log:
      - waiting for locator('[data-game-stage="ability_selection"]') to be visible


       at test_helpers.js:129

      127 |  */
      128 | export async function waitForStage(page, stage, timeout = TIMEOUT) {
    > 129 |   await page.waitForSelector(`[data-game-stage="${stage}"]`, { timeout });
          |              ^
      130 | }
      131 |
      132 | /**
        at waitForStage (/home/runner/work/heroes-of-talisman/heroes-of-talisman/e2e/test_helpers.js:129:14)
        at testCharacterSelection (/home/runner/work/heroes-of-talisman/heroes-of-talisman/e2e/basic_flow.spec.js:114:9)
        at /home/runner/work/heroes-of-talisman/heroes-of-talisman/e2e/basic_flow.spec.js:309:3

    attachment #3: player-connection-message (text/plain) ──────────────────────────────────────────
    התחברת למשחק
    ────────────────────────────────────────────────────────────────────────────────────────────────

    attachment #5: player2-connection-message (text/plain) ─────────────────────────────────────────
    התחברת למשחק
    ────────────────────────────────────────────────────────────────────────────────────────────────

    Error Context: ../test-results/basic_flow-basic-game-flow-mobile-landscape/error-context.md
]]>
</failure>
<system-out>
<![CDATA[
[[ATTACHMENT|../test-results/basic_flow-basic-game-flow-mobile-landscape/error-context.md]]
]]>
</system-out>
</testcase>
</testsuite>
<testsuite name="disconnected.spec.js" timestamp="2026-01-20T06:12:32.149Z" hostname="mobile-landscape" tests="1" failures="0" skipped="0" time="2.095" errors="0">
<testcase name="disconnected player overlay in players menu" classname="disconnected.spec.js" time="2.095">
</testcase>
</testsuite>
<testsuite name="home.spec.js" timestamp="2026-01-20T06:12:32.149Z" hostname="mobile-landscape" tests="4" failures="0" skipped="0" time="5.081" errors="0">
<testcase name="should show error toast when username is empty" classname="home.spec.js" time="1.503">
</testcase>
<testcase name="should show error toast when username is only whitespace" classname="home.spec.js" time="1.411">
</testcase>
<testcase name="should allow joining game with valid username" classname="home.spec.js" time="1.053">
</testcase>
<testcase name="should trim whitespace from username when joining" classname="home.spec.js" time="1.114">
</testcase>
</testsuite>
<testsuite name="minimum_players.spec.js" timestamp="2026-01-20T06:12:32.149Z" hostname="mobile-landscape" tests="2" failures="0" skipped="0" time="1.215" errors="0">
<testcase name="minimum player overlay appears with single player" classname="minimum_players.spec.js" time="0.616">
</testcase>
<testcase name="minimum player overlay not present with two players" classname="minimum_players.spec.js" time="0.599">
</testcase>
</testsuite>
<testsuite name="players_menu.spec.js" timestamp="2026-01-20T06:12:32.149Z" hostname="mobile-landscape" tests="1" failures="0" skipped="0" time="2.177" errors="0">
<testcase name="players menu minified by default with global toggle" classname="players_menu.spec.js" time="2.177">
</testcase>
</testsuite>
<testsuite name="shared_area.spec.js" timestamp="2026-01-20T06:12:32.149Z" hostname="mobile-landscape" tests="2" failures="0" skipped="0" time="3.707" errors="0">
<testcase name="shared area dynamic alignment - character selection stage" classname="shared_area.spec.js" time="1.793">
</testcase>
<testcase name="shared area dynamic alignment - opponent selection stage" classname="shared_area.spec.js" time="1.914">
</testcase>
</testsuite>
<testsuite name="stage_ability_selection.spec.js" timestamp="2026-01-20T06:12:32.149Z" hostname="mobile-landscape" tests="3" failures="0" skipped="0" time="3.426" errors="0">
<testcase name="ability_selection stage - knight (BATTLE_HOWL) skips to opponent_selection" classname="stage_ability_selection.spec.js" time="1.134">
</testcase>
<testcase name="ability_selection stage - archer (BOUNCING_ARROW) skips to opponent_selection" classname="stage_ability_selection.spec.js" time="1.151">
</testcase>
<testcase name="ability_selection stage - mage (FREEZE) goes to ability_opponent_selection" classname="stage_ability_selection.spec.js" time="1.141">
</testcase>
</testsuite>
<testsuite name="stage_battle.spec.js" timestamp="2026-01-20T06:12:32.149Z" hostname="mobile-landscape" tests="5" failures="0" skipped="0" time="15.289" errors="0">
<testcase name="battle stage - player 1 wins" classname="stage_battle.spec.js" time="2.999">
</testcase>
<testcase name="battle stage - player 2 wins" classname="stage_battle.spec.js" time="3.104">
</testcase>
<testcase name="battle stage - draw with reroll" classname="stage_battle.spec.js" time="3.028">
</testcase>
<testcase name="battle stage - reroll effect after loss" classname="stage_battle.spec.js" time="3.147">
</testcase>
<testcase name="battle stage - draw with attack bonus effect" classname="stage_battle.spec.js" time="3.011">
</testcase>
</testsuite>
<testsuite name="stage_charachter_select.spec.js" timestamp="2026-01-20T06:12:32.149Z" hostname="mobile-landscape" tests="5" failures="1" skipped="0" time="9.916" errors="0">
<testcase name="character_select stage - knight not alive" classname="stage_charachter_select.spec.js" time="0.954">
</testcase>
<testcase name="character_select stage - mage not alive" classname="stage_charachter_select.spec.js" time="0.963">
</testcase>
<testcase name="character_select stage - archer not alive" classname="stage_charachter_select.spec.js" time="0.92">
</testcase>
<testcase name="character_select stage - knight has skip_turn effect" classname="stage_charachter_select.spec.js" time="0.948">
</testcase>
<testcase name="character_select stage - skip_turn effect removed after character selection" classname="stage_charachter_select.spec.js" time="6.131">
<failure message="stage_charachter_select.spec.js:129:1 character_select stage - skip_turn effect removed after character selection" type="FAILURE">
<![CDATA[  [mobile-landscape] › stage_charachter_select.spec.js:129:1 › character_select stage - skip_turn effect removed after character selection 

    Error: expect(locator).toBeVisible() failed

    Locator:  locator('[data-shared-area-active="true"]').locator('[data-ability="freeze"]')
    Expected: visible
    Received: <element(s) not found>
    Timeout:  5000ms

    Call log:
      - Expect "toBeVisible" with timeout 5000ms
      - waiting for locator('[data-shared-area-active="true"]').locator('[data-ability="freeze"]')


      148 |   const sharedArea = page.locator('[data-shared-area-active="true"]');
      149 |   const freezeAbility = sharedArea.locator('[data-ability="freeze"]');
    > 150 |   await expect(freezeAbility).toBeVisible();
          |                               ^
      151 |
      152 |   // Verify knight no longer has skip_turn effect (effect was removed)
      153 |   // The data-effects attribute should no longer contain skip_turn
        at /home/runner/work/heroes-of-talisman/heroes-of-talisman/e2e/stage_charachter_select.spec.js:150:31

    Error Context: ../test-results/stage_charachter_select-ch-e967f-d-after-character-selection-mobile-landscape/error-context.md
]]>
</failure>
<system-out>
<![CDATA[
[[ATTACHMENT|../test-results/stage_charachter_select-ch-e967f-d-after-character-selection-mobile-landscape/error-context.md]]
]]>
</system-out>
</testcase>
</testsuite>
</testsuites>