<testsuites id="" name="" tests="64" failures="1" skipped="0" errors="0" time="71.76941900000001">
<testsuite name="basic_flow.spec.js" timestamp="2026-01-31T15:12:38.439Z" hostname="chromium" tests="1" failures="0" skipped="0" time="9.759" errors="0">
<testcase name="basic game flow" classname="basic_flow.spec.js" time="9.759">
</testcase>
</testsuite>
<testsuite name="disconnected.spec.js" timestamp="2026-01-31T15:12:38.439Z" hostname="chromium" tests="1" failures="0" skipped="0" time="1.81" errors="0">
<testcase name="disconnected player overlay in players menu" classname="disconnected.spec.js" time="1.81">
</testcase>
</testsuite>
<testsuite name="home.spec.js" timestamp="2026-01-31T15:12:38.439Z" hostname="chromium" tests="4" failures="0" skipped="0" time="2.731" errors="0">
<testcase name="should show error toast when username is empty" classname="home.spec.js" time="0.738">
</testcase>
<testcase name="should show error toast when username is only whitespace" classname="home.spec.js" time="0.741">
</testcase>
<testcase name="should allow joining game with valid username" classname="home.spec.js" time="0.613">
</testcase>
<testcase name="should trim whitespace from username when joining" classname="home.spec.js" time="0.639">
</testcase>
</testsuite>
<testsuite name="minimum_players.spec.js" timestamp="2026-01-31T15:12:38.439Z" hostname="chromium" tests="2" failures="0" skipped="0" time="0.857" errors="0">
<testcase name="minimum player overlay appears with single player" classname="minimum_players.spec.js" time="0.435">
</testcase>
<testcase name="minimum player overlay not present with two players" classname="minimum_players.spec.js" time="0.422">
</testcase>
</testsuite>
<testsuite name="players_menu.spec.js" timestamp="2026-01-31T15:12:38.439Z" hostname="chromium" tests="1" failures="0" skipped="0" time="1.587" errors="0">
<testcase name="players menu minified by default with global toggle" classname="players_menu.spec.js" time="1.587">
</testcase>
</testsuite>
<testsuite name="shared_area.spec.js" timestamp="2026-01-31T15:12:38.439Z" hostname="chromium" tests="2" failures="0" skipped="0" time="2.348" errors="0">
<testcase name="shared area dynamic alignment - character selection stage" classname="shared_area.spec.js" time="1.161">
</testcase>
<testcase name="shared area dynamic alignment - opponent selection stage" classname="shared_area.spec.js" time="1.187">
</testcase>
</testsuite>
<testsuite name="stage_ability_selection.spec.js" timestamp="2026-01-31T15:12:38.439Z" hostname="chromium" tests="3" failures="0" skipped="0" time="3.003" errors="0">
<testcase name="ability_selection stage - knight (BATTLE_HOWL) skips to opponent_selection" classname="stage_ability_selection.spec.js" time="0.99">
</testcase>
<testcase name="ability_selection stage - archer (BOUNCING_ARROW) skips to opponent_selection" classname="stage_ability_selection.spec.js" time="1.016">
</testcase>
<testcase name="ability_selection stage - mage (FREEZE) goes to ability_opponent_selection" classname="stage_ability_selection.spec.js" time="0.997">
</testcase>
</testsuite>
<testsuite name="stage_battle.spec.js" timestamp="2026-01-31T15:12:38.439Z" hostname="chromium" tests="6" failures="0" skipped="0" time="16.605" errors="0">
<testcase name="battle stage - player 1 wins" classname="stage_battle.spec.js" time="2.803">
</testcase>
<testcase name="battle stage - player 2 wins" classname="stage_battle.spec.js" time="2.734">
</testcase>
<testcase name="battle stage - draw with reroll" classname="stage_battle.spec.js" time="2.672">
</testcase>
<testcase name="battle stage - reroll effect after loss" classname="stage_battle.spec.js" time="2.802">
</testcase>
<testcase name="battle stage - draw with attack bonus effect" classname="stage_battle.spec.js" time="2.679">
</testcase>
<testcase name="battle stage - level 2 knight loses and drops to level 1" classname="stage_battle.spec.js" time="2.915">
</testcase>
</testsuite>
<testsuite name="stage_card_draw.spec.js" timestamp="2026-01-31T15:12:38.439Z" hostname="chromium" tests="5" failures="0" skipped="0" time="5.888" errors="0">
<testcase name="card_draw stage - knight draws metal_armor successfully" classname="stage_card_draw.spec.js" time="1.002">
</testcase>
<testcase name="card_draw stage - archer draws sacred_sword (restricted)" classname="stage_card_draw.spec.js" time="1.143">
</testcase>
<testcase name="card_draw stage - knight draws golden_apple and heals" classname="stage_card_draw.spec.js" time="1.224">
</testcase>
<testcase name="card_draw stage - knight draws magic_ball and levels up" classname="stage_card_draw.spec.js" time="1.307">
</testcase>
<testcase name="card_draw stage - knight at max health draws golden_apple (no overheal)" classname="stage_card_draw.spec.js" time="1.212">
</testcase>
</testsuite>
<testsuite name="stage_charachter_select.spec.js" timestamp="2026-01-31T15:12:38.439Z" hostname="chromium" tests="7" failures="0" skipped="0" time="6.893" errors="0">
<testcase name="character_select stage - knight not alive" classname="stage_charachter_select.spec.js" time="0.925">
</testcase>
<testcase name="character_select stage - mage not alive" classname="stage_charachter_select.spec.js" time="0.803">
</testcase>
<testcase name="character_select stage - archer not alive" classname="stage_charachter_select.spec.js" time="1.187">
</testcase>
<testcase name="character_select stage - knight has skip_turn effect" classname="stage_charachter_select.spec.js" time="1.182">
</testcase>
<testcase name="character_select stage - skip_turn effect removed after character selection" classname="stage_charachter_select.spec.js" time="0.728">
</testcase>
<testcase name="character_select stage - no character available shows Skip Turn button" classname="stage_charachter_select.spec.js" time="1.009">
</testcase>
<testcase name="character_select stage - Skip Turn button passes turn to next player" classname="stage_charachter_select.spec.js" time="1.059">
</testcase>
</testsuite>
<testsuite name="basic_flow.spec.js" timestamp="2026-01-31T15:12:38.439Z" hostname="mobile-landscape" tests="1" failures="1" skipped="0" time="30.047" errors="0">
<testcase name="basic game flow" classname="basic_flow.spec.js" time="30.047">
<failure message="basic_flow.spec.js:300:1 basic game flow" type="FAILURE">
<![CDATA[  [mobile-landscape] › basic_flow.spec.js:300:1 › basic game flow ──────────────────────────────────

    Test timeout of 30000ms exceeded.

    Error: locator.click: Test timeout of 30000ms exceeded.
    Call log:
      - waiting for getByRole('button', { name: 'Expand all players' })
        - locator resolved to <button class="_toggle-button_ngrxx_98" aria-label="Expand all players">+</button>
      - attempting click action
        2 × waiting for element to be visible, enabled and stable
          - element is visible, enabled and stable
          - scrolling into view if needed
          - done scrolling
          - <div tabindex="-1" class="Toastify__toast-container Toastify__toast-container--top-right Toastify__toast-container--rtl">…</div> from <section class="Toastify" aria-live="polite" aria-atomic="false" aria-relevant="additions text" aria-label="Notifications Alt+T">…</section> subtree intercepts pointer events
        - retrying click action
        - waiting 20ms
        2 × waiting for element to be visible, enabled and stable
          - element is visible, enabled and stable
          - scrolling into view if needed
          - done scrolling
          - <div tabindex="-1" class="Toastify__toast-container Toastify__toast-container--top-right Toastify__toast-container--rtl">…</div> from <section class="Toastify" aria-live="polite" aria-atomic="false" aria-relevant="additions text" aria-label="Notifications Alt+T">…</section> subtree intercepts pointer events
        - retrying click action
          - waiting 100ms
        54 × waiting for element to be visible, enabled and stable
           - element is visible, enabled and stable
           - scrolling into view if needed
           - done scrolling
           - <div tabindex="-1" class="Toastify__toast-container Toastify__toast-container--top-right Toastify__toast-container--rtl">…</div> from <section class="Toastify" aria-live="polite" aria-atomic="false" aria-relevant="additions text" aria-label="Notifications Alt+T">…</section> subtree intercepts pointer events
         - retrying click action
           - waiting 500ms


      47 |   const expandButton = page.getByRole("button", { name: "Expand all players" });
      48 |   if (await expandButton.isVisible()) {
    > 49 |     await expandButton.click();
         |                        ^
      50 |     // Wait for cards to appear
      51 |     await expect(playerDiv.getByAltText("knight")).toBeVisible({ timeout: TIMEOUT });
      52 |   }
        at validatePlayerCharacters (/home/runner/work/heroes-of-talisman/heroes-of-talisman/e2e/basic_flow.spec.js:49:24)
        at /home/runner/work/heroes-of-talisman/heroes-of-talisman/e2e/basic_flow.spec.js:307:3

    attachment #3: player-connection-message (text/plain) ──────────────────────────────────────────
    התחברת למשחק
    ────────────────────────────────────────────────────────────────────────────────────────────────

    Error Context: ../test-results/basic_flow-basic-game-flow-mobile-landscape/error-context.md
]]>
</failure>
<system-out>
<![CDATA[
[[ATTACHMENT|../test-results/basic_flow-basic-game-flow-mobile-landscape/error-context.md]]
]]>
</system-out>
</testcase>
</testsuite>
<testsuite name="disconnected.spec.js" timestamp="2026-01-31T15:12:38.439Z" hostname="mobile-landscape" tests="1" failures="0" skipped="0" time="1.777" errors="0">
<testcase name="disconnected player overlay in players menu" classname="disconnected.spec.js" time="1.777">
</testcase>
</testsuite>
<testsuite name="home.spec.js" timestamp="2026-01-31T15:12:38.439Z" hostname="mobile-landscape" tests="4" failures="0" skipped="0" time="3.832" errors="0">
<testcase name="should show error toast when username is empty" classname="home.spec.js" time="1.176">
</testcase>
<testcase name="should show error toast when username is only whitespace" classname="home.spec.js" time="1.077">
</testcase>
<testcase name="should allow joining game with valid username" classname="home.spec.js" time="0.797">
</testcase>
<testcase name="should trim whitespace from username when joining" classname="home.spec.js" time="0.782">
</testcase>
</testsuite>
<testsuite name="minimum_players.spec.js" timestamp="2026-01-31T15:12:38.439Z" hostname="mobile-landscape" tests="2" failures="0" skipped="0" time="0.838" errors="0">
<testcase name="minimum player overlay appears with single player" classname="minimum_players.spec.js" time="0.413">
</testcase>
<testcase name="minimum player overlay not present with two players" classname="minimum_players.spec.js" time="0.425">
</testcase>
</testsuite>
<testsuite name="players_menu.spec.js" timestamp="2026-01-31T15:12:38.439Z" hostname="mobile-landscape" tests="1" failures="0" skipped="0" time="1.646" errors="0">
<testcase name="players menu minified by default with global toggle" classname="players_menu.spec.js" time="1.646">
</testcase>
</testsuite>
<testsuite name="shared_area.spec.js" timestamp="2026-01-31T15:12:38.439Z" hostname="mobile-landscape" tests="2" failures="0" skipped="0" time="3.254" errors="0">
<testcase name="shared area dynamic alignment - character selection stage" classname="shared_area.spec.js" time="1.551">
</testcase>
<testcase name="shared area dynamic alignment - opponent selection stage" classname="shared_area.spec.js" time="1.703">
</testcase>
</testsuite>
<testsuite name="stage_ability_selection.spec.js" timestamp="2026-01-31T15:12:38.439Z" hostname="mobile-landscape" tests="3" failures="0" skipped="0" time="2.475" errors="0">
<testcase name="ability_selection stage - knight (BATTLE_HOWL) skips to opponent_selection" classname="stage_ability_selection.spec.js" time="0.819">
</testcase>
<testcase name="ability_selection stage - archer (BOUNCING_ARROW) skips to opponent_selection" classname="stage_ability_selection.spec.js" time="0.833">
</testcase>
<testcase name="ability_selection stage - mage (FREEZE) goes to ability_opponent_selection" classname="stage_ability_selection.spec.js" time="0.823">
</testcase>
</testsuite>
<testsuite name="stage_battle.spec.js" timestamp="2026-01-31T15:12:38.439Z" hostname="mobile-landscape" tests="6" failures="0" skipped="0" time="16.296" errors="0">
<testcase name="battle stage - player 1 wins" classname="stage_battle.spec.js" time="2.603">
</testcase>
<testcase name="battle stage - player 2 wins" classname="stage_battle.spec.js" time="2.633">
</testcase>
<testcase name="battle stage - draw with reroll" classname="stage_battle.spec.js" time="2.609">
</testcase>
<testcase name="battle stage - reroll effect after loss" classname="stage_battle.spec.js" time="2.729">
</testcase>
<testcase name="battle stage - draw with attack bonus effect" classname="stage_battle.spec.js" time="2.672">
</testcase>
<testcase name="battle stage - level 2 knight loses and drops to level 1" classname="stage_battle.spec.js" time="3.05">
</testcase>
</testsuite>
<testsuite name="stage_card_draw.spec.js" timestamp="2026-01-31T15:12:38.439Z" hostname="mobile-landscape" tests="5" failures="0" skipped="0" time="11.77" errors="0">
<testcase name="card_draw stage - knight draws metal_armor successfully" classname="stage_card_draw.spec.js" time="1.263">
</testcase>
<testcase name="card_draw stage - archer draws sacred_sword (restricted)" classname="stage_card_draw.spec.js" time="1.31">
</testcase>
<testcase name="card_draw stage - knight draws golden_apple and heals" classname="stage_card_draw.spec.js" time="7.048">
</testcase>
<testcase name="card_draw stage - knight draws magic_ball and levels up" classname="stage_card_draw.spec.js" time="1.146">
</testcase>
<testcase name="card_draw stage - knight at max health draws golden_apple (no overheal)" classname="stage_card_draw.spec.js" time="1.003">
</testcase>
</testsuite>
<testsuite name="stage_charachter_select.spec.js" timestamp="2026-01-31T15:12:38.439Z" hostname="mobile-landscape" tests="7" failures="0" skipped="0" time="6.02" errors="0">
<testcase name="character_select stage - knight not alive" classname="stage_charachter_select.spec.js" time="0.821">
</testcase>
<testcase name="character_select stage - mage not alive" classname="stage_charachter_select.spec.js" time="0.807">
</testcase>
<testcase name="character_select stage - archer not alive" classname="stage_charachter_select.spec.js" time="0.785">
</testcase>
<testcase name="character_select stage - knight has skip_turn effect" classname="stage_charachter_select.spec.js" time="0.786">
</testcase>
<testcase name="character_select stage - skip_turn effect removed after character selection" classname="stage_charachter_select.spec.js" time="0.628">
</testcase>
<testcase name="character_select stage - no character available shows Skip Turn button" classname="stage_charachter_select.spec.js" time="1.016">
</testcase>
<testcase name="character_select stage - Skip Turn button passes turn to next player" classname="stage_charachter_select.spec.js" time="1.177">
</testcase>
</testsuite>
</testsuites>