<testsuites id="" name="" tests="52" failures="0" skipped="0" errors="0" time="109.362894">
<testsuite name="basic_flow.spec.js" timestamp="2026-01-25T17:05:36.872Z" hostname="chromium" tests="1" failures="0" skipped="0" time="10.555" errors="0">
<testcase name="basic game flow" classname="basic_flow.spec.js" time="10.555">
</testcase>
</testsuite>
<testsuite name="disconnected.spec.js" timestamp="2026-01-25T17:05:36.872Z" hostname="chromium" tests="1" failures="0" skipped="0" time="1.854" errors="0">
<testcase name="disconnected player overlay in players menu" classname="disconnected.spec.js" time="1.854">
</testcase>
</testsuite>
<testsuite name="home.spec.js" timestamp="2026-01-25T17:05:36.872Z" hostname="chromium" tests="4" failures="0" skipped="0" time="3.205" errors="0">
<testcase name="should show error toast when username is empty" classname="home.spec.js" time="0.891">
</testcase>
<testcase name="should show error toast when username is only whitespace" classname="home.spec.js" time="0.872">
</testcase>
<testcase name="should allow joining game with valid username" classname="home.spec.js" time="0.713">
</testcase>
<testcase name="should trim whitespace from username when joining" classname="home.spec.js" time="0.729">
</testcase>
</testsuite>
<testsuite name="minimum_players.spec.js" timestamp="2026-01-25T17:05:36.872Z" hostname="chromium" tests="2" failures="0" skipped="0" time="1.099" errors="0">
<testcase name="minimum player overlay appears with single player" classname="minimum_players.spec.js" time="0.527">
</testcase>
<testcase name="minimum player overlay not present with two players" classname="minimum_players.spec.js" time="0.572">
</testcase>
</testsuite>
<testsuite name="players_menu.spec.js" timestamp="2026-01-25T17:05:36.872Z" hostname="chromium" tests="1" failures="0" skipped="0" time="1.857" errors="0">
<testcase name="players menu minified by default with global toggle" classname="players_menu.spec.js" time="1.857">
</testcase>
</testsuite>
<testsuite name="shared_area.spec.js" timestamp="2026-01-25T17:05:36.872Z" hostname="chromium" tests="2" failures="0" skipped="0" time="2.65" errors="0">
<testcase name="shared area dynamic alignment - character selection stage" classname="shared_area.spec.js" time="1.341">
</testcase>
<testcase name="shared area dynamic alignment - opponent selection stage" classname="shared_area.spec.js" time="1.309">
</testcase>
</testsuite>
<testsuite name="stage_ability_selection.spec.js" timestamp="2026-01-25T17:05:36.872Z" hostname="chromium" tests="3" failures="0" skipped="0" time="3.171" errors="0">
<testcase name="ability_selection stage - knight (BATTLE_HOWL) skips to opponent_selection" classname="stage_ability_selection.spec.js" time="1.043">
</testcase>
<testcase name="ability_selection stage - archer (BOUNCING_ARROW) skips to opponent_selection" classname="stage_ability_selection.spec.js" time="1.085">
</testcase>
<testcase name="ability_selection stage - mage (FREEZE) goes to ability_opponent_selection" classname="stage_ability_selection.spec.js" time="1.043">
</testcase>
</testsuite>
<testsuite name="stage_battle.spec.js" timestamp="2026-01-25T17:05:36.872Z" hostname="chromium" tests="5" failures="0" skipped="0" time="15.815" errors="0">
<testcase name="battle stage - player 1 wins" classname="stage_battle.spec.js" time="2.936">
</testcase>
<testcase name="battle stage - player 2 wins" classname="stage_battle.spec.js" time="2.896">
</testcase>
<testcase name="battle stage - draw with reroll" classname="stage_battle.spec.js" time="2.921">
</testcase>
<testcase name="battle stage - reroll effect after loss" classname="stage_battle.spec.js" time="3.361">
</testcase>
<testcase name="battle stage - draw with attack bonus effect" classname="stage_battle.spec.js" time="3.701">
</testcase>
</testsuite>
<testsuite name="stage_card_draw.spec.js" timestamp="2026-01-25T17:05:36.872Z" hostname="chromium" tests="2" failures="0" skipped="0" time="2.394" errors="0">
<testcase name="card_draw stage - knight draws metal_armor successfully" classname="stage_card_draw.spec.js" time="1.231">
</testcase>
<testcase name="card_draw stage - archer draws sacred_sword (restricted)" classname="stage_card_draw.spec.js" time="1.163">
</testcase>
</testsuite>
<testsuite name="stage_charachter_select.spec.js" timestamp="2026-01-25T17:05:36.872Z" hostname="chromium" tests="5" failures="0" skipped="0" time="4.636" errors="0">
<testcase name="character_select stage - knight not alive" classname="stage_charachter_select.spec.js" time="0.942">
</testcase>
<testcase name="character_select stage - mage not alive" classname="stage_charachter_select.spec.js" time="0.927">
</testcase>
<testcase name="character_select stage - archer not alive" classname="stage_charachter_select.spec.js" time="0.912">
</testcase>
<testcase name="character_select stage - knight has skip_turn effect" classname="stage_charachter_select.spec.js" time="0.944">
</testcase>
<testcase name="character_select stage - skip_turn effect removed after character selection" classname="stage_charachter_select.spec.js" time="0.911">
</testcase>
</testsuite>
<testsuite name="basic_flow.spec.js" timestamp="2026-01-25T17:05:36.872Z" hostname="mobile-landscape" tests="1" failures="0" skipped="0" time="12.326" errors="0">
<testcase name="basic game flow" classname="basic_flow.spec.js" time="12.326">
</testcase>
</testsuite>
<testsuite name="disconnected.spec.js" timestamp="2026-01-25T17:05:36.872Z" hostname="mobile-landscape" tests="1" failures="0" skipped="0" time="2.014" errors="0">
<testcase name="disconnected player overlay in players menu" classname="disconnected.spec.js" time="2.014">
</testcase>
</testsuite>
<testsuite name="home.spec.js" timestamp="2026-01-25T17:05:36.872Z" hostname="mobile-landscape" tests="4" failures="0" skipped="0" time="4.94" errors="0">
<testcase name="should show error toast when username is empty" classname="home.spec.js" time="1.385">
</testcase>
<testcase name="should show error toast when username is only whitespace" classname="home.spec.js" time="1.372">
</testcase>
<testcase name="should allow joining game with valid username" classname="home.spec.js" time="1.112">
</testcase>
<testcase name="should trim whitespace from username when joining" classname="home.spec.js" time="1.071">
</testcase>
</testsuite>
<testsuite name="minimum_players.spec.js" timestamp="2026-01-25T17:05:36.872Z" hostname="mobile-landscape" tests="2" failures="0" skipped="0" time="1.248" errors="0">
<testcase name="minimum player overlay appears with single player" classname="minimum_players.spec.js" time="0.661">
</testcase>
<testcase name="minimum player overlay not present with two players" classname="minimum_players.spec.js" time="0.587">
</testcase>
</testsuite>
<testsuite name="players_menu.spec.js" timestamp="2026-01-25T17:05:36.872Z" hostname="mobile-landscape" tests="1" failures="0" skipped="0" time="2.155" errors="0">
<testcase name="players menu minified by default with global toggle" classname="players_menu.spec.js" time="2.155">
</testcase>
</testsuite>
<testsuite name="shared_area.spec.js" timestamp="2026-01-25T17:05:36.872Z" hostname="mobile-landscape" tests="2" failures="0" skipped="0" time="3.767" errors="0">
<testcase name="shared area dynamic alignment - character selection stage" classname="shared_area.spec.js" time="1.835">
</testcase>
<testcase name="shared area dynamic alignment - opponent selection stage" classname="shared_area.spec.js" time="1.932">
</testcase>
</testsuite>
<testsuite name="stage_ability_selection.spec.js" timestamp="2026-01-25T17:05:36.872Z" hostname="mobile-landscape" tests="3" failures="0" skipped="0" time="3.388" errors="0">
<testcase name="ability_selection stage - knight (BATTLE_HOWL) skips to opponent_selection" classname="stage_ability_selection.spec.js" time="1.148">
</testcase>
<testcase name="ability_selection stage - archer (BOUNCING_ARROW) skips to opponent_selection" classname="stage_ability_selection.spec.js" time="1.106">
</testcase>
<testcase name="ability_selection stage - mage (FREEZE) goes to ability_opponent_selection" classname="stage_ability_selection.spec.js" time="1.134">
</testcase>
</testsuite>
<testsuite name="stage_battle.spec.js" timestamp="2026-01-25T17:05:36.872Z" hostname="mobile-landscape" tests="5" failures="0" skipped="0" time="15.1" errors="0">
<testcase name="battle stage - player 1 wins" classname="stage_battle.spec.js" time="3.005">
</testcase>
<testcase name="battle stage - player 2 wins" classname="stage_battle.spec.js" time="2.987">
</testcase>
<testcase name="battle stage - draw with reroll" classname="stage_battle.spec.js" time="2.945">
</testcase>
<testcase name="battle stage - reroll effect after loss" classname="stage_battle.spec.js" time="3.093">
</testcase>
<testcase name="battle stage - draw with attack bonus effect" classname="stage_battle.spec.js" time="3.07">
</testcase>
</testsuite>
<testsuite name="stage_card_draw.spec.js" timestamp="2026-01-25T17:05:36.872Z" hostname="mobile-landscape" tests="2" failures="0" skipped="0" time="2.498" errors="0">
<testcase name="card_draw stage - knight draws metal_armor successfully" classname="stage_card_draw.spec.js" time="1.244">
</testcase>
<testcase name="card_draw stage - archer draws sacred_sword (restricted)" classname="stage_card_draw.spec.js" time="1.254">
</testcase>
</testsuite>
<testsuite name="stage_charachter_select.spec.js" timestamp="2026-01-25T17:05:36.872Z" hostname="mobile-landscape" tests="5" failures="0" skipped="0" time="4.839" errors="0">
<testcase name="character_select stage - knight not alive" classname="stage_charachter_select.spec.js" time="0.997">
</testcase>
<testcase name="character_select stage - mage not alive" classname="stage_charachter_select.spec.js" time="0.995">
</testcase>
<testcase name="character_select stage - archer not alive" classname="stage_charachter_select.spec.js" time="0.969">
</testcase>
<testcase name="character_select stage - knight has skip_turn effect" classname="stage_charachter_select.spec.js" time="0.971">
</testcase>
<testcase name="character_select stage - skip_turn effect removed after character selection" classname="stage_charachter_select.spec.js" time="0.907">
</testcase>
</testsuite>
</testsuites>