<testsuites id="" name="" tests="56" failures="0" skipped="0" errors="0" time="120.61063800000001">
<testsuite name="basic_flow.spec.js" timestamp="2026-01-25T19:24:50.937Z" hostname="chromium" tests="1" failures="0" skipped="0" time="10.196" errors="0">
<testcase name="basic game flow" classname="basic_flow.spec.js" time="10.196">
</testcase>
</testsuite>
<testsuite name="disconnected.spec.js" timestamp="2026-01-25T19:24:50.937Z" hostname="chromium" tests="1" failures="0" skipped="0" time="1.953" errors="0">
<testcase name="disconnected player overlay in players menu" classname="disconnected.spec.js" time="1.953">
</testcase>
</testsuite>
<testsuite name="home.spec.js" timestamp="2026-01-25T19:24:50.937Z" hostname="chromium" tests="4" failures="0" skipped="0" time="3.188" errors="0">
<testcase name="should show error toast when username is empty" classname="home.spec.js" time="0.911">
</testcase>
<testcase name="should show error toast when username is only whitespace" classname="home.spec.js" time="0.851">
</testcase>
<testcase name="should allow joining game with valid username" classname="home.spec.js" time="0.712">
</testcase>
<testcase name="should trim whitespace from username when joining" classname="home.spec.js" time="0.714">
</testcase>
</testsuite>
<testsuite name="minimum_players.spec.js" timestamp="2026-01-25T19:24:50.937Z" hostname="chromium" tests="2" failures="0" skipped="0" time="1.146" errors="0">
<testcase name="minimum player overlay appears with single player" classname="minimum_players.spec.js" time="0.524">
</testcase>
<testcase name="minimum player overlay not present with two players" classname="minimum_players.spec.js" time="0.622">
</testcase>
</testsuite>
<testsuite name="players_menu.spec.js" timestamp="2026-01-25T19:24:50.937Z" hostname="chromium" tests="1" failures="0" skipped="0" time="1.843" errors="0">
<testcase name="players menu minified by default with global toggle" classname="players_menu.spec.js" time="1.843">
</testcase>
</testsuite>
<testsuite name="shared_area.spec.js" timestamp="2026-01-25T19:24:50.937Z" hostname="chromium" tests="2" failures="0" skipped="0" time="2.568" errors="0">
<testcase name="shared area dynamic alignment - character selection stage" classname="shared_area.spec.js" time="1.297">
</testcase>
<testcase name="shared area dynamic alignment - opponent selection stage" classname="shared_area.spec.js" time="1.271">
</testcase>
</testsuite>
<testsuite name="stage_ability_selection.spec.js" timestamp="2026-01-25T19:24:50.937Z" hostname="chromium" tests="3" failures="0" skipped="0" time="3.174" errors="0">
<testcase name="ability_selection stage - knight (BATTLE_HOWL) skips to opponent_selection" classname="stage_ability_selection.spec.js" time="1.062">
</testcase>
<testcase name="ability_selection stage - archer (BOUNCING_ARROW) skips to opponent_selection" classname="stage_ability_selection.spec.js" time="1.045">
</testcase>
<testcase name="ability_selection stage - mage (FREEZE) goes to ability_opponent_selection" classname="stage_ability_selection.spec.js" time="1.067">
</testcase>
</testsuite>
<testsuite name="stage_battle.spec.js" timestamp="2026-01-25T19:24:50.937Z" hostname="chromium" tests="5" failures="0" skipped="0" time="16.387" errors="0">
<testcase name="battle stage - player 1 wins" classname="stage_battle.spec.js" time="3.246">
</testcase>
<testcase name="battle stage - player 2 wins" classname="stage_battle.spec.js" time="3.397">
</testcase>
<testcase name="battle stage - draw with reroll" classname="stage_battle.spec.js" time="3.347">
</testcase>
<testcase name="battle stage - reroll effect after loss" classname="stage_battle.spec.js" time="3.411">
</testcase>
<testcase name="battle stage - draw with attack bonus effect" classname="stage_battle.spec.js" time="2.986">
</testcase>
</testsuite>
<testsuite name="stage_card_draw.spec.js" timestamp="2026-01-25T19:24:50.937Z" hostname="chromium" tests="4" failures="0" skipped="0" time="5.086" errors="0">
<testcase name="card_draw stage - knight draws metal_armor successfully" classname="stage_card_draw.spec.js" time="1.263">
</testcase>
<testcase name="card_draw stage - archer draws sacred_sword (restricted)" classname="stage_card_draw.spec.js" time="1.291">
</testcase>
<testcase name="card_draw stage - knight draws golden_apple and heals" classname="stage_card_draw.spec.js" time="1.27">
</testcase>
<testcase name="card_draw stage - knight at max health draws golden_apple (no overheal)" classname="stage_card_draw.spec.js" time="1.262">
</testcase>
</testsuite>
<testsuite name="stage_charachter_select.spec.js" timestamp="2026-01-25T19:24:50.937Z" hostname="chromium" tests="5" failures="0" skipped="0" time="5.1" errors="0">
<testcase name="character_select stage - knight not alive" classname="stage_charachter_select.spec.js" time="1.443">
</testcase>
<testcase name="character_select stage - mage not alive" classname="stage_charachter_select.spec.js" time="0.951">
</testcase>
<testcase name="character_select stage - archer not alive" classname="stage_charachter_select.spec.js" time="0.953">
</testcase>
<testcase name="character_select stage - knight has skip_turn effect" classname="stage_charachter_select.spec.js" time="0.912">
</testcase>
<testcase name="character_select stage - skip_turn effect removed after character selection" classname="stage_charachter_select.spec.js" time="0.841">
</testcase>
</testsuite>
<testsuite name="basic_flow.spec.js" timestamp="2026-01-25T19:24:50.937Z" hostname="mobile-landscape" tests="1" failures="0" skipped="0" time="17.985" errors="0">
<testcase name="basic game flow" classname="basic_flow.spec.js" time="17.985">
</testcase>
</testsuite>
<testsuite name="disconnected.spec.js" timestamp="2026-01-25T19:24:50.937Z" hostname="mobile-landscape" tests="1" failures="0" skipped="0" time="1.981" errors="0">
<testcase name="disconnected player overlay in players menu" classname="disconnected.spec.js" time="1.981">
</testcase>
</testsuite>
<testsuite name="home.spec.js" timestamp="2026-01-25T19:24:50.937Z" hostname="mobile-landscape" tests="4" failures="0" skipped="0" time="4.994" errors="0">
<testcase name="should show error toast when username is empty" classname="home.spec.js" time="1.464">
</testcase>
<testcase name="should show error toast when username is only whitespace" classname="home.spec.js" time="1.4">
</testcase>
<testcase name="should allow joining game with valid username" classname="home.spec.js" time="1.086">
</testcase>
<testcase name="should trim whitespace from username when joining" classname="home.spec.js" time="1.044">
</testcase>
</testsuite>
<testsuite name="minimum_players.spec.js" timestamp="2026-01-25T19:24:50.937Z" hostname="mobile-landscape" tests="2" failures="0" skipped="0" time="1.222" errors="0">
<testcase name="minimum player overlay appears with single player" classname="minimum_players.spec.js" time="0.571">
</testcase>
<testcase name="minimum player overlay not present with two players" classname="minimum_players.spec.js" time="0.651">
</testcase>
</testsuite>
<testsuite name="players_menu.spec.js" timestamp="2026-01-25T19:24:50.937Z" hostname="mobile-landscape" tests="1" failures="0" skipped="0" time="2.034" errors="0">
<testcase name="players menu minified by default with global toggle" classname="players_menu.spec.js" time="2.034">
</testcase>
</testsuite>
<testsuite name="shared_area.spec.js" timestamp="2026-01-25T19:24:50.937Z" hostname="mobile-landscape" tests="2" failures="0" skipped="0" time="3.713" errors="0">
<testcase name="shared area dynamic alignment - character selection stage" classname="shared_area.spec.js" time="1.773">
</testcase>
<testcase name="shared area dynamic alignment - opponent selection stage" classname="shared_area.spec.js" time="1.94">
</testcase>
</testsuite>
<testsuite name="stage_ability_selection.spec.js" timestamp="2026-01-25T19:24:50.937Z" hostname="mobile-landscape" tests="3" failures="0" skipped="0" time="3.427" errors="0">
<testcase name="ability_selection stage - knight (BATTLE_HOWL) skips to opponent_selection" classname="stage_ability_selection.spec.js" time="1.102">
</testcase>
<testcase name="ability_selection stage - archer (BOUNCING_ARROW) skips to opponent_selection" classname="stage_ability_selection.spec.js" time="1.194">
</testcase>
<testcase name="ability_selection stage - mage (FREEZE) goes to ability_opponent_selection" classname="stage_ability_selection.spec.js" time="1.131">
</testcase>
</testsuite>
<testsuite name="stage_battle.spec.js" timestamp="2026-01-25T19:24:50.937Z" hostname="mobile-landscape" tests="5" failures="0" skipped="0" time="15.308" errors="0">
<testcase name="battle stage - player 1 wins" classname="stage_battle.spec.js" time="2.998">
</testcase>
<testcase name="battle stage - player 2 wins" classname="stage_battle.spec.js" time="3.02">
</testcase>
<testcase name="battle stage - draw with reroll" classname="stage_battle.spec.js" time="2.999">
</testcase>
<testcase name="battle stage - reroll effect after loss" classname="stage_battle.spec.js" time="3.219">
</testcase>
<testcase name="battle stage - draw with attack bonus effect" classname="stage_battle.spec.js" time="3.072">
</testcase>
</testsuite>
<testsuite name="stage_card_draw.spec.js" timestamp="2026-01-25T19:24:50.937Z" hostname="mobile-landscape" tests="4" failures="0" skipped="0" time="5.211" errors="0">
<testcase name="card_draw stage - knight draws metal_armor successfully" classname="stage_card_draw.spec.js" time="1.26">
</testcase>
<testcase name="card_draw stage - archer draws sacred_sword (restricted)" classname="stage_card_draw.spec.js" time="1.315">
</testcase>
<testcase name="card_draw stage - knight draws golden_apple and heals" classname="stage_card_draw.spec.js" time="1.358">
</testcase>
<testcase name="card_draw stage - knight at max health draws golden_apple (no overheal)" classname="stage_card_draw.spec.js" time="1.278">
</testcase>
</testsuite>
<testsuite name="stage_charachter_select.spec.js" timestamp="2026-01-25T19:24:50.937Z" hostname="mobile-landscape" tests="5" failures="0" skipped="0" time="4.952" errors="0">
<testcase name="character_select stage - knight not alive" classname="stage_charachter_select.spec.js" time="1.052">
</testcase>
<testcase name="character_select stage - mage not alive" classname="stage_charachter_select.spec.js" time="0.991">
</testcase>
<testcase name="character_select stage - archer not alive" classname="stage_charachter_select.spec.js" time="0.992">
</testcase>
<testcase name="character_select stage - knight has skip_turn effect" classname="stage_charachter_select.spec.js" time="0.979">
</testcase>
<testcase name="character_select stage - skip_turn effect removed after character selection" classname="stage_charachter_select.spec.js" time="0.938">
</testcase>
</testsuite>
</testsuites>