<testsuites id="" name="" tests="60" failures="0" skipped="0" errors="0" time="59.418071">
<testsuite name="basic_flow.spec.js" timestamp="2026-01-26T20:45:47.129Z" hostname="chromium" tests="1" failures="0" skipped="0" time="10.349" errors="0">
<testcase name="basic game flow" classname="basic_flow.spec.js" time="10.349">
</testcase>
</testsuite>
<testsuite name="disconnected.spec.js" timestamp="2026-01-26T20:45:47.129Z" hostname="chromium" tests="1" failures="0" skipped="0" time="2.084" errors="0">
<testcase name="disconnected player overlay in players menu" classname="disconnected.spec.js" time="2.084">
</testcase>
</testsuite>
<testsuite name="home.spec.js" timestamp="2026-01-26T20:45:47.129Z" hostname="chromium" tests="4" failures="0" skipped="0" time="3.133" errors="0">
<testcase name="should show error toast when username is empty" classname="home.spec.js" time="0.859">
</testcase>
<testcase name="should show error toast when username is only whitespace" classname="home.spec.js" time="0.866">
</testcase>
<testcase name="should allow joining game with valid username" classname="home.spec.js" time="0.718">
</testcase>
<testcase name="should trim whitespace from username when joining" classname="home.spec.js" time="0.69">
</testcase>
</testsuite>
<testsuite name="minimum_players.spec.js" timestamp="2026-01-26T20:45:47.129Z" hostname="chromium" tests="2" failures="0" skipped="0" time="0.933" errors="0">
<testcase name="minimum player overlay appears with single player" classname="minimum_players.spec.js" time="0.464">
</testcase>
<testcase name="minimum player overlay not present with two players" classname="minimum_players.spec.js" time="0.469">
</testcase>
</testsuite>
<testsuite name="players_menu.spec.js" timestamp="2026-01-26T20:45:47.129Z" hostname="chromium" tests="1" failures="0" skipped="0" time="1.621" errors="0">
<testcase name="players menu minified by default with global toggle" classname="players_menu.spec.js" time="1.621">
</testcase>
</testsuite>
<testsuite name="shared_area.spec.js" timestamp="2026-01-26T20:45:47.129Z" hostname="chromium" tests="2" failures="0" skipped="0" time="2.454" errors="0">
<testcase name="shared area dynamic alignment - character selection stage" classname="shared_area.spec.js" time="1.162">
</testcase>
<testcase name="shared area dynamic alignment - opponent selection stage" classname="shared_area.spec.js" time="1.292">
</testcase>
</testsuite>
<testsuite name="stage_ability_selection.spec.js" timestamp="2026-01-26T20:45:47.129Z" hostname="chromium" tests="3" failures="0" skipped="0" time="3.243" errors="0">
<testcase name="ability_selection stage - knight (BATTLE_HOWL) skips to opponent_selection" classname="stage_ability_selection.spec.js" time="1.058">
</testcase>
<testcase name="ability_selection stage - archer (BOUNCING_ARROW) skips to opponent_selection" classname="stage_ability_selection.spec.js" time="1.088">
</testcase>
<testcase name="ability_selection stage - mage (FREEZE) goes to ability_opponent_selection" classname="stage_ability_selection.spec.js" time="1.097">
</testcase>
</testsuite>
<testsuite name="stage_battle.spec.js" timestamp="2026-01-26T20:45:47.129Z" hostname="chromium" tests="5" failures="0" skipped="0" time="13.659" errors="0">
<testcase name="battle stage - player 1 wins" classname="stage_battle.spec.js" time="2.872">
</testcase>
<testcase name="battle stage - player 2 wins" classname="stage_battle.spec.js" time="2.676">
</testcase>
<testcase name="battle stage - draw with reroll" classname="stage_battle.spec.js" time="2.62">
</testcase>
<testcase name="battle stage - reroll effect after loss" classname="stage_battle.spec.js" time="2.772">
</testcase>
<testcase name="battle stage - draw with attack bonus effect" classname="stage_battle.spec.js" time="2.719">
</testcase>
</testsuite>
<testsuite name="stage_card_draw.spec.js" timestamp="2026-01-26T20:45:47.129Z" hostname="chromium" tests="4" failures="0" skipped="0" time="6.569" errors="0">
<testcase name="card_draw stage - knight draws metal_armor successfully" classname="stage_card_draw.spec.js" time="1.017">
</testcase>
<testcase name="card_draw stage - archer draws sacred_sword (restricted)" classname="stage_card_draw.spec.js" time="1.294">
</testcase>
<testcase name="card_draw stage - knight draws golden_apple and heals" classname="stage_card_draw.spec.js" time="1.991">
</testcase>
<testcase name="card_draw stage - knight at max health draws golden_apple (no overheal)" classname="stage_card_draw.spec.js" time="2.267">
</testcase>
</testsuite>
<testsuite name="stage_charachter_select.spec.js" timestamp="2026-01-26T20:45:47.129Z" hostname="chromium" tests="7" failures="0" skipped="0" time="6.559" errors="0">
<testcase name="character_select stage - knight not alive" classname="stage_charachter_select.spec.js" time="0.877">
</testcase>
<testcase name="character_select stage - mage not alive" classname="stage_charachter_select.spec.js" time="0.902">
</testcase>
<testcase name="character_select stage - archer not alive" classname="stage_charachter_select.spec.js" time="0.888">
</testcase>
<testcase name="character_select stage - knight has skip_turn effect" classname="stage_charachter_select.spec.js" time="0.967">
</testcase>
<testcase name="character_select stage - skip_turn effect removed after character selection" classname="stage_charachter_select.spec.js" time="0.797">
</testcase>
<testcase name="character_select stage - no character available shows Skip Turn button" classname="stage_charachter_select.spec.js" time="0.939">
</testcase>
<testcase name="character_select stage - Skip Turn button passes turn to next player" classname="stage_charachter_select.spec.js" time="1.189">
</testcase>
</testsuite>
<testsuite name="basic_flow.spec.js" timestamp="2026-01-26T20:45:47.129Z" hostname="mobile-landscape" tests="1" failures="0" skipped="0" time="11.884" errors="0">
<testcase name="basic game flow" classname="basic_flow.spec.js" time="11.884">
</testcase>
</testsuite>
<testsuite name="disconnected.spec.js" timestamp="2026-01-26T20:45:47.129Z" hostname="mobile-landscape" tests="1" failures="0" skipped="0" time="1.846" errors="0">
<testcase name="disconnected player overlay in players menu" classname="disconnected.spec.js" time="1.846">
</testcase>
</testsuite>
<testsuite name="home.spec.js" timestamp="2026-01-26T20:45:47.129Z" hostname="mobile-landscape" tests="4" failures="0" skipped="0" time="4.539" errors="0">
<testcase name="should show error toast when username is empty" classname="home.spec.js" time="1.312">
</testcase>
<testcase name="should show error toast when username is only whitespace" classname="home.spec.js" time="1.262">
</testcase>
<testcase name="should allow joining game with valid username" classname="home.spec.js" time="1.024">
</testcase>
<testcase name="should trim whitespace from username when joining" classname="home.spec.js" time="0.941">
</testcase>
</testsuite>
<testsuite name="minimum_players.spec.js" timestamp="2026-01-26T20:45:47.129Z" hostname="mobile-landscape" tests="2" failures="0" skipped="0" time="1.018" errors="0">
<testcase name="minimum player overlay appears with single player" classname="minimum_players.spec.js" time="0.528">
</testcase>
<testcase name="minimum player overlay not present with two players" classname="minimum_players.spec.js" time="0.49">
</testcase>
</testsuite>
<testsuite name="players_menu.spec.js" timestamp="2026-01-26T20:45:47.129Z" hostname="mobile-landscape" tests="1" failures="0" skipped="0" time="1.825" errors="0">
<testcase name="players menu minified by default with global toggle" classname="players_menu.spec.js" time="1.825">
</testcase>
</testsuite>
<testsuite name="shared_area.spec.js" timestamp="2026-01-26T20:45:47.129Z" hostname="mobile-landscape" tests="2" failures="0" skipped="0" time="3.789" errors="0">
<testcase name="shared area dynamic alignment - character selection stage" classname="shared_area.spec.js" time="1.753">
</testcase>
<testcase name="shared area dynamic alignment - opponent selection stage" classname="shared_area.spec.js" time="2.036">
</testcase>
</testsuite>
<testsuite name="stage_ability_selection.spec.js" timestamp="2026-01-26T20:45:47.129Z" hostname="mobile-landscape" tests="3" failures="0" skipped="0" time="3.172" errors="0">
<testcase name="ability_selection stage - knight (BATTLE_HOWL) skips to opponent_selection" classname="stage_ability_selection.spec.js" time="0.978">
</testcase>
<testcase name="ability_selection stage - archer (BOUNCING_ARROW) skips to opponent_selection" classname="stage_ability_selection.spec.js" time="1.035">
</testcase>
<testcase name="ability_selection stage - mage (FREEZE) goes to ability_opponent_selection" classname="stage_ability_selection.spec.js" time="1.159">
</testcase>
</testsuite>
<testsuite name="stage_battle.spec.js" timestamp="2026-01-26T20:45:47.129Z" hostname="mobile-landscape" tests="5" failures="0" skipped="0" time="13.877" errors="0">
<testcase name="battle stage - player 1 wins" classname="stage_battle.spec.js" time="2.823">
</testcase>
<testcase name="battle stage - player 2 wins" classname="stage_battle.spec.js" time="2.709">
</testcase>
<testcase name="battle stage - draw with reroll" classname="stage_battle.spec.js" time="2.667">
</testcase>
<testcase name="battle stage - reroll effect after loss" classname="stage_battle.spec.js" time="2.84">
</testcase>
<testcase name="battle stage - draw with attack bonus effect" classname="stage_battle.spec.js" time="2.838">
</testcase>
</testsuite>
<testsuite name="stage_card_draw.spec.js" timestamp="2026-01-26T20:45:47.129Z" hostname="mobile-landscape" tests="4" failures="0" skipped="0" time="4.736" errors="0">
<testcase name="card_draw stage - knight draws metal_armor successfully" classname="stage_card_draw.spec.js" time="0.99">
</testcase>
<testcase name="card_draw stage - archer draws sacred_sword (restricted)" classname="stage_card_draw.spec.js" time="1.112">
</testcase>
<testcase name="card_draw stage - knight draws golden_apple and heals" classname="stage_card_draw.spec.js" time="1.364">
</testcase>
<testcase name="card_draw stage - knight at max health draws golden_apple (no overheal)" classname="stage_card_draw.spec.js" time="1.27">
</testcase>
</testsuite>
<testsuite name="stage_charachter_select.spec.js" timestamp="2026-01-26T20:45:47.129Z" hostname="mobile-landscape" tests="7" failures="0" skipped="0" time="7.062" errors="0">
<testcase name="character_select stage - knight not alive" classname="stage_charachter_select.spec.js" time="0.973">
</testcase>
<testcase name="character_select stage - mage not alive" classname="stage_charachter_select.spec.js" time="0.968">
</testcase>
<testcase name="character_select stage - archer not alive" classname="stage_charachter_select.spec.js" time="0.998">
</testcase>
<testcase name="character_select stage - knight has skip_turn effect" classname="stage_charachter_select.spec.js" time="1.004">
</testcase>
<testcase name="character_select stage - skip_turn effect removed after character selection" classname="stage_charachter_select.spec.js" time="0.834">
</testcase>
<testcase name="character_select stage - no character available shows Skip Turn button" classname="stage_charachter_select.spec.js" time="1.086">
</testcase>
<testcase name="character_select stage - Skip Turn button passes turn to next player" classname="stage_charachter_select.spec.js" time="1.199">
</testcase>
</testsuite>
</testsuites>