<testsuites id="" name="" tests="52" failures="0" skipped="0" errors="0" time="110.323292">
<testsuite name="basic_flow.spec.js" timestamp="2026-01-23T08:58:17.344Z" hostname="chromium" tests="1" failures="0" skipped="0" time="10.444" errors="0">
<testcase name="basic game flow" classname="basic_flow.spec.js" time="10.444">
</testcase>
</testsuite>
<testsuite name="disconnected.spec.js" timestamp="2026-01-23T08:58:17.344Z" hostname="chromium" tests="1" failures="0" skipped="0" time="1.852" errors="0">
<testcase name="disconnected player overlay in players menu" classname="disconnected.spec.js" time="1.852">
</testcase>
</testsuite>
<testsuite name="home.spec.js" timestamp="2026-01-23T08:58:17.344Z" hostname="chromium" tests="4" failures="0" skipped="0" time="3.188" errors="0">
<testcase name="should show error toast when username is empty" classname="home.spec.js" time="0.89">
</testcase>
<testcase name="should show error toast when username is only whitespace" classname="home.spec.js" time="0.852">
</testcase>
<testcase name="should allow joining game with valid username" classname="home.spec.js" time="0.734">
</testcase>
<testcase name="should trim whitespace from username when joining" classname="home.spec.js" time="0.712">
</testcase>
</testsuite>
<testsuite name="minimum_players.spec.js" timestamp="2026-01-23T08:58:17.344Z" hostname="chromium" tests="2" failures="0" skipped="0" time="1.121" errors="0">
<testcase name="minimum player overlay appears with single player" classname="minimum_players.spec.js" time="0.557">
</testcase>
<testcase name="minimum player overlay not present with two players" classname="minimum_players.spec.js" time="0.564">
</testcase>
</testsuite>
<testsuite name="players_menu.spec.js" timestamp="2026-01-23T08:58:17.344Z" hostname="chromium" tests="1" failures="0" skipped="0" time="1.908" errors="0">
<testcase name="players menu minified by default with global toggle" classname="players_menu.spec.js" time="1.908">
</testcase>
</testsuite>
<testsuite name="shared_area.spec.js" timestamp="2026-01-23T08:58:17.344Z" hostname="chromium" tests="2" failures="0" skipped="0" time="2.626" errors="0">
<testcase name="shared area dynamic alignment - character selection stage" classname="shared_area.spec.js" time="1.318">
</testcase>
<testcase name="shared area dynamic alignment - opponent selection stage" classname="shared_area.spec.js" time="1.308">
</testcase>
</testsuite>
<testsuite name="stage_ability_selection.spec.js" timestamp="2026-01-23T08:58:17.344Z" hostname="chromium" tests="3" failures="0" skipped="0" time="3.17" errors="0">
<testcase name="ability_selection stage - knight (BATTLE_HOWL) skips to opponent_selection" classname="stage_ability_selection.spec.js" time="1.058">
</testcase>
<testcase name="ability_selection stage - archer (BOUNCING_ARROW) skips to opponent_selection" classname="stage_ability_selection.spec.js" time="1.051">
</testcase>
<testcase name="ability_selection stage - mage (FREEZE) goes to ability_opponent_selection" classname="stage_ability_selection.spec.js" time="1.061">
</testcase>
</testsuite>
<testsuite name="stage_battle.spec.js" timestamp="2026-01-23T08:58:17.344Z" hostname="chromium" tests="5" failures="0" skipped="0" time="15.868" errors="0">
<testcase name="battle stage - player 1 wins" classname="stage_battle.spec.js" time="2.943">
</testcase>
<testcase name="battle stage - player 2 wins" classname="stage_battle.spec.js" time="2.987">
</testcase>
<testcase name="battle stage - draw with reroll" classname="stage_battle.spec.js" time="2.902">
</testcase>
<testcase name="battle stage - reroll effect after loss" classname="stage_battle.spec.js" time="3.65">
</testcase>
<testcase name="battle stage - draw with attack bonus effect" classname="stage_battle.spec.js" time="3.386">
</testcase>
</testsuite>
<testsuite name="stage_card_draw.spec.js" timestamp="2026-01-23T08:58:17.344Z" hostname="chromium" tests="2" failures="0" skipped="0" time="2.463" errors="0">
<testcase name="card_draw stage - knight draws metal_armor successfully" classname="stage_card_draw.spec.js" time="1.224">
</testcase>
<testcase name="card_draw stage - archer draws sacred_sword (restricted)" classname="stage_card_draw.spec.js" time="1.239">
</testcase>
</testsuite>
<testsuite name="stage_charachter_select.spec.js" timestamp="2026-01-23T08:58:17.344Z" hostname="chromium" tests="5" failures="0" skipped="0" time="4.739" errors="0">
<testcase name="character_select stage - knight not alive" classname="stage_charachter_select.spec.js" time="0.987">
</testcase>
<testcase name="character_select stage - mage not alive" classname="stage_charachter_select.spec.js" time="0.979">
</testcase>
<testcase name="character_select stage - archer not alive" classname="stage_charachter_select.spec.js" time="0.923">
</testcase>
<testcase name="character_select stage - knight has skip_turn effect" classname="stage_charachter_select.spec.js" time="0.928">
</testcase>
<testcase name="character_select stage - skip_turn effect removed after character selection" classname="stage_charachter_select.spec.js" time="0.922">
</testcase>
</testsuite>
<testsuite name="basic_flow.spec.js" timestamp="2026-01-23T08:58:17.344Z" hostname="mobile-landscape" tests="1" failures="0" skipped="0" time="13.142" errors="0">
<testcase name="basic game flow" classname="basic_flow.spec.js" time="13.142">
</testcase>
</testsuite>
<testsuite name="disconnected.spec.js" timestamp="2026-01-23T08:58:17.344Z" hostname="mobile-landscape" tests="1" failures="0" skipped="0" time="2.086" errors="0">
<testcase name="disconnected player overlay in players menu" classname="disconnected.spec.js" time="2.086">
</testcase>
</testsuite>
<testsuite name="home.spec.js" timestamp="2026-01-23T08:58:17.344Z" hostname="mobile-landscape" tests="4" failures="0" skipped="0" time="4.833" errors="0">
<testcase name="should show error toast when username is empty" classname="home.spec.js" time="1.357">
</testcase>
<testcase name="should show error toast when username is only whitespace" classname="home.spec.js" time="1.379">
</testcase>
<testcase name="should allow joining game with valid username" classname="home.spec.js" time="1.048">
</testcase>
<testcase name="should trim whitespace from username when joining" classname="home.spec.js" time="1.049">
</testcase>
</testsuite>
<testsuite name="minimum_players.spec.js" timestamp="2026-01-23T08:58:17.344Z" hostname="mobile-landscape" tests="2" failures="0" skipped="0" time="1.145" errors="0">
<testcase name="minimum player overlay appears with single player" classname="minimum_players.spec.js" time="0.581">
</testcase>
<testcase name="minimum player overlay not present with two players" classname="minimum_players.spec.js" time="0.564">
</testcase>
</testsuite>
<testsuite name="players_menu.spec.js" timestamp="2026-01-23T08:58:17.344Z" hostname="mobile-landscape" tests="1" failures="0" skipped="0" time="2.128" errors="0">
<testcase name="players menu minified by default with global toggle" classname="players_menu.spec.js" time="2.128">
</testcase>
</testsuite>
<testsuite name="shared_area.spec.js" timestamp="2026-01-23T08:58:17.344Z" hostname="mobile-landscape" tests="2" failures="0" skipped="0" time="3.749" errors="0">
<testcase name="shared area dynamic alignment - character selection stage" classname="shared_area.spec.js" time="1.847">
</testcase>
<testcase name="shared area dynamic alignment - opponent selection stage" classname="shared_area.spec.js" time="1.902">
</testcase>
</testsuite>
<testsuite name="stage_ability_selection.spec.js" timestamp="2026-01-23T08:58:17.344Z" hostname="mobile-landscape" tests="3" failures="0" skipped="0" time="3.45" errors="0">
<testcase name="ability_selection stage - knight (BATTLE_HOWL) skips to opponent_selection" classname="stage_ability_selection.spec.js" time="1.125">
</testcase>
<testcase name="ability_selection stage - archer (BOUNCING_ARROW) skips to opponent_selection" classname="stage_ability_selection.spec.js" time="1.129">
</testcase>
<testcase name="ability_selection stage - mage (FREEZE) goes to ability_opponent_selection" classname="stage_ability_selection.spec.js" time="1.196">
</testcase>
</testsuite>
<testsuite name="stage_battle.spec.js" timestamp="2026-01-23T08:58:17.344Z" hostname="mobile-landscape" tests="5" failures="0" skipped="0" time="15.298" errors="0">
<testcase name="battle stage - player 1 wins" classname="stage_battle.spec.js" time="2.992">
</testcase>
<testcase name="battle stage - player 2 wins" classname="stage_battle.spec.js" time="3.043">
</testcase>
<testcase name="battle stage - draw with reroll" classname="stage_battle.spec.js" time="2.99">
</testcase>
<testcase name="battle stage - reroll effect after loss" classname="stage_battle.spec.js" time="3.209">
</testcase>
<testcase name="battle stage - draw with attack bonus effect" classname="stage_battle.spec.js" time="3.064">
</testcase>
</testsuite>
<testsuite name="stage_card_draw.spec.js" timestamp="2026-01-23T08:58:17.344Z" hostname="mobile-landscape" tests="2" failures="0" skipped="0" time="2.519" errors="0">
<testcase name="card_draw stage - knight draws metal_armor successfully" classname="stage_card_draw.spec.js" time="1.27">
</testcase>
<testcase name="card_draw stage - archer draws sacred_sword (restricted)" classname="stage_card_draw.spec.js" time="1.249">
</testcase>
</testsuite>
<testsuite name="stage_charachter_select.spec.js" timestamp="2026-01-23T08:58:17.344Z" hostname="mobile-landscape" tests="5" failures="0" skipped="0" time="4.919" errors="0">
<testcase name="character_select stage - knight not alive" classname="stage_charachter_select.spec.js" time="0.986">
</testcase>
<testcase name="character_select stage - mage not alive" classname="stage_charachter_select.spec.js" time="1.022">
</testcase>
<testcase name="character_select stage - archer not alive" classname="stage_charachter_select.spec.js" time="0.982">
</testcase>
<testcase name="character_select stage - knight has skip_turn effect" classname="stage_charachter_select.spec.js" time="0.99">
</testcase>
<testcase name="character_select stage - skip_turn effect removed after character selection" classname="stage_charachter_select.spec.js" time="0.939">
</testcase>
</testsuite>
</testsuites>