<testsuites id="" name="" tests="48" failures="0" skipped="0" errors="0" time="106.100285">
<testsuite name="basic_flow.spec.js" timestamp="2026-01-18T10:19:07.886Z" hostname="chromium" tests="1" failures="0" skipped="0" time="9.361" errors="0">
<testcase name="basic game flow" classname="basic_flow.spec.js" time="9.361">
</testcase>
</testsuite>
<testsuite name="disconnected.spec.js" timestamp="2026-01-18T10:19:07.886Z" hostname="chromium" tests="1" failures="0" skipped="0" time="2.093" errors="0">
<testcase name="disconnected player overlay in players menu" classname="disconnected.spec.js" time="2.093">
</testcase>
</testsuite>
<testsuite name="home.spec.js" timestamp="2026-01-18T10:19:07.886Z" hostname="chromium" tests="4" failures="0" skipped="0" time="3.065" errors="0">
<testcase name="should show error toast when username is empty" classname="home.spec.js" time="0.822">
</testcase>
<testcase name="should show error toast when username is only whitespace" classname="home.spec.js" time="0.817">
</testcase>
<testcase name="should allow joining game with valid username" classname="home.spec.js" time="0.696">
</testcase>
<testcase name="should trim whitespace from username when joining" classname="home.spec.js" time="0.73">
</testcase>
</testsuite>
<testsuite name="minimum_players.spec.js" timestamp="2026-01-18T10:19:07.886Z" hostname="chromium" tests="2" failures="0" skipped="0" time="1.111" errors="0">
<testcase name="minimum player overlay appears with single player" classname="minimum_players.spec.js" time="0.615">
</testcase>
<testcase name="minimum player overlay not present with two players" classname="minimum_players.spec.js" time="0.496">
</testcase>
</testsuite>
<testsuite name="players_menu.spec.js" timestamp="2026-01-18T10:19:07.886Z" hostname="chromium" tests="1" failures="0" skipped="0" time="1.827" errors="0">
<testcase name="players menu minified by default with global toggle" classname="players_menu.spec.js" time="1.827">
</testcase>
</testsuite>
<testsuite name="shared_area.spec.js" timestamp="2026-01-18T10:19:07.886Z" hostname="chromium" tests="2" failures="0" skipped="0" time="2.561" errors="0">
<testcase name="shared area dynamic alignment - character selection stage" classname="shared_area.spec.js" time="1.287">
</testcase>
<testcase name="shared area dynamic alignment - opponent selection stage" classname="shared_area.spec.js" time="1.274">
</testcase>
</testsuite>
<testsuite name="stage_ability_selection.spec.js" timestamp="2026-01-18T10:19:07.886Z" hostname="chromium" tests="3" failures="0" skipped="0" time="3.12" errors="0">
<testcase name="ability_selection stage - knight (BATTLE_HOWL) skips to opponent_selection" classname="stage_ability_selection.spec.js" time="1.046">
</testcase>
<testcase name="ability_selection stage - archer (BOUNCING_ARROW) skips to opponent_selection" classname="stage_ability_selection.spec.js" time="1.058">
</testcase>
<testcase name="ability_selection stage - mage (FREEZE) goes to ability_opponent_selection" classname="stage_ability_selection.spec.js" time="1.016">
</testcase>
</testsuite>
<testsuite name="stage_battle.spec.js" timestamp="2026-01-18T10:19:07.886Z" hostname="chromium" tests="5" failures="0" skipped="0" time="14.768" errors="0">
<testcase name="battle stage - player 1 wins" classname="stage_battle.spec.js" time="2.941">
</testcase>
<testcase name="battle stage - player 2 wins" classname="stage_battle.spec.js" time="2.949">
</testcase>
<testcase name="battle stage - draw with reroll" classname="stage_battle.spec.js" time="2.903">
</testcase>
<testcase name="battle stage - reroll effect after loss" classname="stage_battle.spec.js" time="3.064">
</testcase>
<testcase name="battle stage - draw with attack bonus effect" classname="stage_battle.spec.js" time="2.911">
</testcase>
</testsuite>
<testsuite name="stage_charachter_select.spec.js" timestamp="2026-01-18T10:19:07.886Z" hostname="chromium" tests="5" failures="0" skipped="0" time="4.694" errors="0">
<testcase name="character_select stage - knight not alive" classname="stage_charachter_select.spec.js" time="0.82">
</testcase>
<testcase name="character_select stage - mage not alive" classname="stage_charachter_select.spec.js" time="0.854">
</testcase>
<testcase name="character_select stage - archer not alive" classname="stage_charachter_select.spec.js" time="0.925">
</testcase>
<testcase name="character_select stage - knight has skip_turn effect" classname="stage_charachter_select.spec.js" time="0.863">
</testcase>
<testcase name="character_select stage - skip_turn effect removed after character selection" classname="stage_charachter_select.spec.js" time="1.232">
</testcase>
</testsuite>
<testsuite name="basic_flow.spec.js" timestamp="2026-01-18T10:19:07.886Z" hostname="mobile-landscape" tests="1" failures="0" skipped="0" time="16.552" errors="0">
<testcase name="basic game flow" classname="basic_flow.spec.js" time="16.552">
</testcase>
</testsuite>
<testsuite name="disconnected.spec.js" timestamp="2026-01-18T10:19:07.886Z" hostname="mobile-landscape" tests="1" failures="0" skipped="0" time="2.005" errors="0">
<testcase name="disconnected player overlay in players menu" classname="disconnected.spec.js" time="2.005">
</testcase>
</testsuite>
<testsuite name="home.spec.js" timestamp="2026-01-18T10:19:07.886Z" hostname="mobile-landscape" tests="4" failures="0" skipped="0" time="4.98" errors="0">
<testcase name="should show error toast when username is empty" classname="home.spec.js" time="1.352">
</testcase>
<testcase name="should show error toast when username is only whitespace" classname="home.spec.js" time="1.432">
</testcase>
<testcase name="should allow joining game with valid username" classname="home.spec.js" time="1.03">
</testcase>
<testcase name="should trim whitespace from username when joining" classname="home.spec.js" time="1.166">
</testcase>
</testsuite>
<testsuite name="minimum_players.spec.js" timestamp="2026-01-18T10:19:07.886Z" hostname="mobile-landscape" tests="2" failures="0" skipped="0" time="1.17" errors="0">
<testcase name="minimum player overlay appears with single player" classname="minimum_players.spec.js" time="0.567">
</testcase>
<testcase name="minimum player overlay not present with two players" classname="minimum_players.spec.js" time="0.603">
</testcase>
</testsuite>
<testsuite name="players_menu.spec.js" timestamp="2026-01-18T10:19:07.886Z" hostname="mobile-landscape" tests="1" failures="0" skipped="0" time="2.178" errors="0">
<testcase name="players menu minified by default with global toggle" classname="players_menu.spec.js" time="2.178">
</testcase>
</testsuite>
<testsuite name="shared_area.spec.js" timestamp="2026-01-18T10:19:07.886Z" hostname="mobile-landscape" tests="2" failures="0" skipped="0" time="3.644" errors="0">
<testcase name="shared area dynamic alignment - character selection stage" classname="shared_area.spec.js" time="1.786">
</testcase>
<testcase name="shared area dynamic alignment - opponent selection stage" classname="shared_area.spec.js" time="1.858">
</testcase>
</testsuite>
<testsuite name="stage_ability_selection.spec.js" timestamp="2026-01-18T10:19:07.886Z" hostname="mobile-landscape" tests="3" failures="0" skipped="0" time="3.387" errors="0">
<testcase name="ability_selection stage - knight (BATTLE_HOWL) skips to opponent_selection" classname="stage_ability_selection.spec.js" time="1.094">
</testcase>
<testcase name="ability_selection stage - archer (BOUNCING_ARROW) skips to opponent_selection" classname="stage_ability_selection.spec.js" time="1.115">
</testcase>
<testcase name="ability_selection stage - mage (FREEZE) goes to ability_opponent_selection" classname="stage_ability_selection.spec.js" time="1.178">
</testcase>
</testsuite>
<testsuite name="stage_battle.spec.js" timestamp="2026-01-18T10:19:07.886Z" hostname="mobile-landscape" tests="5" failures="0" skipped="0" time="15.078" errors="0">
<testcase name="battle stage - player 1 wins" classname="stage_battle.spec.js" time="3.01">
</testcase>
<testcase name="battle stage - player 2 wins" classname="stage_battle.spec.js" time="2.968">
</testcase>
<testcase name="battle stage - draw with reroll" classname="stage_battle.spec.js" time="2.946">
</testcase>
<testcase name="battle stage - reroll effect after loss" classname="stage_battle.spec.js" time="3.145">
</testcase>
<testcase name="battle stage - draw with attack bonus effect" classname="stage_battle.spec.js" time="3.009">
</testcase>
</testsuite>
<testsuite name="stage_charachter_select.spec.js" timestamp="2026-01-18T10:19:07.886Z" hostname="mobile-landscape" tests="5" failures="0" skipped="0" time="5.163" errors="0">
<testcase name="character_select stage - knight not alive" classname="stage_charachter_select.spec.js" time="0.965">
</testcase>
<testcase name="character_select stage - mage not alive" classname="stage_charachter_select.spec.js" time="0.924">
</testcase>
<testcase name="character_select stage - archer not alive" classname="stage_charachter_select.spec.js" time="0.914">
</testcase>
<testcase name="character_select stage - knight has skip_turn effect" classname="stage_charachter_select.spec.js" time="1.018">
</testcase>
<testcase name="character_select stage - skip_turn effect removed after character selection" classname="stage_charachter_select.spec.js" time="1.342">
</testcase>
</testsuite>
</testsuites>