<testsuites id="" name="" tests="56" failures="4" skipped="0" errors="0" time="232.96355499999999">
<testsuite name="basic_flow.spec.js" timestamp="2026-01-25T19:15:24.468Z" hostname="chromium" tests="1" failures="0" skipped="0" time="10.438" errors="0">
<testcase name="basic game flow" classname="basic_flow.spec.js" time="10.438">
</testcase>
</testsuite>
<testsuite name="disconnected.spec.js" timestamp="2026-01-25T19:15:24.468Z" hostname="chromium" tests="1" failures="0" skipped="0" time="1.83" errors="0">
<testcase name="disconnected player overlay in players menu" classname="disconnected.spec.js" time="1.83">
</testcase>
</testsuite>
<testsuite name="home.spec.js" timestamp="2026-01-25T19:15:24.468Z" hostname="chromium" tests="4" failures="0" skipped="0" time="3.209" errors="0">
<testcase name="should show error toast when username is empty" classname="home.spec.js" time="0.854">
</testcase>
<testcase name="should show error toast when username is only whitespace" classname="home.spec.js" time="0.852">
</testcase>
<testcase name="should allow joining game with valid username" classname="home.spec.js" time="0.776">
</testcase>
<testcase name="should trim whitespace from username when joining" classname="home.spec.js" time="0.727">
</testcase>
</testsuite>
<testsuite name="minimum_players.spec.js" timestamp="2026-01-25T19:15:24.468Z" hostname="chromium" tests="2" failures="0" skipped="0" time="1.123" errors="0">
<testcase name="minimum player overlay appears with single player" classname="minimum_players.spec.js" time="0.587">
</testcase>
<testcase name="minimum player overlay not present with two players" classname="minimum_players.spec.js" time="0.536">
</testcase>
</testsuite>
<testsuite name="players_menu.spec.js" timestamp="2026-01-25T19:15:24.468Z" hostname="chromium" tests="1" failures="0" skipped="0" time="1.837" errors="0">
<testcase name="players menu minified by default with global toggle" classname="players_menu.spec.js" time="1.837">
</testcase>
</testsuite>
<testsuite name="shared_area.spec.js" timestamp="2026-01-25T19:15:24.468Z" hostname="chromium" tests="2" failures="0" skipped="0" time="2.678" errors="0">
<testcase name="shared area dynamic alignment - character selection stage" classname="shared_area.spec.js" time="1.338">
</testcase>
<testcase name="shared area dynamic alignment - opponent selection stage" classname="shared_area.spec.js" time="1.34">
</testcase>
</testsuite>
<testsuite name="stage_ability_selection.spec.js" timestamp="2026-01-25T19:15:24.468Z" hostname="chromium" tests="3" failures="0" skipped="0" time="3.11" errors="0">
<testcase name="ability_selection stage - knight (BATTLE_HOWL) skips to opponent_selection" classname="stage_ability_selection.spec.js" time="1.028">
</testcase>
<testcase name="ability_selection stage - archer (BOUNCING_ARROW) skips to opponent_selection" classname="stage_ability_selection.spec.js" time="1.041">
</testcase>
<testcase name="ability_selection stage - mage (FREEZE) goes to ability_opponent_selection" classname="stage_ability_selection.spec.js" time="1.041">
</testcase>
</testsuite>
<testsuite name="stage_battle.spec.js" timestamp="2026-01-25T19:15:24.468Z" hostname="chromium" tests="5" failures="0" skipped="0" time="14.856" errors="0">
<testcase name="battle stage - player 1 wins" classname="stage_battle.spec.js" time="2.929">
</testcase>
<testcase name="battle stage - player 2 wins" classname="stage_battle.spec.js" time="2.882">
</testcase>
<testcase name="battle stage - draw with reroll" classname="stage_battle.spec.js" time="2.955">
</testcase>
<testcase name="battle stage - reroll effect after loss" classname="stage_battle.spec.js" time="3.023">
</testcase>
<testcase name="battle stage - draw with attack bonus effect" classname="stage_battle.spec.js" time="3.067">
</testcase>
</testsuite>
<testsuite name="stage_card_draw.spec.js" timestamp="2026-01-25T19:15:24.468Z" hostname="chromium" tests="4" failures="2" skipped="0" time="63.118" errors="0">
<testcase name="card_draw stage - knight draws metal_armor successfully" classname="stage_card_draw.spec.js" time="1.791">
</testcase>
<testcase name="card_draw stage - archer draws sacred_sword (restricted)" classname="stage_card_draw.spec.js" time="1.239">
</testcase>
<testcase name="card_draw stage - knight draws golden_apple and heals" classname="stage_card_draw.spec.js" time="30.048">
<failure message="stage_card_draw.spec.js:134:1 card_draw stage - knight draws golden_apple and heals" type="FAILURE">
<![CDATA[  [chromium] › stage_card_draw.spec.js:134:1 › card_draw stage - knight draws golden_apple and heals 

    Test timeout of 30000ms exceeded.

    Error: locator.click: Test timeout of 30000ms exceeded.
    Call log:
      - waiting for getByRole('button', { name: 'Expand all players' })


      162 |   // Expand players again (state resets on stage transition) to see knight's health after healing
      163 |   const expandButtonAfter = page.getByRole("button", { name: "Expand all players" });
    > 164 |   await expandButtonAfter.click();
          |                           ^
      165 |
      166 |   // Verify knight healed to 2 health
      167 |   await expect(knightCard).toContainText("[2/2]");
        at /home/runner/work/heroes-of-talisman/heroes-of-talisman/e2e/stage_card_draw.spec.js:164:27

    Error Context: ../test-results/stage_card_draw-card-draw--6c764-raws-golden-apple-and-heals-chromium/error-context.md
]]>
</failure>
<system-out>
<![CDATA[
[[ATTACHMENT|../test-results/stage_card_draw-card-draw--6c764-raws-golden-apple-and-heals-chromium/error-context.md]]
]]>
</system-out>
</testcase>
<testcase name="card_draw stage - knight at max health draws golden_apple (no overheal)" classname="stage_card_draw.spec.js" time="30.04">
<failure message="stage_card_draw.spec.js:198:1 card_draw stage - knight at max health draws golden_apple (no overheal)" type="FAILURE">
<![CDATA[  [chromium] › stage_card_draw.spec.js:198:1 › card_draw stage - knight at max health draws golden_apple (no overheal) 

    Test timeout of 30000ms exceeded.

    Error: locator.click: Test timeout of 30000ms exceeded.
    Call log:
      - waiting for getByRole('button', { name: 'Expand all players' })


      212 |   // Expand players again (state resets on stage transition) to see knight's health after card
      213 |   const expandButtonAfter = page.getByRole("button", { name: "Expand all players" });
    > 214 |   await expandButtonAfter.click();
          |                           ^
      215 |
      216 |   // Verify knight is still at max health (no overheal)
      217 |   await expect(knightCard).toContainText("[2/2]");
        at /home/runner/work/heroes-of-talisman/heroes-of-talisman/e2e/stage_card_draw.spec.js:214:27

    Error Context: ../test-results/stage_card_draw-card-draw--93d68-s-golden-apple-no-overheal--chromium/error-context.md
]]>
</failure>
<system-out>
<![CDATA[
[[ATTACHMENT|../test-results/stage_card_draw-card-draw--93d68-s-golden-apple-no-overheal--chromium/error-context.md]]
]]>
</system-out>
</testcase>
</testsuite>
<testsuite name="stage_charachter_select.spec.js" timestamp="2026-01-25T19:15:24.468Z" hostname="chromium" tests="5" failures="0" skipped="0" time="4.707" errors="0">
<testcase name="character_select stage - knight not alive" classname="stage_charachter_select.spec.js" time="1.097">
</testcase>
<testcase name="character_select stage - mage not alive" classname="stage_charachter_select.spec.js" time="0.958">
</testcase>
<testcase name="character_select stage - archer not alive" classname="stage_charachter_select.spec.js" time="0.88">
</testcase>
<testcase name="character_select stage - knight has skip_turn effect" classname="stage_charachter_select.spec.js" time="0.906">
</testcase>
<testcase name="character_select stage - skip_turn effect removed after character selection" classname="stage_charachter_select.spec.js" time="0.866">
</testcase>
</testsuite>
<testsuite name="basic_flow.spec.js" timestamp="2026-01-25T19:15:24.468Z" hostname="mobile-landscape" tests="1" failures="0" skipped="0" time="13.161" errors="0">
<testcase name="basic game flow" classname="basic_flow.spec.js" time="13.161">
</testcase>
</testsuite>
<testsuite name="disconnected.spec.js" timestamp="2026-01-25T19:15:24.468Z" hostname="mobile-landscape" tests="1" failures="0" skipped="0" time="2.008" errors="0">
<testcase name="disconnected player overlay in players menu" classname="disconnected.spec.js" time="2.008">
</testcase>
</testsuite>
<testsuite name="home.spec.js" timestamp="2026-01-25T19:15:24.468Z" hostname="mobile-landscape" tests="4" failures="0" skipped="0" time="4.912" errors="0">
<testcase name="should show error toast when username is empty" classname="home.spec.js" time="1.383">
</testcase>
<testcase name="should show error toast when username is only whitespace" classname="home.spec.js" time="1.39">
</testcase>
<testcase name="should allow joining game with valid username" classname="home.spec.js" time="1.054">
</testcase>
<testcase name="should trim whitespace from username when joining" classname="home.spec.js" time="1.085">
</testcase>
</testsuite>
<testsuite name="minimum_players.spec.js" timestamp="2026-01-25T19:15:24.468Z" hostname="mobile-landscape" tests="2" failures="0" skipped="0" time="1.238" errors="0">
<testcase name="minimum player overlay appears with single player" classname="minimum_players.spec.js" time="0.586">
</testcase>
<testcase name="minimum player overlay not present with two players" classname="minimum_players.spec.js" time="0.652">
</testcase>
</testsuite>
<testsuite name="players_menu.spec.js" timestamp="2026-01-25T19:15:24.468Z" hostname="mobile-landscape" tests="1" failures="0" skipped="0" time="2.103" errors="0">
<testcase name="players menu minified by default with global toggle" classname="players_menu.spec.js" time="2.103">
</testcase>
</testsuite>
<testsuite name="shared_area.spec.js" timestamp="2026-01-25T19:15:24.468Z" hostname="mobile-landscape" tests="2" failures="0" skipped="0" time="3.755" errors="0">
<testcase name="shared area dynamic alignment - character selection stage" classname="shared_area.spec.js" time="1.85">
</testcase>
<testcase name="shared area dynamic alignment - opponent selection stage" classname="shared_area.spec.js" time="1.905">
</testcase>
</testsuite>
<testsuite name="stage_ability_selection.spec.js" timestamp="2026-01-25T19:15:24.468Z" hostname="mobile-landscape" tests="3" failures="0" skipped="0" time="3.294" errors="0">
<testcase name="ability_selection stage - knight (BATTLE_HOWL) skips to opponent_selection" classname="stage_ability_selection.spec.js" time="1.073">
</testcase>
<testcase name="ability_selection stage - archer (BOUNCING_ARROW) skips to opponent_selection" classname="stage_ability_selection.spec.js" time="1.111">
</testcase>
<testcase name="ability_selection stage - mage (FREEZE) goes to ability_opponent_selection" classname="stage_ability_selection.spec.js" time="1.11">
</testcase>
</testsuite>
<testsuite name="stage_battle.spec.js" timestamp="2026-01-25T19:15:24.468Z" hostname="mobile-landscape" tests="5" failures="0" skipped="0" time="15.181" errors="0">
<testcase name="battle stage - player 1 wins" classname="stage_battle.spec.js" time="3.021">
</testcase>
<testcase name="battle stage - player 2 wins" classname="stage_battle.spec.js" time="2.983">
</testcase>
<testcase name="battle stage - draw with reroll" classname="stage_battle.spec.js" time="2.933">
</testcase>
<testcase name="battle stage - reroll effect after loss" classname="stage_battle.spec.js" time="3.167">
</testcase>
<testcase name="battle stage - draw with attack bonus effect" classname="stage_battle.spec.js" time="3.077">
</testcase>
</testsuite>
<testsuite name="stage_card_draw.spec.js" timestamp="2026-01-25T19:15:24.468Z" hostname="mobile-landscape" tests="4" failures="2" skipped="0" time="62.562" errors="0">
<testcase name="card_draw stage - knight draws metal_armor successfully" classname="stage_card_draw.spec.js" time="1.21">
</testcase>
<testcase name="card_draw stage - archer draws sacred_sword (restricted)" classname="stage_card_draw.spec.js" time="1.255">
</testcase>
<testcase name="card_draw stage - knight draws golden_apple and heals" classname="stage_card_draw.spec.js" time="30.056">
<failure message="stage_card_draw.spec.js:134:1 card_draw stage - knight draws golden_apple and heals" type="FAILURE">
<![CDATA[  [mobile-landscape] › stage_card_draw.spec.js:134:1 › card_draw stage - knight draws golden_apple and heals 

    Test timeout of 30000ms exceeded.

    Error: locator.click: Test timeout of 30000ms exceeded.
    Call log:
      - waiting for getByRole('button', { name: 'Expand all players' })


      162 |   // Expand players again (state resets on stage transition) to see knight's health after healing
      163 |   const expandButtonAfter = page.getByRole("button", { name: "Expand all players" });
    > 164 |   await expandButtonAfter.click();
          |                           ^
      165 |
      166 |   // Verify knight healed to 2 health
      167 |   await expect(knightCard).toContainText("[2/2]");
        at /home/runner/work/heroes-of-talisman/heroes-of-talisman/e2e/stage_card_draw.spec.js:164:27

    Error Context: ../test-results/stage_card_draw-card-draw--6c764-raws-golden-apple-and-heals-mobile-landscape/error-context.md
]]>
</failure>
<system-out>
<![CDATA[
[[ATTACHMENT|../test-results/stage_card_draw-card-draw--6c764-raws-golden-apple-and-heals-mobile-landscape/error-context.md]]
]]>
</system-out>
</testcase>
<testcase name="card_draw stage - knight at max health draws golden_apple (no overheal)" classname="stage_card_draw.spec.js" time="30.041">
<failure message="stage_card_draw.spec.js:198:1 card_draw stage - knight at max health draws golden_apple (no overheal)" type="FAILURE">
<![CDATA[  [mobile-landscape] › stage_card_draw.spec.js:198:1 › card_draw stage - knight at max health draws golden_apple (no overheal) 

    Test timeout of 30000ms exceeded.

    Error: locator.click: Test timeout of 30000ms exceeded.
    Call log:
      - waiting for getByRole('button', { name: 'Expand all players' })


      212 |   // Expand players again (state resets on stage transition) to see knight's health after card
      213 |   const expandButtonAfter = page.getByRole("button", { name: "Expand all players" });
    > 214 |   await expandButtonAfter.click();
          |                           ^
      215 |
      216 |   // Verify knight is still at max health (no overheal)
      217 |   await expect(knightCard).toContainText("[2/2]");
        at /home/runner/work/heroes-of-talisman/heroes-of-talisman/e2e/stage_card_draw.spec.js:214:27

    Error Context: ../test-results/stage_card_draw-card-draw--93d68-s-golden-apple-no-overheal--mobile-landscape/error-context.md
]]>
</failure>
<system-out>
<![CDATA[
[[ATTACHMENT|../test-results/stage_card_draw-card-draw--93d68-s-golden-apple-no-overheal--mobile-landscape/error-context.md]]
]]>
</system-out>
</testcase>
</testsuite>
<testsuite name="stage_charachter_select.spec.js" timestamp="2026-01-25T19:15:24.468Z" hostname="mobile-landscape" tests="5" failures="0" skipped="0" time="5.186" errors="0">
<testcase name="character_select stage - knight not alive" classname="stage_charachter_select.spec.js" time="1.113">
</testcase>
<testcase name="character_select stage - mage not alive" classname="stage_charachter_select.spec.js" time="1.099">
</testcase>
<testcase name="character_select stage - archer not alive" classname="stage_charachter_select.spec.js" time="1.084">
</testcase>
<testcase name="character_select stage - knight has skip_turn effect" classname="stage_charachter_select.spec.js" time="1">
</testcase>
<testcase name="character_select stage - skip_turn effect removed after character selection" classname="stage_charachter_select.spec.js" time="0.89">
</testcase>
</testsuite>
</testsuites>