<testsuites id="" name="" tests="48" failures="0" skipped="0" errors="0" time="103.06969099999999">
<testsuite name="basic_flow.spec.js" timestamp="2026-01-18T10:51:03.993Z" hostname="chromium" tests="1" failures="0" skipped="0" time="9.428" errors="0">
<testcase name="basic game flow" classname="basic_flow.spec.js" time="9.428">
</testcase>
</testsuite>
<testsuite name="disconnected.spec.js" timestamp="2026-01-18T10:51:03.993Z" hostname="chromium" tests="1" failures="0" skipped="0" time="1.851" errors="0">
<testcase name="disconnected player overlay in players menu" classname="disconnected.spec.js" time="1.851">
</testcase>
</testsuite>
<testsuite name="home.spec.js" timestamp="2026-01-18T10:51:03.993Z" hostname="chromium" tests="4" failures="0" skipped="0" time="3.111" errors="0">
<testcase name="should show error toast when username is empty" classname="home.spec.js" time="0.82">
</testcase>
<testcase name="should show error toast when username is only whitespace" classname="home.spec.js" time="0.802">
</testcase>
<testcase name="should allow joining game with valid username" classname="home.spec.js" time="0.713">
</testcase>
<testcase name="should trim whitespace from username when joining" classname="home.spec.js" time="0.776">
</testcase>
</testsuite>
<testsuite name="minimum_players.spec.js" timestamp="2026-01-18T10:51:03.993Z" hostname="chromium" tests="2" failures="0" skipped="0" time="1.029" errors="0">
<testcase name="minimum player overlay appears with single player" classname="minimum_players.spec.js" time="0.514">
</testcase>
<testcase name="minimum player overlay not present with two players" classname="minimum_players.spec.js" time="0.515">
</testcase>
</testsuite>
<testsuite name="players_menu.spec.js" timestamp="2026-01-18T10:51:03.993Z" hostname="chromium" tests="1" failures="0" skipped="0" time="1.827" errors="0">
<testcase name="players menu minified by default with global toggle" classname="players_menu.spec.js" time="1.827">
</testcase>
</testsuite>
<testsuite name="shared_area.spec.js" timestamp="2026-01-18T10:51:03.993Z" hostname="chromium" tests="2" failures="0" skipped="0" time="2.584" errors="0">
<testcase name="shared area dynamic alignment - character selection stage" classname="shared_area.spec.js" time="1.262">
</testcase>
<testcase name="shared area dynamic alignment - opponent selection stage" classname="shared_area.spec.js" time="1.322">
</testcase>
</testsuite>
<testsuite name="stage_ability_selection.spec.js" timestamp="2026-01-18T10:51:03.993Z" hostname="chromium" tests="3" failures="0" skipped="0" time="3.304" errors="0">
<testcase name="ability_selection stage - knight (BATTLE_HOWL) skips to opponent_selection" classname="stage_ability_selection.spec.js" time="1.084">
</testcase>
<testcase name="ability_selection stage - archer (BOUNCING_ARROW) skips to opponent_selection" classname="stage_ability_selection.spec.js" time="1.086">
</testcase>
<testcase name="ability_selection stage - mage (FREEZE) goes to ability_opponent_selection" classname="stage_ability_selection.spec.js" time="1.134">
</testcase>
</testsuite>
<testsuite name="stage_battle.spec.js" timestamp="2026-01-18T10:51:03.993Z" hostname="chromium" tests="5" failures="0" skipped="0" time="15.591" errors="0">
<testcase name="battle stage - player 1 wins" classname="stage_battle.spec.js" time="3.07">
</testcase>
<testcase name="battle stage - player 2 wins" classname="stage_battle.spec.js" time="3.003">
</testcase>
<testcase name="battle stage - draw with reroll" classname="stage_battle.spec.js" time="3.086">
</testcase>
<testcase name="battle stage - reroll effect after loss" classname="stage_battle.spec.js" time="3.111">
</testcase>
<testcase name="battle stage - draw with attack bonus effect" classname="stage_battle.spec.js" time="3.321">
</testcase>
</testsuite>
<testsuite name="stage_charachter_select.spec.js" timestamp="2026-01-18T10:51:03.993Z" hostname="chromium" tests="5" failures="0" skipped="0" time="5.007" errors="0">
<testcase name="character_select stage - knight not alive" classname="stage_charachter_select.spec.js" time="0.997">
</testcase>
<testcase name="character_select stage - mage not alive" classname="stage_charachter_select.spec.js" time="0.86">
</testcase>
<testcase name="character_select stage - archer not alive" classname="stage_charachter_select.spec.js" time="0.949">
</testcase>
<testcase name="character_select stage - knight has skip_turn effect" classname="stage_charachter_select.spec.js" time="0.862">
</testcase>
<testcase name="character_select stage - skip_turn effect removed after character selection" classname="stage_charachter_select.spec.js" time="1.339">
</testcase>
</testsuite>
<testsuite name="basic_flow.spec.js" timestamp="2026-01-18T10:51:03.993Z" hostname="mobile-landscape" tests="1" failures="0" skipped="0" time="11.354" errors="0">
<testcase name="basic game flow" classname="basic_flow.spec.js" time="11.354">
</testcase>
</testsuite>
<testsuite name="disconnected.spec.js" timestamp="2026-01-18T10:51:03.993Z" hostname="mobile-landscape" tests="1" failures="0" skipped="0" time="2.087" errors="0">
<testcase name="disconnected player overlay in players menu" classname="disconnected.spec.js" time="2.087">
</testcase>
</testsuite>
<testsuite name="home.spec.js" timestamp="2026-01-18T10:51:03.993Z" hostname="mobile-landscape" tests="4" failures="0" skipped="0" time="4.935" errors="0">
<testcase name="should show error toast when username is empty" classname="home.spec.js" time="1.435">
</testcase>
<testcase name="should show error toast when username is only whitespace" classname="home.spec.js" time="1.417">
</testcase>
<testcase name="should allow joining game with valid username" classname="home.spec.js" time="1.025">
</testcase>
<testcase name="should trim whitespace from username when joining" classname="home.spec.js" time="1.058">
</testcase>
</testsuite>
<testsuite name="minimum_players.spec.js" timestamp="2026-01-18T10:51:03.993Z" hostname="mobile-landscape" tests="2" failures="0" skipped="0" time="1.295" errors="0">
<testcase name="minimum player overlay appears with single player" classname="minimum_players.spec.js" time="0.649">
</testcase>
<testcase name="minimum player overlay not present with two players" classname="minimum_players.spec.js" time="0.646">
</testcase>
</testsuite>
<testsuite name="players_menu.spec.js" timestamp="2026-01-18T10:51:03.993Z" hostname="mobile-landscape" tests="1" failures="0" skipped="0" time="2.187" errors="0">
<testcase name="players menu minified by default with global toggle" classname="players_menu.spec.js" time="2.187">
</testcase>
</testsuite>
<testsuite name="shared_area.spec.js" timestamp="2026-01-18T10:51:03.993Z" hostname="mobile-landscape" tests="2" failures="0" skipped="0" time="3.714" errors="0">
<testcase name="shared area dynamic alignment - character selection stage" classname="shared_area.spec.js" time="1.803">
</testcase>
<testcase name="shared area dynamic alignment - opponent selection stage" classname="shared_area.spec.js" time="1.911">
</testcase>
</testsuite>
<testsuite name="stage_ability_selection.spec.js" timestamp="2026-01-18T10:51:03.993Z" hostname="mobile-landscape" tests="3" failures="0" skipped="0" time="3.391" errors="0">
<testcase name="ability_selection stage - knight (BATTLE_HOWL) skips to opponent_selection" classname="stage_ability_selection.spec.js" time="1.137">
</testcase>
<testcase name="ability_selection stage - archer (BOUNCING_ARROW) skips to opponent_selection" classname="stage_ability_selection.spec.js" time="1.107">
</testcase>
<testcase name="ability_selection stage - mage (FREEZE) goes to ability_opponent_selection" classname="stage_ability_selection.spec.js" time="1.147">
</testcase>
</testsuite>
<testsuite name="stage_battle.spec.js" timestamp="2026-01-18T10:51:03.993Z" hostname="mobile-landscape" tests="5" failures="0" skipped="0" time="15.06" errors="0">
<testcase name="battle stage - player 1 wins" classname="stage_battle.spec.js" time="2.995">
</testcase>
<testcase name="battle stage - player 2 wins" classname="stage_battle.spec.js" time="3.033">
</testcase>
<testcase name="battle stage - draw with reroll" classname="stage_battle.spec.js" time="2.918">
</testcase>
<testcase name="battle stage - reroll effect after loss" classname="stage_battle.spec.js" time="3.116">
</testcase>
<testcase name="battle stage - draw with attack bonus effect" classname="stage_battle.spec.js" time="2.998">
</testcase>
</testsuite>
<testsuite name="stage_charachter_select.spec.js" timestamp="2026-01-18T10:51:03.993Z" hostname="mobile-landscape" tests="5" failures="0" skipped="0" time="5.204" errors="0">
<testcase name="character_select stage - knight not alive" classname="stage_charachter_select.spec.js" time="0.961">
</testcase>
<testcase name="character_select stage - mage not alive" classname="stage_charachter_select.spec.js" time="0.988">
</testcase>
<testcase name="character_select stage - archer not alive" classname="stage_charachter_select.spec.js" time="0.945">
</testcase>
<testcase name="character_select stage - knight has skip_turn effect" classname="stage_charachter_select.spec.js" time="0.935">
</testcase>
<testcase name="character_select stage - skip_turn effect removed after character selection" classname="stage_charachter_select.spec.js" time="1.375">
</testcase>
</testsuite>
</testsuites>